        -:    0:Source:/Users/IAGO/Desktop/TPI/testEnunciado/flotaTEST.cpp
        -:    0:Graph:/Users/IAGO/Desktop/TPI/cmake-build-debug/CMakeFiles/tpi.dir/testEnunciado/flotaTEST.gcno
        -:    0:Data:/Users/IAGO/Desktop/TPI/cmake-build-debug/CMakeFiles/tpi.dir/testEnunciado/flotaTEST.gcda
        -:    0:Runs:1
        -:    0:Programs:1
        -:    1:#include "../ejercicios.h"
        -:    2:#include "../auxiliares.h"
        -:    3:#include "gtest/gtest.h"
        -:    4:
        -:    5:using namespace std;
        -:    6:
        6:    7:vector<viaje> f = {{
        1:    7-block  0
branch  0 taken 1
branch  1 taken 0
        1:    7-block  1
branch  2 taken 1
branch  3 taken 0
        1:    7-block  2
        1:    7-block  3
    $$$$$:    7-block  4
        1:    7-block  5
    $$$$$:    7-block  6
    $$$$$:    7-block  7
    $$$$$:    7-block  8
    $$$$$:    7-block  9
    $$$$$:    7-block 10
    $$$$$:    7-block 11
    $$$$$:    7-block 12
    $$$$$:    7-block 13
    $$$$$:    7-block 14
    $$$$$:    7-block 15
        1:    8:                   medicion(1.5,puntoGps(2.5, 2.89996)),
        1:    8-block  0
branch  0 taken 1
branch  1 taken 0
        1:    8-block  1
branch  2 taken 1
branch  3 taken 0
        1:    9:                   medicion(1.7,puntoGps(2.5, 2.89997)),
        1:    9-block  0
branch  0 taken 1
branch  1 taken 0
        1:    9-block  1
branch  2 taken 1
branch  3 taken 0
        1:   10:                   medicion(1.9,puntoGps(2.5, 2.89998))},
        1:   10-block  0
branch  0 taken 1
branch  1 taken 0
        1:   10-block  1
branch  2 taken 1
branch  3 taken 0
        4:   11:                   {
        1:   11-block  0
branch  0 taken 1
branch  1 taken 0
        1:   12:                    medicion(2.5,puntoGps(2.5, 2.89996)),
        1:   12-block  0
branch  0 taken 1
branch  1 taken 0
        1:   12-block  1
branch  2 taken 1
branch  3 taken 0
        1:   13:                    medicion(2.6,puntoGps(2.5, 2.89997)),
        1:   13-block  0
branch  0 taken 1
branch  1 taken 0
        1:   13-block  1
branch  2 taken 1
branch  3 taken 0
        1:   14:                    medicion(2.7,puntoGps(2.5, 2.89998))},
        1:   14-block  0
branch  0 taken 1
branch  1 taken 0
        1:   14-block  1
branch  2 taken 1
branch  3 taken 0
        4:   15:                   {
        1:   15-block  0
branch  0 taken 1
branch  1 taken 0
        1:   16:                    medicion(0.5,puntoGps(2.5, 2.89996)),
        1:   16-block  0
branch  0 taken 1
branch  1 taken 0
        1:   16-block  1
branch  2 taken 1
branch  3 taken 0
        1:   17:                    medicion(0.6,puntoGps(2.5, 2.89997)),
        1:   17-block  0
branch  0 taken 1
branch  1 taken 0
        1:   17-block  1
branch  2 taken 1
branch  3 taken 0
        1:   18:                    medicion(0.7,puntoGps(2.5, 2.89998))},
        1:   18-block  0
branch  0 taken 1
branch  1 taken 0
        1:   18-block  1
branch  2 taken 1
branch  3 taken 0
        -:   19:                   };
        -:   20:
function _ZN38flotaTotalTEST_todosAntesDeFranja_Test8TestBodyEv called 1 returned 100% blocks executed 33%
function _ZN38flotaTotalTEST_todosAntesDeFranja_TestD1Ev called 1 returned 100% blocks executed 100%
function _ZN38flotaTotalTEST_todosAntesDeFranja_TestD0Ev called 1 returned 100% blocks executed 100%
function _ZN38flotaTotalTEST_todosAntesDeFranja_TestC1Ev called 1 returned 100% blocks executed 100%
function _ZN38flotaTotalTEST_todosAntesDeFranja_TestC2Ev called 1 returned 100% blocks executed 100%
function _ZN38flotaTotalTEST_todosAntesDeFranja_TestD2Ev called 1 returned 100% blocks executed 100%
        4:   21:TEST(flotaTotalTEST, todosAntesDeFranja){
        1:   21-block  0
branch  0 taken 1
branch  1 taken 0
        1:   21-block  1
branch  2 taken 1
branch  3 taken 0
        1:   21-block  2
branch  4 taken 1
branch  5 taken 0
        1:   21-block  3
branch  6 taken 1
branch  7 taken 0
        1:   21-block  4
branch  8 taken 1
branch  9 taken 0
        1:   21-block  5
    $$$$$:   21-block  6
    $$$$$:   21-block  7
    $$$$$:   21-block  8
    $$$$$:   21-block  9
    $$$$$:   21-block 10
    $$$$$:   21-block 11
        1:   21-block 12
        1:   21-block 13
        1:   22:    EXPECT_EQ(flota(f,3.0,5.0),0);
        1:   22-block  0
branch  0 taken 1
branch  1 taken 0
        1:   22-block  1
branch  2 taken 1
branch  3 taken 0
        1:   22-block  2
branch  4 taken 1
branch  5 taken 0
        1:   22-block  3
branch  6 taken 0
branch  7 taken 1
        1:   22-block  4
    $$$$$:   22-block  5
    $$$$$:   22-block  6
branch  8 never executed
branch  9 never executed
    $$$$$:   22-block  7
branch 10 never executed
branch 11 never executed
    $$$$$:   22-block  8
branch 12 never executed
branch 13 never executed
    $$$$$:   22-block  9
branch 14 never executed
branch 15 never executed
    $$$$$:   22-block 10
    $$$$$:   22-block 11
    $$$$$:   22-block 12
    $$$$$:   22-block 13
    $$$$$:   22-block 14
        1:   23:}
    $$$$$:   23-block  0
    $$$$$:   23-block  1
        1:   23-block  2
        -:   24:
function _ZN34flotaTotalTEST_AlgunosAdentro_Test8TestBodyEv called 1 returned 100% blocks executed 33%
function _ZN34flotaTotalTEST_AlgunosAdentro_TestD1Ev called 1 returned 100% blocks executed 100%
function _ZN34flotaTotalTEST_AlgunosAdentro_TestD0Ev called 1 returned 100% blocks executed 100%
function _ZN34flotaTotalTEST_AlgunosAdentro_TestC1Ev called 1 returned 100% blocks executed 100%
function _ZN34flotaTotalTEST_AlgunosAdentro_TestC2Ev called 1 returned 100% blocks executed 100%
function _ZN34flotaTotalTEST_AlgunosAdentro_TestD2Ev called 1 returned 100% blocks executed 100%
        4:   25:TEST(flotaTotalTEST, AlgunosAdentro){
        1:   25-block  0
branch  0 taken 1
branch  1 taken 0
        1:   25-block  1
branch  2 taken 1
branch  3 taken 0
        1:   25-block  2
branch  4 taken 1
branch  5 taken 0
        1:   25-block  3
branch  6 taken 1
branch  7 taken 0
        1:   25-block  4
branch  8 taken 1
branch  9 taken 0
        1:   25-block  5
    $$$$$:   25-block  6
    $$$$$:   25-block  7
    $$$$$:   25-block  8
    $$$$$:   25-block  9
    $$$$$:   25-block 10
    $$$$$:   25-block 11
        1:   25-block 12
        1:   25-block 13
        1:   26:    EXPECT_EQ(flota(f, 1.8,2.55),2);
        1:   26-block  0
branch  0 taken 1
branch  1 taken 0
        1:   26-block  1
branch  2 taken 1
branch  3 taken 0
        1:   26-block  2
branch  4 taken 1
branch  5 taken 0
        1:   26-block  3
branch  6 taken 0
branch  7 taken 1
        1:   26-block  4
    $$$$$:   26-block  5
    $$$$$:   26-block  6
branch  8 never executed
branch  9 never executed
    $$$$$:   26-block  7
branch 10 never executed
branch 11 never executed
    $$$$$:   26-block  8
branch 12 never executed
branch 13 never executed
    $$$$$:   26-block  9
branch 14 never executed
branch 15 never executed
    $$$$$:   26-block 10
    $$$$$:   26-block 11
    $$$$$:   26-block 12
    $$$$$:   26-block 13
    $$$$$:   26-block 14
        1:   27:}
    $$$$$:   27-block  0
    $$$$$:   27-block  1
        1:   27-block  2
        -:   28:
