        -:    0:Source:/Applications/Xcode.app/Contents/Developer/Platforms/MacOSX.platform/Developer/SDKs/MacOSX12.3.sdk/usr/include/c++/v1/vector
        -:    0:Graph:/Users/IAGO/Desktop/TPI/cmake-build-debug/CMakeFiles/tpi.dir/testEnunciado/flotaTEST.gcno
        -:    0:Data:/Users/IAGO/Desktop/TPI/cmake-build-debug/CMakeFiles/tpi.dir/testEnunciado/flotaTEST.gcda
        -:    0:Runs:1
        -:    0:Programs:1
        -:    1:// -*- C++ -*-
        -:    2://===------------------------------ vector --------------------------------===//
        -:    3://
        -:    4:// Part of the LLVM Project, under the Apache License v2.0 with LLVM Exceptions.
        -:    5:// See https://llvm.org/LICENSE.txt for license information.
        -:    6:// SPDX-License-Identifier: Apache-2.0 WITH LLVM-exception
        -:    7://
        -:    8://===----------------------------------------------------------------------===//
        -:    9:
        -:   10:#ifndef _LIBCPP_VECTOR
        -:   11:#define _LIBCPP_VECTOR
        -:   12:
        -:   13:/*
        -:   14:    vector synopsis
        -:   15:
        -:   16:namespace std
        -:   17:{
        -:   18:
        -:   19:template <class T, class Allocator = allocator<T> >
        -:   20:class vector
        -:   21:{
        -:   22:public:
        -:   23:    typedef T                                        value_type;
        -:   24:    typedef Allocator                                allocator_type;
        -:   25:    typedef typename allocator_type::reference       reference;
        -:   26:    typedef typename allocator_type::const_reference const_reference;
        -:   27:    typedef implementation-defined                   iterator;
        -:   28:    typedef implementation-defined                   const_iterator;
        -:   29:    typedef typename allocator_type::size_type       size_type;
        -:   30:    typedef typename allocator_type::difference_type difference_type;
        -:   31:    typedef typename allocator_type::pointer         pointer;
        -:   32:    typedef typename allocator_type::const_pointer   const_pointer;
        -:   33:    typedef std::reverse_iterator<iterator>          reverse_iterator;
        -:   34:    typedef std::reverse_iterator<const_iterator>    const_reverse_iterator;
        -:   35:
        -:   36:    vector()
        -:   37:        noexcept(is_nothrow_default_constructible<allocator_type>::value);
        -:   38:    explicit vector(const allocator_type&);
        -:   39:    explicit vector(size_type n);
        -:   40:    explicit vector(size_type n, const allocator_type&); // C++14
        -:   41:    vector(size_type n, const value_type& value, const allocator_type& = allocator_type());
        -:   42:    template <class InputIterator>
        -:   43:        vector(InputIterator first, InputIterator last, const allocator_type& = allocator_type());
        -:   44:    vector(const vector& x);
        -:   45:    vector(vector&& x)
        -:   46:        noexcept(is_nothrow_move_constructible<allocator_type>::value);
        -:   47:    vector(initializer_list<value_type> il);
        -:   48:    vector(initializer_list<value_type> il, const allocator_type& a);
        -:   49:    ~vector();
        -:   50:    vector& operator=(const vector& x);
        -:   51:    vector& operator=(vector&& x)
        -:   52:        noexcept(
        -:   53:             allocator_type::propagate_on_container_move_assignment::value ||
        -:   54:             allocator_type::is_always_equal::value); // C++17
        -:   55:    vector& operator=(initializer_list<value_type> il);
        -:   56:    template <class InputIterator>
        -:   57:        void assign(InputIterator first, InputIterator last);
        -:   58:    void assign(size_type n, const value_type& u);
        -:   59:    void assign(initializer_list<value_type> il);
        -:   60:
        -:   61:    allocator_type get_allocator() const noexcept;
        -:   62:
        -:   63:    iterator               begin() noexcept;
        -:   64:    const_iterator         begin()   const noexcept;
        -:   65:    iterator               end() noexcept;
        -:   66:    const_iterator         end()     const noexcept;
        -:   67:
        -:   68:    reverse_iterator       rbegin() noexcept;
        -:   69:    const_reverse_iterator rbegin()  const noexcept;
        -:   70:    reverse_iterator       rend() noexcept;
        -:   71:    const_reverse_iterator rend()    const noexcept;
        -:   72:
        -:   73:    const_iterator         cbegin()  const noexcept;
        -:   74:    const_iterator         cend()    const noexcept;
        -:   75:    const_reverse_iterator crbegin() const noexcept;
        -:   76:    const_reverse_iterator crend()   const noexcept;
        -:   77:
        -:   78:    size_type size() const noexcept;
        -:   79:    size_type max_size() const noexcept;
        -:   80:    size_type capacity() const noexcept;
        -:   81:    bool empty() const noexcept;
        -:   82:    void reserve(size_type n);
        -:   83:    void shrink_to_fit() noexcept;
        -:   84:
        -:   85:    reference       operator[](size_type n);
        -:   86:    const_reference operator[](size_type n) const;
        -:   87:    reference       at(size_type n);
        -:   88:    const_reference at(size_type n) const;
        -:   89:
        -:   90:    reference       front();
        -:   91:    const_reference front() const;
        -:   92:    reference       back();
        -:   93:    const_reference back() const;
        -:   94:
        -:   95:    value_type*       data() noexcept;
        -:   96:    const value_type* data() const noexcept;
        -:   97:
        -:   98:    void push_back(const value_type& x);
        -:   99:    void push_back(value_type&& x);
        -:  100:    template <class... Args>
        -:  101:        reference emplace_back(Args&&... args); // reference in C++17
        -:  102:    void pop_back();
        -:  103:
        -:  104:    template <class... Args> iterator emplace(const_iterator position, Args&&... args);
        -:  105:    iterator insert(const_iterator position, const value_type& x);
        -:  106:    iterator insert(const_iterator position, value_type&& x);
        -:  107:    iterator insert(const_iterator position, size_type n, const value_type& x);
        -:  108:    template <class InputIterator>
        -:  109:        iterator insert(const_iterator position, InputIterator first, InputIterator last);
        -:  110:    iterator insert(const_iterator position, initializer_list<value_type> il);
        -:  111:
        -:  112:    iterator erase(const_iterator position);
        -:  113:    iterator erase(const_iterator first, const_iterator last);
        -:  114:
        -:  115:    void clear() noexcept;
        -:  116:
        -:  117:    void resize(size_type sz);
        -:  118:    void resize(size_type sz, const value_type& c);
        -:  119:
        -:  120:    void swap(vector&)
        -:  121:        noexcept(allocator_traits<allocator_type>::propagate_on_container_swap::value ||
        -:  122:                 allocator_traits<allocator_type>::is_always_equal::value);  // C++17
        -:  123:
        -:  124:    bool __invariants() const;
        -:  125:};
        -:  126:
        -:  127:template <class Allocator = allocator<T> >
        -:  128:class vector<bool, Allocator>
        -:  129:{
        -:  130:public:
        -:  131:    typedef bool                                     value_type;
        -:  132:    typedef Allocator                                allocator_type;
        -:  133:    typedef implementation-defined                   iterator;
        -:  134:    typedef implementation-defined                   const_iterator;
        -:  135:    typedef typename allocator_type::size_type       size_type;
        -:  136:    typedef typename allocator_type::difference_type difference_type;
        -:  137:    typedef iterator                                 pointer;
        -:  138:    typedef const_iterator                           const_pointer;
        -:  139:    typedef std::reverse_iterator<iterator>          reverse_iterator;
        -:  140:    typedef std::reverse_iterator<const_iterator>    const_reverse_iterator;
        -:  141:
        -:  142:    class reference
        -:  143:    {
        -:  144:    public:
        -:  145:        reference(const reference&) noexcept;
        -:  146:        operator bool() const noexcept;
        -:  147:        reference& operator=(bool x) noexcept;
        -:  148:        reference& operator=(const reference& x) noexcept;
        -:  149:        iterator operator&() const noexcept;
        -:  150:        void flip() noexcept;
        -:  151:    };
        -:  152:
        -:  153:    class const_reference
        -:  154:    {
        -:  155:    public:
        -:  156:        const_reference(const reference&) noexcept;
        -:  157:        operator bool() const noexcept;
        -:  158:        const_iterator operator&() const noexcept;
        -:  159:    };
        -:  160:
        -:  161:    vector()
        -:  162:        noexcept(is_nothrow_default_constructible<allocator_type>::value);
        -:  163:    explicit vector(const allocator_type&);
        -:  164:    explicit vector(size_type n, const allocator_type& a = allocator_type()); // C++14
        -:  165:    vector(size_type n, const value_type& value, const allocator_type& = allocator_type());
        -:  166:    template <class InputIterator>
        -:  167:        vector(InputIterator first, InputIterator last, const allocator_type& = allocator_type());
        -:  168:    vector(const vector& x);
        -:  169:    vector(vector&& x)
        -:  170:        noexcept(is_nothrow_move_constructible<allocator_type>::value);
        -:  171:    vector(initializer_list<value_type> il);
        -:  172:    vector(initializer_list<value_type> il, const allocator_type& a);
        -:  173:    ~vector();
        -:  174:    vector& operator=(const vector& x);
        -:  175:    vector& operator=(vector&& x)
        -:  176:        noexcept(
        -:  177:             allocator_type::propagate_on_container_move_assignment::value ||
        -:  178:             allocator_type::is_always_equal::value); // C++17
        -:  179:    vector& operator=(initializer_list<value_type> il);
        -:  180:    template <class InputIterator>
        -:  181:        void assign(InputIterator first, InputIterator last);
        -:  182:    void assign(size_type n, const value_type& u);
        -:  183:    void assign(initializer_list<value_type> il);
        -:  184:
        -:  185:    allocator_type get_allocator() const noexcept;
        -:  186:
        -:  187:    iterator               begin() noexcept;
        -:  188:    const_iterator         begin()   const noexcept;
        -:  189:    iterator               end() noexcept;
        -:  190:    const_iterator         end()     const noexcept;
        -:  191:
        -:  192:    reverse_iterator       rbegin() noexcept;
        -:  193:    const_reverse_iterator rbegin()  const noexcept;
        -:  194:    reverse_iterator       rend() noexcept;
        -:  195:    const_reverse_iterator rend()    const noexcept;
        -:  196:
        -:  197:    const_iterator         cbegin()  const noexcept;
        -:  198:    const_iterator         cend()    const noexcept;
        -:  199:    const_reverse_iterator crbegin() const noexcept;
        -:  200:    const_reverse_iterator crend()   const noexcept;
        -:  201:
        -:  202:    size_type size() const noexcept;
        -:  203:    size_type max_size() const noexcept;
        -:  204:    size_type capacity() const noexcept;
        -:  205:    bool empty() const noexcept;
        -:  206:    void reserve(size_type n);
        -:  207:    void shrink_to_fit() noexcept;
        -:  208:
        -:  209:    reference       operator[](size_type n);
        -:  210:    const_reference operator[](size_type n) const;
        -:  211:    reference       at(size_type n);
        -:  212:    const_reference at(size_type n) const;
        -:  213:
        -:  214:    reference       front();
        -:  215:    const_reference front() const;
        -:  216:    reference       back();
        -:  217:    const_reference back() const;
        -:  218:
        -:  219:    void push_back(const value_type& x);
        -:  220:    template <class... Args> reference emplace_back(Args&&... args);  // C++14; reference in C++17
        -:  221:    void pop_back();
        -:  222:
        -:  223:    template <class... Args> iterator emplace(const_iterator position, Args&&... args);  // C++14
        -:  224:    iterator insert(const_iterator position, const value_type& x);
        -:  225:    iterator insert(const_iterator position, size_type n, const value_type& x);
        -:  226:    template <class InputIterator>
        -:  227:        iterator insert(const_iterator position, InputIterator first, InputIterator last);
        -:  228:    iterator insert(const_iterator position, initializer_list<value_type> il);
        -:  229:
        -:  230:    iterator erase(const_iterator position);
        -:  231:    iterator erase(const_iterator first, const_iterator last);
        -:  232:
        -:  233:    void clear() noexcept;
        -:  234:
        -:  235:    void resize(size_type sz);
        -:  236:    void resize(size_type sz, value_type x);
        -:  237:
        -:  238:    void swap(vector&)
        -:  239:        noexcept(allocator_traits<allocator_type>::propagate_on_container_swap::value ||
        -:  240:                 allocator_traits<allocator_type>::is_always_equal::value);  // C++17
        -:  241:    void flip() noexcept;
        -:  242:
        -:  243:    bool __invariants() const;
        -:  244:};
        -:  245:
        -:  246:template <class InputIterator, class Allocator = allocator<typename iterator_traits<InputIterator>::value_type>>
        -:  247:   vector(InputIterator, InputIterator, Allocator = Allocator())
        -:  248:   -> vector<typename iterator_traits<InputIterator>::value_type, Allocator>;
        -:  249:
        -:  250:template <class Allocator> struct hash<std::vector<bool, Allocator>>;
        -:  251:
        -:  252:template <class T, class Allocator> bool operator==(const vector<T,Allocator>& x, const vector<T,Allocator>& y);
        -:  253:template <class T, class Allocator> bool operator< (const vector<T,Allocator>& x, const vector<T,Allocator>& y);
        -:  254:template <class T, class Allocator> bool operator!=(const vector<T,Allocator>& x, const vector<T,Allocator>& y);
        -:  255:template <class T, class Allocator> bool operator> (const vector<T,Allocator>& x, const vector<T,Allocator>& y);
        -:  256:template <class T, class Allocator> bool operator>=(const vector<T,Allocator>& x, const vector<T,Allocator>& y);
        -:  257:template <class T, class Allocator> bool operator<=(const vector<T,Allocator>& x, const vector<T,Allocator>& y);
        -:  258:
        -:  259:template <class T, class Allocator>
        -:  260:void swap(vector<T,Allocator>& x, vector<T,Allocator>& y)
        -:  261:    noexcept(noexcept(x.swap(y)));
        -:  262:
        -:  263:template <class T, class Allocator, class U>
        -:  264:typename vector<T, Allocator>::size_type
        -:  265:erase(vector<T, Allocator>& c, const U& value);       // C++20
        -:  266:template <class T, class Allocator, class Predicate>
        -:  267:typename vector<T, Allocator>::size_type
        -:  268:erase_if(vector<T, Allocator>& c, Predicate pred);    // C++20
        -:  269:
        -:  270:}  // std
        -:  271:
        -:  272:*/
        -:  273:
        -:  274:#include <__config>
        -:  275:#include <__bit_reference>
        -:  276:#include <__debug>
        -:  277:#include <__functional_base>
        -:  278:#include <__iterator/wrap_iter.h>
        -:  279:#include <__split_buffer>
        -:  280:#include <__utility/forward.h>
        -:  281:#include <algorithm>
        -:  282:#include <climits>
        -:  283:#include <compare>
        -:  284:#include <cstdlib>
        -:  285:#include <cstring>
        -:  286:#include <initializer_list>
        -:  287:#include <iosfwd> // for forward declaration of vector
        -:  288:#include <limits>
        -:  289:#include <memory>
        -:  290:#include <stdexcept>
        -:  291:#include <type_traits>
        -:  292:#include <version>
        -:  293:
        -:  294:#if !defined(_LIBCPP_HAS_NO_PRAGMA_SYSTEM_HEADER)
        -:  295:#pragma GCC system_header
        -:  296:#endif
        -:  297:
        -:  298:_LIBCPP_PUSH_MACROS
        -:  299:#include <__undef_macros>
        -:  300:
        -:  301:
        -:  302:_LIBCPP_BEGIN_NAMESPACE_STD
        -:  303:
        -:  304:template <bool>
        -:  305:class _LIBCPP_TEMPLATE_VIS __vector_base_common
        -:  306:{
        -:  307:protected:
function _ZNSt3__120__vector_base_commonILb1EEC2Ev called 6 returned 100% blocks executed 100%
        6:  308:    _LIBCPP_INLINE_VISIBILITY __vector_base_common() {}
        6:  308-block  0
        -:  309:    _LIBCPP_NORETURN void __throw_length_error() const;
        -:  310:    _LIBCPP_NORETURN void __throw_out_of_range() const;
        -:  311:};
        -:  312:
        -:  313:template <bool __b>
        -:  314:void
        -:  315:__vector_base_common<__b>::__throw_length_error() const
        -:  316:{
        -:  317:    _VSTD::__throw_length_error("vector");
        -:  318:}
        -:  319:
        -:  320:template <bool __b>
        -:  321:void
        -:  322:__vector_base_common<__b>::__throw_out_of_range() const
        -:  323:{
        -:  324:    _VSTD::__throw_out_of_range("vector");
        -:  325:}
        -:  326:
        -:  327:_LIBCPP_EXTERN_TEMPLATE(class _LIBCPP_EXTERN_TEMPLATE_TYPE_VIS __vector_base_common<true>)
        -:  328:
        -:  329:template <class _Tp, class _Allocator>
        -:  330:class __vector_base
        -:  331:    : protected __vector_base_common<true>
        -:  332:{
        -:  333:public:
        -:  334:    typedef _Allocator                               allocator_type;
        -:  335:    typedef allocator_traits<allocator_type>         __alloc_traits;
        -:  336:    typedef typename __alloc_traits::size_type       size_type;
        -:  337:protected:
        -:  338:    typedef _Tp                                      value_type;
        -:  339:    typedef value_type&                              reference;
        -:  340:    typedef const value_type&                        const_reference;
        -:  341:    typedef typename __alloc_traits::difference_type difference_type;
        -:  342:    typedef typename __alloc_traits::pointer         pointer;
        -:  343:    typedef typename __alloc_traits::const_pointer   const_pointer;
        -:  344:    typedef pointer                                  iterator;
        -:  345:    typedef const_pointer                            const_iterator;
        -:  346:
        -:  347:    pointer                                         __begin_;
        -:  348:    pointer                                         __end_;
        -:  349:    __compressed_pair<pointer, allocator_type> __end_cap_;
        -:  350:
        -:  351:    _LIBCPP_INLINE_VISIBILITY
function _ZNSt3__113__vector_baseINS_5tupleIJdNS1_IJddEEEEEENS_9allocatorIS3_EEE7__allocEv called 0 returned 0% blocks executed 0%
function _ZNSt3__113__vector_baseINS_6vectorINS_5tupleIJdNS2_IJddEEEEEENS_9allocatorIS4_EEEENS5_IS7_EEE7__allocEv called 14 returned 100% blocks executed 100%
       14:  352:    allocator_type& __alloc() _NOEXCEPT
       14:  353:        {return __end_cap_.second();}
    $$$$$:  353-block  0
       14:  353-block  1
        -:  354:    _LIBCPP_INLINE_VISIBILITY
function _ZNKSt3__113__vector_baseINS_5tupleIJdNS1_IJddEEEEEENS_9allocatorIS3_EEE7__allocEv called 0 returned 0% blocks executed 0%
function _ZNKSt3__113__vector_baseINS_6vectorINS_5tupleIJdNS2_IJddEEEEEENS_9allocatorIS4_EEEENS5_IS7_EEE7__allocEv called 5 returned 100% blocks executed 100%
        5:  355:    const allocator_type& __alloc() const _NOEXCEPT
        5:  356:        {return __end_cap_.second();}
    $$$$$:  356-block  0
        5:  356-block  1
        -:  357:    _LIBCPP_INLINE_VISIBILITY
function _ZNSt3__113__vector_baseINS_5tupleIJdNS1_IJddEEEEEENS_9allocatorIS3_EEE9__end_capEv called 0 returned 0% blocks executed 0%
function _ZNSt3__113__vector_baseINS_6vectorINS_5tupleIJdNS2_IJddEEEEEENS_9allocatorIS4_EEEENS5_IS7_EEE9__end_capEv called 3 returned 100% blocks executed 100%
        3:  358:    pointer& __end_cap() _NOEXCEPT
        3:  359:        {return __end_cap_.first();}
    $$$$$:  359-block  0
        3:  359-block  1
        -:  360:    _LIBCPP_INLINE_VISIBILITY
function _ZNKSt3__113__vector_baseINS_5tupleIJdNS1_IJddEEEEEENS_9allocatorIS3_EEE9__end_capEv called 18 returned 100% blocks executed 100%
function _ZNKSt3__113__vector_baseINS_6vectorINS_5tupleIJdNS2_IJddEEEEEENS_9allocatorIS4_EEEENS5_IS7_EEE9__end_capEv called 12 returned 100% blocks executed 100%
       30:  361:    const pointer& __end_cap() const _NOEXCEPT
       30:  362:        {return __end_cap_.first();}
       18:  362-block  0
       12:  362-block  1
        -:  363:
        -:  364:    _LIBCPP_INLINE_VISIBILITY
        4:  365:    __vector_base()
        3:  365-block  0
branch  0 taken 3
branch  1 taken 0
    $$$$$:  365-block  1
        -:  366:        _NOEXCEPT_(is_nothrow_default_constructible<allocator_type>::value);
        -:  367:    _LIBCPP_INLINE_VISIBILITY __vector_base(const allocator_type& __a);
        -:  368:#ifndef _LIBCPP_CXX03_LANG
        2:  369:    _LIBCPP_INLINE_VISIBILITY __vector_base(allocator_type&& __a) _NOEXCEPT;
        -:  370:#endif
        -:  371:    ~__vector_base();
        -:  372:
        -:  373:    _LIBCPP_INLINE_VISIBILITY
function _ZNSt3__113__vector_baseINS_5tupleIJdNS1_IJddEEEEEENS_9allocatorIS3_EEE5clearEv called 0 returned 0% blocks executed 0%
function _ZNSt3__113__vector_baseINS_6vectorINS_5tupleIJdNS2_IJddEEEEEENS_9allocatorIS4_EEEENS5_IS7_EEE5clearEv called 2 returned 100% blocks executed 100%
        2:  374:    void clear() _NOEXCEPT {__destruct_at_end(__begin_);}
    $$$$$:  374-block  0
        2:  374-block  1
        -:  375:    _LIBCPP_INLINE_VISIBILITY
function _ZNKSt3__113__vector_baseINS_5tupleIJdNS1_IJddEEEEEENS_9allocatorIS3_EEE8capacityEv called 18 returned 100% blocks executed 100%
function _ZNKSt3__113__vector_baseINS_6vectorINS_5tupleIJdNS2_IJddEEEEEENS_9allocatorIS4_EEEENS5_IS7_EEE8capacityEv called 12 returned 100% blocks executed 100%
       30:  376:    size_type capacity() const _NOEXCEPT
       30:  377:        {return static_cast<size_type>(__end_cap() - __begin_);}
       18:  377-block  0
       12:  377-block  1
        -:  378:
        -:  379:    _LIBCPP_INLINE_VISIBILITY
        -:  380:    void __destruct_at_end(pointer __new_last) _NOEXCEPT;
        -:  381:
        -:  382:    _LIBCPP_INLINE_VISIBILITY
        -:  383:    void __copy_assign_alloc(const __vector_base& __c)
        -:  384:        {__copy_assign_alloc(__c, integral_constant<bool,
        -:  385:                      __alloc_traits::propagate_on_container_copy_assignment::value>());}
        -:  386:
        -:  387:    _LIBCPP_INLINE_VISIBILITY
        -:  388:    void __move_assign_alloc(__vector_base& __c)
        -:  389:        _NOEXCEPT_(
        -:  390:            !__alloc_traits::propagate_on_container_move_assignment::value ||
        -:  391:            is_nothrow_move_assignable<allocator_type>::value)
        -:  392:        {__move_assign_alloc(__c, integral_constant<bool,
        -:  393:                      __alloc_traits::propagate_on_container_move_assignment::value>());}
        -:  394:
        -:  395:    _LIBCPP_NORETURN _LIBCPP_HIDE_FROM_ABI
function _ZNKSt3__113__vector_baseINS_5tupleIJdNS1_IJddEEEEEENS_9allocatorIS3_EEE20__throw_length_errorEv called 0 returned 0% blocks executed 0%
function _ZNKSt3__113__vector_baseINS_6vectorINS_5tupleIJdNS2_IJddEEEEEENS_9allocatorIS4_EEEENS5_IS7_EEE20__throw_length_errorEv called 0 returned 0% blocks executed 0%
    #####:  396:    void __throw_length_error() const {
        -:  397:#ifndef _LIBCPP_NO_EXCEPTIONS
    #####:  398:        __vector_base_common<true>::__throw_length_error();
    $$$$$:  398-block  0
    $$$$$:  398-block  1
        -:  399:#else
        -:  400:        _VSTD::abort();
        -:  401:#endif
        -:  402:    }
        -:  403:
        -:  404:    _LIBCPP_NORETURN _LIBCPP_HIDE_FROM_ABI
        -:  405:    void __throw_out_of_range() const {
        -:  406:#ifndef _LIBCPP_NO_EXCEPTIONS
        -:  407:        __vector_base_common<true>::__throw_out_of_range();
        -:  408:#else
        -:  409:        _VSTD::abort();
        -:  410:#endif
        -:  411:    }
        -:  412:
        -:  413:private:
        -:  414:    _LIBCPP_INLINE_VISIBILITY
        -:  415:    void __copy_assign_alloc(const __vector_base& __c, true_type)
        -:  416:        {
        -:  417:            if (__alloc() != __c.__alloc())
        -:  418:            {
        -:  419:                clear();
        -:  420:                __alloc_traits::deallocate(__alloc(), __begin_, capacity());
        -:  421:                __begin_ = __end_ = __end_cap() = nullptr;
        -:  422:            }
        -:  423:            __alloc() = __c.__alloc();
        -:  424:        }
        -:  425:
        -:  426:    _LIBCPP_INLINE_VISIBILITY
        -:  427:    void __copy_assign_alloc(const __vector_base&, false_type)
        -:  428:        {}
        -:  429:
        -:  430:    _LIBCPP_INLINE_VISIBILITY
        -:  431:    void __move_assign_alloc(__vector_base& __c, true_type)
        -:  432:        _NOEXCEPT_(is_nothrow_move_assignable<allocator_type>::value)
        -:  433:        {
        -:  434:            __alloc() = _VSTD::move(__c.__alloc());
        -:  435:        }
        -:  436:
        -:  437:    _LIBCPP_INLINE_VISIBILITY
        -:  438:    void __move_assign_alloc(__vector_base&, false_type)
        -:  439:        _NOEXCEPT
        -:  440:        {}
        -:  441:};
        -:  442:
        -:  443:template <class _Tp, class _Allocator>
        -:  444:inline _LIBCPP_INLINE_VISIBILITY
        -:  445:void
function _ZNSt3__113__vector_baseINS_5tupleIJdNS1_IJddEEEEEENS_9allocatorIS3_EEE17__destruct_at_endEPS3_ called 0 returned 0% blocks executed 0%
function _ZNSt3__113__vector_baseINS_6vectorINS_5tupleIJdNS2_IJddEEEEEENS_9allocatorIS4_EEEENS5_IS7_EEE17__destruct_at_endEPS7_ called 2 returned 100% blocks executed 83%
        2:  446:__vector_base<_Tp, _Allocator>::__destruct_at_end(pointer __new_last) _NOEXCEPT
        -:  447:{
        2:  448:    pointer __soon_to_be_end = __end_;
        8:  449:    while (__new_last != __soon_to_be_end)
    $$$$$:  449-block  0
    $$$$$:  449-block  1
branch  0 never executed
branch  1 never executed
    $$$$$:  449-block  2
        2:  449-block  3
        8:  449-block  4
branch  2 taken 6
branch  3 taken 2
        6:  449-block  5
        6:  450:        __alloc_traits::destroy(__alloc(), _VSTD::__to_address(--__soon_to_be_end));
    $$$$$:  450-block  0
branch  0 never executed
branch  1 never executed
    $$$$$:  450-block  1
        6:  450-block  2
branch  2 taken 6
branch  3 taken 0
    $$$$$:  450-block  3
        2:  451:    __end_ = __new_last;
        2:  452:}
    $$$$$:  452-block  0
        2:  452-block  1
        -:  453:
        -:  454:template <class _Tp, class _Allocator>
        -:  455:inline _LIBCPP_INLINE_VISIBILITY
function _ZNSt3__113__vector_baseINS_5tupleIJdNS1_IJddEEEEEENS_9allocatorIS3_EEEC2Ev called 3 returned 100% blocks executed 75%
function _ZNSt3__113__vector_baseINS_6vectorINS_5tupleIJdNS2_IJddEEEEEENS_9allocatorIS4_EEEENS5_IS7_EEEC2Ev called 1 returned 100% blocks executed 66%
        4:  456:__vector_base<_Tp, _Allocator>::__vector_base()
        -:  457:        _NOEXCEPT_(is_nothrow_default_constructible<allocator_type>::value)
        4:  458:    : __begin_(nullptr),
        4:  459:      __end_(nullptr),
        4:  460:      __end_cap_(nullptr, __default_init_tag())
        3:  460-block  0
branch  0 taken 3
branch  1 taken 0
        1:  460-block  1
branch  2 taken 1
branch  3 taken 0
    $$$$$:  460-block  2
        4:  461:{
        4:  462:}
        3:  462-block  0
        1:  462-block  1
        -:  463:
        -:  464:template <class _Tp, class _Allocator>
        -:  465:inline _LIBCPP_INLINE_VISIBILITY
        -:  466:__vector_base<_Tp, _Allocator>::__vector_base(const allocator_type& __a)
        -:  467:    : __begin_(nullptr),
        -:  468:      __end_(nullptr),
        -:  469:      __end_cap_(nullptr, __a)
        -:  470:{
        -:  471:}
        -:  472:
        -:  473:#ifndef _LIBCPP_CXX03_LANG
        -:  474:template <class _Tp, class _Allocator>
        -:  475:inline _LIBCPP_INLINE_VISIBILITY
function _ZNSt3__113__vector_baseINS_5tupleIJdNS1_IJddEEEEEENS_9allocatorIS3_EEEC2EOS5_ called 0 returned 0% blocks executed 0%
function _ZNSt3__113__vector_baseINS_6vectorINS_5tupleIJdNS2_IJddEEEEEENS_9allocatorIS4_EEEENS5_IS7_EEEC2EOS8_ called 2 returned 100% blocks executed 66%
        2:  476:__vector_base<_Tp, _Allocator>::__vector_base(allocator_type&& __a) _NOEXCEPT
        2:  477:    : __begin_(nullptr),
        2:  478:      __end_(nullptr),
        4:  479:      __end_cap_(nullptr, _VSTD::move(__a)) {}
    $$$$$:  479-block  0
branch  0 never executed
branch  1 never executed
    $$$$$:  479-block  1
branch  2 never executed
branch  3 never executed
    $$$$$:  479-block  2
    $$$$$:  479-block  3
        2:  479-block  4
branch  4 taken 2
branch  5 taken 0
        2:  479-block  5
branch  6 taken 2
branch  7 taken 0
        2:  479-block  6
    $$$$$:  479-block  7
        -:  480:#endif
        -:  481:
        -:  482:template <class _Tp, class _Allocator>
function _ZNSt3__113__vector_baseINS_5tupleIJdNS1_IJddEEEEEENS_9allocatorIS3_EEED2Ev called 0 returned 0% blocks executed 0%
function _ZNSt3__113__vector_baseINS_6vectorINS_5tupleIJdNS2_IJddEEEEEENS_9allocatorIS4_EEEENS5_IS7_EEED2Ev called 2 returned 100% blocks executed 100%
        2:  483:__vector_base<_Tp, _Allocator>::~__vector_base()
        -:  484:{
        2:  485:    if (__begin_ != nullptr)
    $$$$$:  485-block  0
branch  0 never executed
branch  1 never executed
        2:  485-block  1
branch  2 taken 2
branch  3 taken 0
        -:  486:    {
        2:  487:        clear();
        2:  488:        __alloc_traits::deallocate(__alloc(), __begin_, capacity());
        2:  489:    }
    $$$$$:  489-block  0
        2:  489-block  1
        2:  490:}
    $$$$$:  490-block  0
        2:  490-block  1
        -:  491:
        -:  492:template <class _Tp, class _Allocator /* = allocator<_Tp> */>
        -:  493:class _LIBCPP_TEMPLATE_VIS vector
        -:  494:    : private __vector_base<_Tp, _Allocator>
        -:  495:{
        -:  496:private:
        -:  497:    typedef __vector_base<_Tp, _Allocator>           __base;
        -:  498:    typedef allocator<_Tp>                           __default_allocator_type;
        -:  499:public:
        -:  500:    typedef vector                                   __self;
        -:  501:    typedef _Tp                                      value_type;
        -:  502:    typedef _Allocator                               allocator_type;
        -:  503:    typedef typename __base::__alloc_traits          __alloc_traits;
        -:  504:    typedef typename __base::reference               reference;
        -:  505:    typedef typename __base::const_reference         const_reference;
        -:  506:    typedef typename __base::size_type               size_type;
        -:  507:    typedef typename __base::difference_type         difference_type;
        -:  508:    typedef typename __base::pointer                 pointer;
        -:  509:    typedef typename __base::const_pointer           const_pointer;
        -:  510:    typedef __wrap_iter<pointer>                     iterator;
        -:  511:    typedef __wrap_iter<const_pointer>               const_iterator;
        -:  512:    typedef _VSTD::reverse_iterator<iterator>         reverse_iterator;
        -:  513:    typedef _VSTD::reverse_iterator<const_iterator>   const_reverse_iterator;
        -:  514:
        -:  515:    static_assert((is_same<typename allocator_type::value_type, value_type>::value),
        -:  516:                  "Allocator::value_type must be same type as value_type");
        -:  517:
        -:  518:    _LIBCPP_INLINE_VISIBILITY
        -:  519:    vector() _NOEXCEPT_(is_nothrow_default_constructible<allocator_type>::value)
        -:  520:        {
        -:  521:#if _LIBCPP_DEBUG_LEVEL == 2
        -:  522:            __get_db()->__insert_c(this);
        -:  523:#endif
        -:  524:        }
        -:  525:    _LIBCPP_INLINE_VISIBILITY explicit vector(const allocator_type& __a)
        -:  526:#if _LIBCPP_STD_VER <= 14
        -:  527:        _NOEXCEPT_(is_nothrow_copy_constructible<allocator_type>::value)
        -:  528:#else
        -:  529:        _NOEXCEPT
        -:  530:#endif
        -:  531:        : __base(__a)
        -:  532:    {
        -:  533:#if _LIBCPP_DEBUG_LEVEL == 2
        -:  534:        __get_db()->__insert_c(this);
        -:  535:#endif
        -:  536:    }
        -:  537:    explicit vector(size_type __n);
        -:  538:#if _LIBCPP_STD_VER > 11
        -:  539:    explicit vector(size_type __n, const allocator_type& __a);
        -:  540:#endif
        -:  541:    vector(size_type __n, const value_type& __x);
        -:  542:    vector(size_type __n, const value_type& __x, const allocator_type& __a);
        -:  543:    template <class _InputIterator>
        -:  544:        vector(_InputIterator __first,
        -:  545:               typename enable_if<__is_cpp17_input_iterator  <_InputIterator>::value &&
        -:  546:                                 !__is_cpp17_forward_iterator<_InputIterator>::value &&
        -:  547:                                 is_constructible<
        -:  548:                                    value_type,
        -:  549:                                    typename iterator_traits<_InputIterator>::reference>::value,
        -:  550:                                 _InputIterator>::type __last);
        -:  551:    template <class _InputIterator>
        -:  552:        vector(_InputIterator __first, _InputIterator __last, const allocator_type& __a,
        -:  553:               typename enable_if<__is_cpp17_input_iterator  <_InputIterator>::value &&
        -:  554:                                 !__is_cpp17_forward_iterator<_InputIterator>::value &&
        -:  555:                                 is_constructible<
        -:  556:                                    value_type,
        -:  557:                                    typename iterator_traits<_InputIterator>::reference>::value>::type* = 0);
        -:  558:    template <class _ForwardIterator>
        -:  559:        vector(_ForwardIterator __first,
        -:  560:               typename enable_if<__is_cpp17_forward_iterator<_ForwardIterator>::value &&
        -:  561:                                 is_constructible<
        -:  562:                                    value_type,
        -:  563:                                    typename iterator_traits<_ForwardIterator>::reference>::value,
        -:  564:                                 _ForwardIterator>::type __last);
        -:  565:    template <class _ForwardIterator>
        -:  566:        vector(_ForwardIterator __first, _ForwardIterator __last, const allocator_type& __a,
        -:  567:               typename enable_if<__is_cpp17_forward_iterator<_ForwardIterator>::value &&
        -:  568:                                 is_constructible<
        -:  569:                                    value_type,
        -:  570:                                    typename iterator_traits<_ForwardIterator>::reference>::value>::type* = 0);
        -:  571:
        -:  572:    _LIBCPP_INLINE_VISIBILITY
function _ZNSt3__16vectorINS_5tupleIJdNS1_IJddEEEEEENS_9allocatorIS3_EEED1Ev called 9 returned 100% blocks executed 100%
function _ZNSt3__16vectorINS0_INS_5tupleIJdNS1_IJddEEEEEENS_9allocatorIS3_EEEENS4_IS6_EEED1Ev called 2 returned 100% blocks executed 100%
function _ZNSt3__16vectorINS_5tupleIJdNS1_IJddEEEEEENS_9allocatorIS3_EEED2Ev called 9 returned 100% blocks executed 100%
function _ZNSt3__16vectorINS0_INS_5tupleIJdNS1_IJddEEEEEENS_9allocatorIS3_EEEENS4_IS6_EEED2Ev called 2 returned 100% blocks executed 100%
       22:  573:    ~vector()
       11:  574:    {
       11:  575:        __annotate_delete();
        -:  576:#if _LIBCPP_DEBUG_LEVEL == 2
        -:  577:        __get_db()->__erase_c(this);
        -:  578:#endif
       22:  579:    }
        9:  579-block  0
        2:  579-block  1
        9:  579-block  2
        2:  579-block  3
        -:  580:
        -:  581:    vector(const vector& __x);
        -:  582:    vector(const vector& __x, const __identity_t<allocator_type>& __a);
        -:  583:    _LIBCPP_INLINE_VISIBILITY
        -:  584:    vector& operator=(const vector& __x);
        -:  585:
        -:  586:#ifndef _LIBCPP_CXX03_LANG
        -:  587:    _LIBCPP_INLINE_VISIBILITY
        4:  588:    vector(initializer_list<value_type> __il);
        -:  589:
        -:  590:    _LIBCPP_INLINE_VISIBILITY
        -:  591:    vector(initializer_list<value_type> __il, const allocator_type& __a);
        -:  592:
        -:  593:    _LIBCPP_INLINE_VISIBILITY
        -:  594:    vector(vector&& __x)
        -:  595:#if _LIBCPP_STD_VER > 14
        -:  596:        _NOEXCEPT;
        -:  597:#else
        -:  598:        _NOEXCEPT_(is_nothrow_move_constructible<allocator_type>::value);
        -:  599:#endif
        -:  600:
        -:  601:    _LIBCPP_INLINE_VISIBILITY
        -:  602:    vector(vector&& __x, const __identity_t<allocator_type>& __a);
        -:  603:    _LIBCPP_INLINE_VISIBILITY
        -:  604:    vector& operator=(vector&& __x)
        -:  605:        _NOEXCEPT_((__noexcept_move_assign_container<_Allocator, __alloc_traits>::value));
        -:  606:
        -:  607:    _LIBCPP_INLINE_VISIBILITY
        -:  608:    vector& operator=(initializer_list<value_type> __il)
        -:  609:        {assign(__il.begin(), __il.end()); return *this;}
        -:  610:
        -:  611:#endif // !_LIBCPP_CXX03_LANG
        -:  612:
        -:  613:    template <class _InputIterator>
        -:  614:        typename enable_if
        -:  615:        <
        -:  616:             __is_cpp17_input_iterator  <_InputIterator>::value &&
        -:  617:            !__is_cpp17_forward_iterator<_InputIterator>::value &&
        -:  618:            is_constructible<
        -:  619:                 value_type,
        -:  620:                 typename iterator_traits<_InputIterator>::reference>::value,
        -:  621:            void
        -:  622:        >::type
        -:  623:        assign(_InputIterator __first, _InputIterator __last);
        -:  624:    template <class _ForwardIterator>
        -:  625:        typename enable_if
        -:  626:        <
        -:  627:            __is_cpp17_forward_iterator<_ForwardIterator>::value &&
        -:  628:            is_constructible<
        -:  629:                 value_type,
        -:  630:                 typename iterator_traits<_ForwardIterator>::reference>::value,
        -:  631:            void
        -:  632:        >::type
        -:  633:        assign(_ForwardIterator __first, _ForwardIterator __last);
        -:  634:
        -:  635:    void assign(size_type __n, const_reference __u);
        -:  636:
        -:  637:#ifndef _LIBCPP_CXX03_LANG
        -:  638:    _LIBCPP_INLINE_VISIBILITY
        -:  639:    void assign(initializer_list<value_type> __il)
        -:  640:        {assign(__il.begin(), __il.end());}
        -:  641:#endif
        -:  642:
        -:  643:    _LIBCPP_INLINE_VISIBILITY
        -:  644:    allocator_type get_allocator() const _NOEXCEPT
        -:  645:        {return this->__alloc();}
        -:  646:
        -:  647:    _LIBCPP_INLINE_VISIBILITY iterator               begin() _NOEXCEPT;
        -:  648:    _LIBCPP_INLINE_VISIBILITY const_iterator         begin()   const _NOEXCEPT;
        -:  649:    _LIBCPP_INLINE_VISIBILITY iterator               end() _NOEXCEPT;
        -:  650:    _LIBCPP_INLINE_VISIBILITY const_iterator         end()     const _NOEXCEPT;
        -:  651:
        -:  652:    _LIBCPP_INLINE_VISIBILITY
        -:  653:    reverse_iterator       rbegin() _NOEXCEPT
        -:  654:        {return       reverse_iterator(end());}
        -:  655:    _LIBCPP_INLINE_VISIBILITY
        -:  656:    const_reverse_iterator rbegin()  const _NOEXCEPT
        -:  657:        {return const_reverse_iterator(end());}
        -:  658:    _LIBCPP_INLINE_VISIBILITY
        -:  659:    reverse_iterator       rend() _NOEXCEPT
        -:  660:        {return       reverse_iterator(begin());}
        -:  661:    _LIBCPP_INLINE_VISIBILITY
        -:  662:    const_reverse_iterator rend()    const _NOEXCEPT
        -:  663:        {return const_reverse_iterator(begin());}
        -:  664:
        -:  665:    _LIBCPP_INLINE_VISIBILITY
        -:  666:    const_iterator         cbegin()  const _NOEXCEPT
        -:  667:        {return begin();}
        -:  668:    _LIBCPP_INLINE_VISIBILITY
        -:  669:    const_iterator         cend()    const _NOEXCEPT
        -:  670:        {return end();}
        -:  671:    _LIBCPP_INLINE_VISIBILITY
        -:  672:    const_reverse_iterator crbegin() const _NOEXCEPT
        -:  673:        {return rbegin();}
        -:  674:    _LIBCPP_INLINE_VISIBILITY
        -:  675:    const_reverse_iterator crend()   const _NOEXCEPT
        -:  676:        {return rend();}
        -:  677:
        -:  678:    _LIBCPP_INLINE_VISIBILITY
function _ZNKSt3__16vectorINS_5tupleIJdNS1_IJddEEEEEENS_9allocatorIS3_EEE4sizeEv called 9 returned 100% blocks executed 100%
function _ZNKSt3__16vectorINS0_INS_5tupleIJdNS1_IJddEEEEEENS_9allocatorIS3_EEEENS4_IS6_EEE4sizeEv called 4 returned 100% blocks executed 100%
       13:  679:    size_type size() const _NOEXCEPT
       13:  680:        {return static_cast<size_type>(this->__end_ - this->__begin_);}
        9:  680-block  0
        4:  680-block  1
        -:  681:    _LIBCPP_INLINE_VISIBILITY
function _ZNKSt3__16vectorINS_5tupleIJdNS1_IJddEEEEEENS_9allocatorIS3_EEE8capacityEv called 18 returned 100% blocks executed 100%
function _ZNKSt3__16vectorINS0_INS_5tupleIJdNS1_IJddEEEEEENS_9allocatorIS3_EEEENS4_IS6_EEE8capacityEv called 10 returned 100% blocks executed 100%
       28:  682:    size_type capacity() const _NOEXCEPT
       28:  683:        {return __base::capacity();}
       18:  683-block  0
       10:  683-block  1
        -:  684:    _LIBCPP_NODISCARD_AFTER_CXX17 _LIBCPP_INLINE_VISIBILITY
        -:  685:    bool empty() const _NOEXCEPT
        -:  686:        {return this->__begin_ == this->__end_;}
        -:  687:    size_type max_size() const _NOEXCEPT;
        -:  688:    void reserve(size_type __n);
        -:  689:    void shrink_to_fit() _NOEXCEPT;
        -:  690:
        -:  691:    _LIBCPP_INLINE_VISIBILITY reference       operator[](size_type __n) _NOEXCEPT;
        -:  692:    _LIBCPP_INLINE_VISIBILITY const_reference operator[](size_type __n) const _NOEXCEPT;
        -:  693:    reference       at(size_type __n);
        -:  694:    const_reference at(size_type __n) const;
        -:  695:
        -:  696:    _LIBCPP_INLINE_VISIBILITY reference       front() _NOEXCEPT
        -:  697:    {
        -:  698:        _LIBCPP_ASSERT(!empty(), "front() called on an empty vector");
        -:  699:        return *this->__begin_;
        -:  700:    }
        -:  701:    _LIBCPP_INLINE_VISIBILITY const_reference front() const _NOEXCEPT
        -:  702:    {
        -:  703:        _LIBCPP_ASSERT(!empty(), "front() called on an empty vector");
        -:  704:        return *this->__begin_;
        -:  705:    }
        -:  706:    _LIBCPP_INLINE_VISIBILITY reference       back() _NOEXCEPT
        -:  707:    {
        -:  708:        _LIBCPP_ASSERT(!empty(), "back() called on an empty vector");
        -:  709:        return *(this->__end_ - 1);
        -:  710:    }
        -:  711:    _LIBCPP_INLINE_VISIBILITY const_reference back()  const _NOEXCEPT
        -:  712:    {
        -:  713:        _LIBCPP_ASSERT(!empty(), "back() called on an empty vector");
        -:  714:        return *(this->__end_ - 1);
        -:  715:    }
        -:  716:
        -:  717:    _LIBCPP_INLINE_VISIBILITY
        -:  718:    value_type*       data() _NOEXCEPT
        -:  719:        {return _VSTD::__to_address(this->__begin_);}
        -:  720:    _LIBCPP_INLINE_VISIBILITY
function _ZNKSt3__16vectorINS_5tupleIJdNS1_IJddEEEEEENS_9allocatorIS3_EEE4dataEv called 36 returned 100% blocks executed 100%
function _ZNKSt3__16vectorINS0_INS_5tupleIJdNS1_IJddEEEEEENS_9allocatorIS3_EEEENS4_IS6_EEE4dataEv called 20 returned 100% blocks executed 100%
       56:  721:    const value_type* data() const _NOEXCEPT
       56:  722:        {return _VSTD::__to_address(this->__begin_);}
       36:  722-block  0
       20:  722-block  1
        -:  723:
        -:  724:#ifdef _LIBCPP_CXX03_LANG
        -:  725:    _LIBCPP_INLINE_VISIBILITY
        -:  726:    void __emplace_back(const value_type& __x) { push_back(__x); }
        -:  727:#else
        -:  728:    template <class _Arg>
        -:  729:    _LIBCPP_INLINE_VISIBILITY
        -:  730:    void __emplace_back(_Arg&& __arg) {
        -:  731:      emplace_back(_VSTD::forward<_Arg>(__arg));
        -:  732:    }
        -:  733:#endif
        -:  734:
        -:  735:    _LIBCPP_INLINE_VISIBILITY void push_back(const_reference __x);
        -:  736:
        -:  737:#ifndef _LIBCPP_CXX03_LANG
        -:  738:    _LIBCPP_INLINE_VISIBILITY void push_back(value_type&& __x);
        -:  739:
        -:  740:    template <class... _Args>
        -:  741:        _LIBCPP_INLINE_VISIBILITY
        -:  742:#if _LIBCPP_STD_VER > 14
        -:  743:        reference emplace_back(_Args&&... __args);
        -:  744:#else
        -:  745:        void      emplace_back(_Args&&... __args);
        -:  746:#endif
        -:  747:#endif // !_LIBCPP_CXX03_LANG
        -:  748:
        -:  749:    _LIBCPP_INLINE_VISIBILITY
        -:  750:    void pop_back();
        -:  751:
        -:  752:    iterator insert(const_iterator __position, const_reference __x);
        -:  753:
        -:  754:#ifndef _LIBCPP_CXX03_LANG
        -:  755:    iterator insert(const_iterator __position, value_type&& __x);
        -:  756:    template <class... _Args>
        -:  757:        iterator emplace(const_iterator __position, _Args&&... __args);
        -:  758:#endif // !_LIBCPP_CXX03_LANG
        -:  759:
        -:  760:    iterator insert(const_iterator __position, size_type __n, const_reference __x);
        -:  761:    template <class _InputIterator>
        -:  762:        typename enable_if
        -:  763:        <
        -:  764:             __is_cpp17_input_iterator  <_InputIterator>::value &&
        -:  765:            !__is_cpp17_forward_iterator<_InputIterator>::value &&
        -:  766:            is_constructible<
        -:  767:                 value_type,
        -:  768:                 typename iterator_traits<_InputIterator>::reference>::value,
        -:  769:            iterator
        -:  770:        >::type
        -:  771:        insert(const_iterator __position, _InputIterator __first, _InputIterator __last);
        -:  772:    template <class _ForwardIterator>
        -:  773:        typename enable_if
        -:  774:        <
        -:  775:            __is_cpp17_forward_iterator<_ForwardIterator>::value &&
        -:  776:            is_constructible<
        -:  777:                 value_type,
        -:  778:                 typename iterator_traits<_ForwardIterator>::reference>::value,
        -:  779:            iterator
        -:  780:        >::type
        -:  781:        insert(const_iterator __position, _ForwardIterator __first, _ForwardIterator __last);
        -:  782:
        -:  783:#ifndef _LIBCPP_CXX03_LANG
        -:  784:    _LIBCPP_INLINE_VISIBILITY
        -:  785:    iterator insert(const_iterator __position, initializer_list<value_type> __il)
        -:  786:        {return insert(__position, __il.begin(), __il.end());}
        -:  787:#endif
        -:  788:
        -:  789:    _LIBCPP_INLINE_VISIBILITY iterator erase(const_iterator __position);
        -:  790:    iterator erase(const_iterator __first, const_iterator __last);
        -:  791:
        -:  792:    _LIBCPP_INLINE_VISIBILITY
        -:  793:    void clear() _NOEXCEPT
        -:  794:    {
        -:  795:        size_type __old_size = size();
        -:  796:        __base::clear();
        -:  797:        __annotate_shrink(__old_size);
        -:  798:        __invalidate_all_iterators();
        -:  799:    }
        -:  800:
        -:  801:    void resize(size_type __sz);
        -:  802:    void resize(size_type __sz, const_reference __x);
        -:  803:
        -:  804:    void swap(vector&)
        -:  805:#if _LIBCPP_STD_VER >= 14
        -:  806:        _NOEXCEPT;
        -:  807:#else
        -:  808:        _NOEXCEPT_(!__alloc_traits::propagate_on_container_swap::value ||
        -:  809:                    __is_nothrow_swappable<allocator_type>::value);
        -:  810:#endif
        -:  811:
        -:  812:    bool __invariants() const;
        -:  813:
        -:  814:#if _LIBCPP_DEBUG_LEVEL == 2
        -:  815:
        -:  816:    bool __dereferenceable(const const_iterator* __i) const;
        -:  817:    bool __decrementable(const const_iterator* __i) const;
        -:  818:    bool __addable(const const_iterator* __i, ptrdiff_t __n) const;
        -:  819:    bool __subscriptable(const const_iterator* __i, ptrdiff_t __n) const;
        -:  820:
        -:  821:#endif // _LIBCPP_DEBUG_LEVEL == 2
        -:  822:
        -:  823:private:
        -:  824:    _LIBCPP_INLINE_VISIBILITY void __invalidate_all_iterators();
        -:  825:    _LIBCPP_INLINE_VISIBILITY void __invalidate_iterators_past(pointer __new_last);
        -:  826:    void __vallocate(size_type __n);
        -:  827:    void __vdeallocate() _NOEXCEPT;
        -:  828:    _LIBCPP_INLINE_VISIBILITY size_type __recommend(size_type __new_size) const;
        -:  829:    void __construct_at_end(size_type __n);
        -:  830:    _LIBCPP_INLINE_VISIBILITY
        -:  831:    void __construct_at_end(size_type __n, const_reference __x);
        -:  832:    template <class _ForwardIterator>
        -:  833:        typename enable_if
        -:  834:        <
        -:  835:            __is_cpp17_forward_iterator<_ForwardIterator>::value,
        -:  836:            void
        -:  837:        >::type
        -:  838:        __construct_at_end(_ForwardIterator __first, _ForwardIterator __last, size_type __n);
        -:  839:    void __append(size_type __n);
        -:  840:    void __append(size_type __n, const_reference __x);
        -:  841:    _LIBCPP_INLINE_VISIBILITY
        -:  842:    iterator       __make_iter(pointer __p) _NOEXCEPT;
        -:  843:    _LIBCPP_INLINE_VISIBILITY
        -:  844:    const_iterator __make_iter(const_pointer __p) const _NOEXCEPT;
        -:  845:    void __swap_out_circular_buffer(__split_buffer<value_type, allocator_type&>& __v);
        -:  846:    pointer __swap_out_circular_buffer(__split_buffer<value_type, allocator_type&>& __v, pointer __p);
        -:  847:    void __move_range(pointer __from_s, pointer __from_e, pointer __to);
        -:  848:    void __move_assign(vector& __c, true_type)
        -:  849:        _NOEXCEPT_(is_nothrow_move_assignable<allocator_type>::value);
        -:  850:    void __move_assign(vector& __c, false_type)
        -:  851:        _NOEXCEPT_(__alloc_traits::is_always_equal::value);
        -:  852:    _LIBCPP_INLINE_VISIBILITY
        -:  853:    void __destruct_at_end(pointer __new_last) _NOEXCEPT
        -:  854:    {
        -:  855:        __invalidate_iterators_past(__new_last);
        -:  856:        size_type __old_size = size();
        -:  857:        __base::__destruct_at_end(__new_last);
        -:  858:        __annotate_shrink(__old_size);
        -:  859:    }
        -:  860:
        -:  861:#ifndef _LIBCPP_CXX03_LANG
        -:  862:    template <class _Up>
        -:  863:    _LIBCPP_INLINE_VISIBILITY
        -:  864:    inline void __push_back_slow_path(_Up&& __x);
        -:  865:
        -:  866:    template <class... _Args>
        -:  867:    _LIBCPP_INLINE_VISIBILITY
        -:  868:    inline void __emplace_back_slow_path(_Args&&... __args);
        -:  869:#else
        -:  870:    template <class _Up>
        -:  871:    _LIBCPP_INLINE_VISIBILITY
        -:  872:    inline void __push_back_slow_path(_Up& __x);
        -:  873:#endif
        -:  874:
        -:  875:    // The following functions are no-ops outside of AddressSanitizer mode.
        -:  876:    // We call annotatations only for the default Allocator because other allocators
        -:  877:    // may not meet the AddressSanitizer alignment constraints.
        -:  878:    // See the documentation for __sanitizer_annotate_contiguous_container for more details.
        -:  879:#ifndef _LIBCPP_HAS_NO_ASAN
        -:  880:    void __annotate_contiguous_container(const void *__beg, const void *__end,
        -:  881:                                         const void *__old_mid,
        -:  882:                                         const void *__new_mid) const
        -:  883:    {
        -:  884:
        -:  885:      if (__beg && is_same<allocator_type, __default_allocator_type>::value)
        -:  886:        __sanitizer_annotate_contiguous_container(__beg, __end, __old_mid, __new_mid);
        -:  887:    }
        -:  888:#else
        -:  889:    _LIBCPP_INLINE_VISIBILITY
function _ZNKSt3__16vectorINS_5tupleIJdNS1_IJddEEEEEENS_9allocatorIS3_EEE31__annotate_contiguous_containerEPKvS8_S8_S8_ called 9 returned 100% blocks executed 100%
function _ZNKSt3__16vectorINS0_INS_5tupleIJdNS1_IJddEEEEEENS_9allocatorIS3_EEEENS4_IS6_EEE31__annotate_contiguous_containerEPKvSA_SA_SA_ called 5 returned 100% blocks executed 100%
       14:  890:    void __annotate_contiguous_container(const void*, const void*, const void*,
       14:  891:                                         const void*) const _NOEXCEPT {}
        9:  891-block  0
        5:  891-block  1
        -:  892:#endif
        -:  893:    _LIBCPP_INLINE_VISIBILITY
function _ZNKSt3__16vectorINS_5tupleIJdNS1_IJddEEEEEENS_9allocatorIS3_EEE14__annotate_newEm called 0 returned 0% blocks executed 0%
function _ZNKSt3__16vectorINS0_INS_5tupleIJdNS1_IJddEEEEEENS_9allocatorIS3_EEEENS4_IS6_EEE14__annotate_newEm called 3 returned 100% blocks executed 100%
        3:  894:    void __annotate_new(size_type __current_size) const _NOEXCEPT {
        6:  895:      __annotate_contiguous_container(data(), data() + capacity(),
        3:  896:                                      data() + capacity(), data() + __current_size);
        3:  897:    }
    $$$$$:  897-block  0
        3:  897-block  1
        -:  898:
        -:  899:    _LIBCPP_INLINE_VISIBILITY
function _ZNKSt3__16vectorINS_5tupleIJdNS1_IJddEEEEEENS_9allocatorIS3_EEE17__annotate_deleteEv called 9 returned 100% blocks executed 100%
function _ZNKSt3__16vectorINS0_INS_5tupleIJdNS1_IJddEEEEEENS_9allocatorIS3_EEEENS4_IS6_EEE17__annotate_deleteEv called 2 returned 100% blocks executed 100%
       11:  900:    void __annotate_delete() const _NOEXCEPT {
       22:  901:      __annotate_contiguous_container(data(), data() + capacity(),
       11:  902:                                      data() + size(), data() + capacity());
       11:  903:    }
        9:  903-block  0
        2:  903-block  1
        -:  904:
        -:  905:    _LIBCPP_INLINE_VISIBILITY
        -:  906:    void __annotate_increase(size_type __n) const _NOEXCEPT
        -:  907:    {
        -:  908:      __annotate_contiguous_container(data(), data() + capacity(),
        -:  909:                                      data() + size(), data() + size() + __n);
        -:  910:    }
        -:  911:
        -:  912:    _LIBCPP_INLINE_VISIBILITY
        -:  913:    void __annotate_shrink(size_type __old_size) const _NOEXCEPT
        -:  914:    {
        -:  915:      __annotate_contiguous_container(data(), data() + capacity(),
        -:  916:                                      data() + __old_size, data() + size());
        -:  917:    }
        -:  918:
        -:  919:  struct _ConstructTransaction {
function _ZNSt3__16vectorINS_5tupleIJdNS1_IJddEEEEEENS_9allocatorIS3_EEE21_ConstructTransactionC1ERS6_m called 0 returned 0% blocks executed 0%
function _ZNSt3__16vectorINS_5tupleIJdNS1_IJddEEEEEENS_9allocatorIS3_EEE21_ConstructTransactionC2ERS6_m called 0 returned 0% blocks executed 0%
function _ZNSt3__16vectorINS0_INS_5tupleIJdNS1_IJddEEEEEENS_9allocatorIS3_EEEENS4_IS6_EEE21_ConstructTransactionC1ERS8_m called 3 returned 100% blocks executed 100%
function _ZNSt3__16vectorINS0_INS_5tupleIJdNS1_IJddEEEEEENS_9allocatorIS3_EEEENS4_IS6_EEE21_ConstructTransactionC2ERS8_m called 3 returned 100% blocks executed 100%
        6:  920:    explicit _ConstructTransaction(vector &__v, size_type __n)
        6:  921:      : __v_(__v),  __pos_(__v.__end_), __new_end_(__v.__end_ + __n) {
        -:  922:#ifndef _LIBCPP_HAS_NO_ASAN
        -:  923:      __v_.__annotate_increase(__n);
        -:  924:#endif
        6:  925:    }
    $$$$$:  925-block  0
    $$$$$:  925-block  1
        3:  925-block  2
        3:  925-block  3
function _ZNSt3__16vectorINS_5tupleIJdNS1_IJddEEEEEENS_9allocatorIS3_EEE21_ConstructTransactionD1Ev called 0 returned 0% blocks executed 0%
function _ZNSt3__16vectorINS_5tupleIJdNS1_IJddEEEEEENS_9allocatorIS3_EEE21_ConstructTransactionD2Ev called 0 returned 0% blocks executed 0%
function _ZNSt3__16vectorINS0_INS_5tupleIJdNS1_IJddEEEEEENS_9allocatorIS3_EEEENS4_IS6_EEE21_ConstructTransactionD1Ev called 3 returned 100% blocks executed 100%
function _ZNSt3__16vectorINS0_INS_5tupleIJdNS1_IJddEEEEEENS_9allocatorIS3_EEEENS4_IS6_EEE21_ConstructTransactionD2Ev called 3 returned 100% blocks executed 100%
        6:  926:    ~_ConstructTransaction() {
        3:  927:      __v_.__end_ = __pos_;
        -:  928:#ifndef _LIBCPP_HAS_NO_ASAN
        -:  929:      if (__pos_ != __new_end_) {
        -:  930:        __v_.__annotate_shrink(__new_end_ - __v_.__begin_);
        -:  931:      }
        -:  932:#endif
        6:  933:    }
    $$$$$:  933-block  0
    $$$$$:  933-block  1
        3:  933-block  2
        3:  933-block  3
        -:  934:
        -:  935:    vector &__v_;
        -:  936:    pointer __pos_;
        -:  937:    const_pointer const __new_end_;
        -:  938:
        -:  939:  private:
        -:  940:    _ConstructTransaction(_ConstructTransaction const&) = delete;
        -:  941:    _ConstructTransaction& operator=(_ConstructTransaction const&) = delete;
        -:  942:  };
        -:  943:
        -:  944:  template <class ..._Args>
        -:  945:  _LIBCPP_INLINE_VISIBILITY
        -:  946:  void __construct_one_at_end(_Args&& ...__args) {
        -:  947:    _ConstructTransaction __tx(*this, 1);
        -:  948:    __alloc_traits::construct(this->__alloc(), _VSTD::__to_address(__tx.__pos_),
        -:  949:        _VSTD::forward<_Args>(__args)...);
        -:  950:    ++__tx.__pos_;
        -:  951:  }
        -:  952:};
        -:  953:
        -:  954:#ifndef _LIBCPP_HAS_NO_DEDUCTION_GUIDES
        -:  955:template<class _InputIterator,
        -:  956:         class _Alloc = allocator<__iter_value_type<_InputIterator>>,
        -:  957:         class = _EnableIf<__is_allocator<_Alloc>::value>
        -:  958:         >
        -:  959:vector(_InputIterator, _InputIterator)
        -:  960:  -> vector<__iter_value_type<_InputIterator>, _Alloc>;
        -:  961:
        -:  962:template<class _InputIterator,
        -:  963:         class _Alloc,
        -:  964:         class = _EnableIf<__is_allocator<_Alloc>::value>
        -:  965:         >
        -:  966:vector(_InputIterator, _InputIterator, _Alloc)
        -:  967:  -> vector<__iter_value_type<_InputIterator>, _Alloc>;
        -:  968:#endif
        -:  969:
        -:  970:template <class _Tp, class _Allocator>
        -:  971:void
        -:  972:vector<_Tp, _Allocator>::__swap_out_circular_buffer(__split_buffer<value_type, allocator_type&>& __v)
        -:  973:{
        -:  974:
        -:  975:    __annotate_delete();
        -:  976:    _VSTD::__construct_backward_with_exception_guarantees(this->__alloc(), this->__begin_, this->__end_, __v.__begin_);
        -:  977:    _VSTD::swap(this->__begin_, __v.__begin_);
        -:  978:    _VSTD::swap(this->__end_, __v.__end_);
        -:  979:    _VSTD::swap(this->__end_cap(), __v.__end_cap());
        -:  980:    __v.__first_ = __v.__begin_;
        -:  981:    __annotate_new(size());
        -:  982:    __invalidate_all_iterators();
        -:  983:}
        -:  984:
        -:  985:template <class _Tp, class _Allocator>
        -:  986:typename vector<_Tp, _Allocator>::pointer
        -:  987:vector<_Tp, _Allocator>::__swap_out_circular_buffer(__split_buffer<value_type, allocator_type&>& __v, pointer __p)
        -:  988:{
        -:  989:    __annotate_delete();
        -:  990:    pointer __r = __v.__begin_;
        -:  991:    _VSTD::__construct_backward_with_exception_guarantees(this->__alloc(), this->__begin_, __p, __v.__begin_);
        -:  992:    _VSTD::__construct_forward_with_exception_guarantees(this->__alloc(), __p, this->__end_, __v.__end_);
        -:  993:    _VSTD::swap(this->__begin_, __v.__begin_);
        -:  994:    _VSTD::swap(this->__end_, __v.__end_);
        -:  995:    _VSTD::swap(this->__end_cap(), __v.__end_cap());
        -:  996:    __v.__first_ = __v.__begin_;
        -:  997:    __annotate_new(size());
        -:  998:    __invalidate_all_iterators();
        -:  999:    return __r;
        -: 1000:}
        -: 1001:
        -: 1002://  Allocate space for __n objects
        -: 1003://  throws length_error if __n > max_size()
        -: 1004://  throws (probably bad_alloc) if memory run out
        -: 1005://  Precondition:  __begin_ == __end_ == __end_cap() == 0
        -: 1006://  Precondition:  __n > 0
        -: 1007://  Postcondition:  capacity() == __n
        -: 1008://  Postcondition:  size() == 0
        -: 1009:template <class _Tp, class _Allocator>
        -: 1010:void
function _ZNSt3__16vectorINS_5tupleIJdNS1_IJddEEEEEENS_9allocatorIS3_EEE11__vallocateEm called 0 returned 0% blocks executed 0%
function _ZNSt3__16vectorINS0_INS_5tupleIJdNS1_IJddEEEEEENS_9allocatorIS3_EEEENS4_IS6_EEE11__vallocateEm called 3 returned 100% blocks executed 66%
        3: 1011:vector<_Tp, _Allocator>::__vallocate(size_type __n)
        -: 1012:{
        3: 1013:    if (__n > max_size())
    $$$$$: 1013-block  0
branch  0 never executed
branch  1 never executed
        3: 1013-block  1
branch  2 taken 0
branch  3 taken 3
    #####: 1014:        this->__throw_length_error();
    $$$$$: 1014-block  0
    $$$$$: 1014-block  1
        3: 1015:    this->__begin_ = this->__end_ = __alloc_traits::allocate(this->__alloc(), __n);
        3: 1016:    this->__end_cap() = this->__begin_ + __n;
        3: 1017:    __annotate_new(0);
        3: 1018:}
    $$$$$: 1018-block  0
        3: 1018-block  1
        -: 1019:
        -: 1020:template <class _Tp, class _Allocator>
        -: 1021:void
        -: 1022:vector<_Tp, _Allocator>::__vdeallocate() _NOEXCEPT
        -: 1023:{
        -: 1024:    if (this->__begin_ != nullptr)
        -: 1025:    {
        -: 1026:        clear();
        -: 1027:        __alloc_traits::deallocate(this->__alloc(), this->__begin_, capacity());
        -: 1028:        this->__begin_ = this->__end_ = this->__end_cap() = nullptr;
        -: 1029:    }
        -: 1030:}
        -: 1031:
        -: 1032:template <class _Tp, class _Allocator>
        -: 1033:typename vector<_Tp, _Allocator>::size_type
function _ZNKSt3__16vectorINS_5tupleIJdNS1_IJddEEEEEENS_9allocatorIS3_EEE8max_sizeEv called 0 returned 0% blocks executed 0%
function _ZNKSt3__16vectorINS0_INS_5tupleIJdNS1_IJddEEEEEENS_9allocatorIS3_EEEENS4_IS6_EEE8max_sizeEv called 3 returned 100% blocks executed 66%
        3: 1034:vector<_Tp, _Allocator>::max_size() const _NOEXCEPT
        -: 1035:{
        6: 1036:    return _VSTD::min<size_type>(__alloc_traits::max_size(this->__alloc()),
    $$$$$: 1036-block  0
branch  0 never executed
branch  1 never executed
    $$$$$: 1036-block  1
branch  2 never executed
branch  3 never executed
    $$$$$: 1036-block  2
    $$$$$: 1036-block  3
        3: 1036-block  4
branch  4 taken 3
branch  5 taken 0
        3: 1036-block  5
branch  6 taken 3
branch  7 taken 0
        3: 1036-block  6
    $$$$$: 1036-block  7
        3: 1037:                                 numeric_limits<difference_type>::max());
        -: 1038:}
        -: 1039:
        -: 1040://  Precondition:  __new_size > capacity()
        -: 1041:template <class _Tp, class _Allocator>
        -: 1042:inline _LIBCPP_INLINE_VISIBILITY
        -: 1043:typename vector<_Tp, _Allocator>::size_type
        -: 1044:vector<_Tp, _Allocator>::__recommend(size_type __new_size) const
        -: 1045:{
        -: 1046:    const size_type __ms = max_size();
        -: 1047:    if (__new_size > __ms)
        -: 1048:        this->__throw_length_error();
        -: 1049:    const size_type __cap = capacity();
        -: 1050:    if (__cap >= __ms / 2)
        -: 1051:        return __ms;
        -: 1052:    return _VSTD::max<size_type>(2 * __cap, __new_size);
        -: 1053:}
        -: 1054:
        -: 1055://  Default constructs __n objects starting at __end_
        -: 1056://  throws if construction throws
        -: 1057://  Precondition:  __n > 0
        -: 1058://  Precondition:  size() + __n <= capacity()
        -: 1059://  Postcondition:  size() == size() + __n
        -: 1060:template <class _Tp, class _Allocator>
        -: 1061:void
        -: 1062:vector<_Tp, _Allocator>::__construct_at_end(size_type __n)
        -: 1063:{
        -: 1064:    _ConstructTransaction __tx(*this, __n);
        -: 1065:    const_pointer __new_end = __tx.__new_end_;
        -: 1066:    for (pointer __pos = __tx.__pos_; __pos != __new_end; ++__pos, __tx.__pos_ = __pos) {
        -: 1067:        __alloc_traits::construct(this->__alloc(), _VSTD::__to_address(__pos));
        -: 1068:    }
        -: 1069:}
        -: 1070:
        -: 1071://  Copy constructs __n objects starting at __end_ from __x
        -: 1072://  throws if construction throws
        -: 1073://  Precondition:  __n > 0
        -: 1074://  Precondition:  size() + __n <= capacity()
        -: 1075://  Postcondition:  size() == old size() + __n
        -: 1076://  Postcondition:  [i] == __x for all i in [size() - __n, __n)
        -: 1077:template <class _Tp, class _Allocator>
        -: 1078:inline
        -: 1079:void
        -: 1080:vector<_Tp, _Allocator>::__construct_at_end(size_type __n, const_reference __x)
        -: 1081:{
        -: 1082:    _ConstructTransaction __tx(*this, __n);
        -: 1083:    const_pointer __new_end = __tx.__new_end_;
        -: 1084:    for (pointer __pos = __tx.__pos_; __pos != __new_end; ++__pos, __tx.__pos_ = __pos) {
        -: 1085:        __alloc_traits::construct(this->__alloc(), _VSTD::__to_address(__pos), __x);
        -: 1086:    }
        -: 1087:}
        -: 1088:
        -: 1089:template <class _Tp, class _Allocator>
        -: 1090:template <class _ForwardIterator>
        -: 1091:typename enable_if
        -: 1092:<
        -: 1093:    __is_cpp17_forward_iterator<_ForwardIterator>::value,
        -: 1094:    void
        -: 1095:>::type
function _ZNSt3__16vectorINS_5tupleIJdNS1_IJddEEEEEENS_9allocatorIS3_EEE18__construct_at_endIPKS3_EENS_9enable_ifIXsr27__is_cpp17_forward_iteratorIT_EE5valueEvE4typeESB_SB_m called 0 returned 0% blocks executed 0%
function _ZNSt3__16vectorINS0_INS_5tupleIJdNS1_IJddEEEEEENS_9allocatorIS3_EEEENS4_IS6_EEE18__construct_at_endIPKS6_EENS_9enable_ifIXsr27__is_cpp17_forward_iteratorIT_EE5valueEvE4typeESD_SD_m called 1 returned 100% blocks executed 50%
function _ZNSt3__16vectorINS_5tupleIJdNS1_IJddEEEEEENS_9allocatorIS3_EEE18__construct_at_endIPS3_EENS_9enable_ifIXsr27__is_cpp17_forward_iteratorIT_EE5valueEvE4typeESA_SA_m called 0 returned 0% blocks executed 0%
function _ZNSt3__16vectorINS0_INS_5tupleIJdNS1_IJddEEEEEENS_9allocatorIS3_EEEENS4_IS6_EEE18__construct_at_endIPS6_EENS_9enable_ifIXsr27__is_cpp17_forward_iteratorIT_EE5valueEvE4typeESC_SC_m called 2 returned 100% blocks executed 50%
        3: 1096:vector<_Tp, _Allocator>::__construct_at_end(_ForwardIterator __first, _ForwardIterator __last, size_type __n)
        -: 1097:{
        3: 1098:    _ConstructTransaction __tx(*this, __n);
        3: 1099:    _VSTD::__construct_range_forward(this->__alloc(), __first, __last, __tx.__pos_);
    $$$$$: 1099-block  0
branch  0 never executed
branch  1 never executed
        1: 1099-block  1
branch  2 taken 1
branch  3 taken 0
    $$$$$: 1099-block  2
branch  4 never executed
branch  5 never executed
        2: 1099-block  3
branch  6 taken 2
branch  7 taken 0
        3: 1100:}
    $$$$$: 1100-block  0
    $$$$$: 1100-block  1
    $$$$$: 1100-block  2
        1: 1100-block  3
    $$$$$: 1100-block  4
    $$$$$: 1100-block  5
    $$$$$: 1100-block  6
    $$$$$: 1100-block  7
    $$$$$: 1100-block  8
        2: 1100-block  9
    $$$$$: 1100-block 10
    $$$$$: 1100-block 11
        -: 1101:
        -: 1102://  Default constructs __n objects starting at __end_
        -: 1103://  throws if construction throws
        -: 1104://  Postcondition:  size() == size() + __n
        -: 1105://  Exception safety: strong.
        -: 1106:template <class _Tp, class _Allocator>
        -: 1107:void
        -: 1108:vector<_Tp, _Allocator>::__append(size_type __n)
        -: 1109:{
        -: 1110:    if (static_cast<size_type>(this->__end_cap() - this->__end_) >= __n)
        -: 1111:        this->__construct_at_end(__n);
        -: 1112:    else
        -: 1113:    {
        -: 1114:        allocator_type& __a = this->__alloc();
        -: 1115:        __split_buffer<value_type, allocator_type&> __v(__recommend(size() + __n), size(), __a);
        -: 1116:        __v.__construct_at_end(__n);
        -: 1117:        __swap_out_circular_buffer(__v);
        -: 1118:    }
        -: 1119:}
        -: 1120:
        -: 1121://  Default constructs __n objects starting at __end_
        -: 1122://  throws if construction throws
        -: 1123://  Postcondition:  size() == size() + __n
        -: 1124://  Exception safety: strong.
        -: 1125:template <class _Tp, class _Allocator>
        -: 1126:void
        -: 1127:vector<_Tp, _Allocator>::__append(size_type __n, const_reference __x)
        -: 1128:{
        -: 1129:    if (static_cast<size_type>(this->__end_cap() - this->__end_) >= __n)
        -: 1130:        this->__construct_at_end(__n, __x);
        -: 1131:    else
        -: 1132:    {
        -: 1133:        allocator_type& __a = this->__alloc();
        -: 1134:        __split_buffer<value_type, allocator_type&> __v(__recommend(size() + __n), size(), __a);
        -: 1135:        __v.__construct_at_end(__n, __x);
        -: 1136:        __swap_out_circular_buffer(__v);
        -: 1137:    }
        -: 1138:}
        -: 1139:
        -: 1140:template <class _Tp, class _Allocator>
        -: 1141:vector<_Tp, _Allocator>::vector(size_type __n)
        -: 1142:{
        -: 1143:#if _LIBCPP_DEBUG_LEVEL == 2
        -: 1144:    __get_db()->__insert_c(this);
        -: 1145:#endif
        -: 1146:    if (__n > 0)
        -: 1147:    {
        -: 1148:        __vallocate(__n);
        -: 1149:        __construct_at_end(__n);
        -: 1150:    }
        -: 1151:}
        -: 1152:
        -: 1153:#if _LIBCPP_STD_VER > 11
        -: 1154:template <class _Tp, class _Allocator>
        -: 1155:vector<_Tp, _Allocator>::vector(size_type __n, const allocator_type& __a)
        -: 1156:    : __base(__a)
        -: 1157:{
        -: 1158:#if _LIBCPP_DEBUG_LEVEL == 2
        -: 1159:    __get_db()->__insert_c(this);
        -: 1160:#endif
        -: 1161:    if (__n > 0)
        -: 1162:    {
        -: 1163:        __vallocate(__n);
        -: 1164:        __construct_at_end(__n);
        -: 1165:    }
        -: 1166:}
        -: 1167:#endif
        -: 1168:
        -: 1169:template <class _Tp, class _Allocator>
        -: 1170:vector<_Tp, _Allocator>::vector(size_type __n, const value_type& __x)
        -: 1171:{
        -: 1172:#if _LIBCPP_DEBUG_LEVEL == 2
        -: 1173:    __get_db()->__insert_c(this);
        -: 1174:#endif
        -: 1175:    if (__n > 0)
        -: 1176:    {
        -: 1177:        __vallocate(__n);
        -: 1178:        __construct_at_end(__n, __x);
        -: 1179:    }
        -: 1180:}
        -: 1181:
        -: 1182:template <class _Tp, class _Allocator>
        -: 1183:vector<_Tp, _Allocator>::vector(size_type __n, const value_type& __x, const allocator_type& __a)
        -: 1184:    : __base(__a)
        -: 1185:{
        -: 1186:#if _LIBCPP_DEBUG_LEVEL == 2
        -: 1187:    __get_db()->__insert_c(this);
        -: 1188:#endif
        -: 1189:    if (__n > 0)
        -: 1190:    {
        -: 1191:        __vallocate(__n);
        -: 1192:        __construct_at_end(__n, __x);
        -: 1193:    }
        -: 1194:}
        -: 1195:
        -: 1196:template <class _Tp, class _Allocator>
        -: 1197:template <class _InputIterator>
        -: 1198:vector<_Tp, _Allocator>::vector(_InputIterator __first,
        -: 1199:       typename enable_if<__is_cpp17_input_iterator  <_InputIterator>::value &&
        -: 1200:                         !__is_cpp17_forward_iterator<_InputIterator>::value &&
        -: 1201:                         is_constructible<
        -: 1202:                            value_type,
        -: 1203:                            typename iterator_traits<_InputIterator>::reference>::value,
        -: 1204:                          _InputIterator>::type __last)
        -: 1205:{
        -: 1206:#if _LIBCPP_DEBUG_LEVEL == 2
        -: 1207:    __get_db()->__insert_c(this);
        -: 1208:#endif
        -: 1209:    for (; __first != __last; ++__first)
        -: 1210:        __emplace_back(*__first);
        -: 1211:}
        -: 1212:
        -: 1213:template <class _Tp, class _Allocator>
        -: 1214:template <class _InputIterator>
        -: 1215:vector<_Tp, _Allocator>::vector(_InputIterator __first, _InputIterator __last, const allocator_type& __a,
        -: 1216:       typename enable_if<__is_cpp17_input_iterator  <_InputIterator>::value &&
        -: 1217:                         !__is_cpp17_forward_iterator<_InputIterator>::value &&
        -: 1218:                         is_constructible<
        -: 1219:                            value_type,
        -: 1220:                            typename iterator_traits<_InputIterator>::reference>::value>::type*)
        -: 1221:    : __base(__a)
        -: 1222:{
        -: 1223:#if _LIBCPP_DEBUG_LEVEL == 2
        -: 1224:    __get_db()->__insert_c(this);
        -: 1225:#endif
        -: 1226:    for (; __first != __last; ++__first)
        -: 1227:        __emplace_back(*__first);
        -: 1228:}
        -: 1229:
        -: 1230:template <class _Tp, class _Allocator>
        -: 1231:template <class _ForwardIterator>
        -: 1232:vector<_Tp, _Allocator>::vector(_ForwardIterator __first,
        -: 1233:                                typename enable_if<__is_cpp17_forward_iterator<_ForwardIterator>::value &&
        -: 1234:                                is_constructible<
        -: 1235:                                   value_type,
        -: 1236:                                   typename iterator_traits<_ForwardIterator>::reference>::value,
        -: 1237:                                                   _ForwardIterator>::type __last)
        -: 1238:{
        -: 1239:#if _LIBCPP_DEBUG_LEVEL == 2
        -: 1240:    __get_db()->__insert_c(this);
        -: 1241:#endif
        -: 1242:    size_type __n = static_cast<size_type>(_VSTD::distance(__first, __last));
        -: 1243:    if (__n > 0)
        -: 1244:    {
        -: 1245:        __vallocate(__n);
        -: 1246:        __construct_at_end(__first, __last, __n);
        -: 1247:    }
        -: 1248:}
        -: 1249:
        -: 1250:template <class _Tp, class _Allocator>
        -: 1251:template <class _ForwardIterator>
        -: 1252:vector<_Tp, _Allocator>::vector(_ForwardIterator __first, _ForwardIterator __last, const allocator_type& __a,
        -: 1253:                                typename enable_if<__is_cpp17_forward_iterator<_ForwardIterator>::value &&
        -: 1254:                                is_constructible<
        -: 1255:                                   value_type,
        -: 1256:                                   typename iterator_traits<_ForwardIterator>::reference>::value>::type*)
        -: 1257:    : __base(__a)
        -: 1258:{
        -: 1259:#if _LIBCPP_DEBUG_LEVEL == 2
        -: 1260:    __get_db()->__insert_c(this);
        -: 1261:#endif
        -: 1262:    size_type __n = static_cast<size_type>(_VSTD::distance(__first, __last));
        -: 1263:    if (__n > 0)
        -: 1264:    {
        -: 1265:        __vallocate(__n);
        -: 1266:        __construct_at_end(__first, __last, __n);
        -: 1267:    }
        -: 1268:}
        -: 1269:
        -: 1270:template <class _Tp, class _Allocator>
function _ZNSt3__16vectorINS0_INS_5tupleIJdNS1_IJddEEEEEENS_9allocatorIS3_EEEENS4_IS6_EEEC1ERKS8_ called 2 returned 100% blocks executed 100%
function _ZNSt3__16vectorINS_5tupleIJdNS1_IJddEEEEEENS_9allocatorIS3_EEEC1ERKS6_ called 0 returned 0% blocks executed 0%
function _ZNSt3__16vectorINS_5tupleIJdNS1_IJddEEEEEENS_9allocatorIS3_EEEC2ERKS6_ called 0 returned 0% blocks executed 0%
function _ZNSt3__16vectorINS0_INS_5tupleIJdNS1_IJddEEEEEENS_9allocatorIS3_EEEENS4_IS6_EEEC2ERKS8_ called 2 returned 100% blocks executed 71%
        4: 1271:vector<_Tp, _Allocator>::vector(const vector& __x)
        2: 1272:    : __base(__alloc_traits::select_on_container_copy_construction(__x.__alloc()))
        4: 1273:{
        -: 1274:#if _LIBCPP_DEBUG_LEVEL == 2
        -: 1275:    __get_db()->__insert_c(this);
        -: 1276:#endif
        2: 1277:    size_type __n = __x.size();
        2: 1278:    if (__n > 0)
    $$$$$: 1278-block  0
branch  0 never executed
branch  1 never executed
        2: 1278-block  1
branch  2 taken 0
branch  3 taken 2
        -: 1279:    {
        2: 1280:        __vallocate(__n);
    $$$$$: 1280-block  0
branch  0 never executed
branch  1 never executed
        2: 1280-block  1
branch  2 taken 2
branch  3 taken 0
        2: 1281:        __construct_at_end(__x.__begin_, __x.__end_, __n);
    $$$$$: 1281-block  0
branch  0 never executed
branch  1 never executed
        2: 1281-block  1
branch  2 taken 2
branch  3 taken 0
        2: 1282:    }
    $$$$$: 1282-block  0
[...]
        -: 2974:    if (__n > 0)
        -: 2975:    {
        -: 2976:        size_type __c = capacity();
        -: 2977:        if (__n <= __c)
        -: 2978:            __size_ = __n;
        -: 2979:        else
        -: 2980:        {
        -: 2981:            vector __v(__alloc());
        -: 2982:            __v.reserve(__recommend(__n));
        -: 2983:            __v.__size_ = __n;
        -: 2984:            swap(__v);
        -: 2985:        }
        -: 2986:        _VSTD::fill_n(begin(), __n, __x);
        -: 2987:    }
        -: 2988:  __invalidate_all_iterators();
        -: 2989:}
        -: 2990:
        -: 2991:template <class _Allocator>
        -: 2992:template <class _InputIterator>
        -: 2993:typename enable_if
        -: 2994:<
        -: 2995:    __is_cpp17_input_iterator<_InputIterator>::value &&
        -: 2996:   !__is_cpp17_forward_iterator<_InputIterator>::value,
        -: 2997:   void
        -: 2998:>::type
        -: 2999:vector<bool, _Allocator>::assign(_InputIterator __first, _InputIterator __last)
        -: 3000:{
        -: 3001:    clear();
        -: 3002:    for (; __first != __last; ++__first)
        -: 3003:        push_back(*__first);
        -: 3004:}
        -: 3005:
        -: 3006:template <class _Allocator>
        -: 3007:template <class _ForwardIterator>
        -: 3008:typename enable_if
        -: 3009:<
        -: 3010:    __is_cpp17_forward_iterator<_ForwardIterator>::value,
        -: 3011:   void
        -: 3012:>::type
        -: 3013:vector<bool, _Allocator>::assign(_ForwardIterator __first, _ForwardIterator __last)
        -: 3014:{
        -: 3015:    clear();
        -: 3016:    difference_type __ns = _VSTD::distance(__first, __last);
        -: 3017:    _LIBCPP_ASSERT(__ns >= 0, "invalid range specified");
        -: 3018:    const size_t __n = static_cast<size_type>(__ns);
        -: 3019:    if (__n)
        -: 3020:    {
        -: 3021:        if (__n > capacity())
        -: 3022:        {
        -: 3023:            __vdeallocate();
        -: 3024:            __vallocate(__n);
        -: 3025:        }
        -: 3026:        __construct_at_end(__first, __last);
        -: 3027:    }
        -: 3028:}
        -: 3029:
        -: 3030:template <class _Allocator>
        -: 3031:void
        -: 3032:vector<bool, _Allocator>::reserve(size_type __n)
        -: 3033:{
        -: 3034:    if (__n > capacity())
        -: 3035:    {
        -: 3036:        vector __v(this->__alloc());
        -: 3037:        __v.__vallocate(__n);
        -: 3038:        __v.__construct_at_end(this->begin(), this->end());
        -: 3039:        swap(__v);
        -: 3040:        __invalidate_all_iterators();
        -: 3041:    }
        -: 3042:}
        -: 3043:
        -: 3044:template <class _Allocator>
        -: 3045:void
        -: 3046:vector<bool, _Allocator>::shrink_to_fit() _NOEXCEPT
        -: 3047:{
        -: 3048:    if (__external_cap_to_internal(size()) > __cap())
        -: 3049:    {
        -: 3050:#ifndef _LIBCPP_NO_EXCEPTIONS
        -: 3051:        try
        -: 3052:        {
        -: 3053:#endif // _LIBCPP_NO_EXCEPTIONS
        -: 3054:            vector(*this, allocator_type(__alloc())).swap(*this);
        -: 3055:#ifndef _LIBCPP_NO_EXCEPTIONS
        -: 3056:        }
        -: 3057:        catch (...)
        -: 3058:        {
        -: 3059:        }
        -: 3060:#endif // _LIBCPP_NO_EXCEPTIONS
        -: 3061:    }
        -: 3062:}
        -: 3063:
        -: 3064:template <class _Allocator>
        -: 3065:typename vector<bool, _Allocator>::reference
        -: 3066:vector<bool, _Allocator>::at(size_type __n)
        -: 3067:{
        -: 3068:    if (__n >= size())
        -: 3069:        this->__throw_out_of_range();
        -: 3070:    return (*this)[__n];
        -: 3071:}
        -: 3072:
        -: 3073:template <class _Allocator>
        -: 3074:typename vector<bool, _Allocator>::const_reference
        -: 3075:vector<bool, _Allocator>::at(size_type __n) const
        -: 3076:{
        -: 3077:    if (__n >= size())
        -: 3078:        this->__throw_out_of_range();
        -: 3079:    return (*this)[__n];
        -: 3080:}
        -: 3081:
        -: 3082:template <class _Allocator>
        -: 3083:void
        -: 3084:vector<bool, _Allocator>::push_back(const value_type& __x)
        -: 3085:{
        -: 3086:    if (this->__size_ == this->capacity())
        -: 3087:        reserve(__recommend(this->__size_ + 1));
        -: 3088:    ++this->__size_;
        -: 3089:    back() = __x;
        -: 3090:}
        -: 3091:
        -: 3092:template <class _Allocator>
        -: 3093:typename vector<bool, _Allocator>::iterator
        -: 3094:vector<bool, _Allocator>::insert(const_iterator __position, const value_type& __x)
        -: 3095:{
        -: 3096:    iterator __r;
        -: 3097:    if (size() < capacity())
        -: 3098:    {
        -: 3099:        const_iterator __old_end = end();
        -: 3100:        ++__size_;
        -: 3101:        _VSTD::copy_backward(__position, __old_end, end());
        -: 3102:        __r = __const_iterator_cast(__position);
        -: 3103:    }
        -: 3104:    else
        -: 3105:    {
        -: 3106:        vector __v(__alloc());
        -: 3107:        __v.reserve(__recommend(__size_ + 1));
        -: 3108:        __v.__size_ = __size_ + 1;
        -: 3109:        __r = _VSTD::copy(cbegin(), __position, __v.begin());
        -: 3110:        _VSTD::copy_backward(__position, cend(), __v.end());
        -: 3111:        swap(__v);
        -: 3112:    }
        -: 3113:    *__r = __x;
        -: 3114:    return __r;
        -: 3115:}
        -: 3116:
        -: 3117:template <class _Allocator>
        -: 3118:typename vector<bool, _Allocator>::iterator
        -: 3119:vector<bool, _Allocator>::insert(const_iterator __position, size_type __n, const value_type& __x)
        -: 3120:{
        -: 3121:    iterator __r;
        -: 3122:    size_type __c = capacity();
        -: 3123:    if (__n <= __c && size() <= __c - __n)
        -: 3124:    {
        -: 3125:        const_iterator __old_end = end();
        -: 3126:        __size_ += __n;
        -: 3127:        _VSTD::copy_backward(__position, __old_end, end());
        -: 3128:        __r = __const_iterator_cast(__position);
        -: 3129:    }
        -: 3130:    else
        -: 3131:    {
        -: 3132:        vector __v(__alloc());
        -: 3133:        __v.reserve(__recommend(__size_ + __n));
        -: 3134:        __v.__size_ = __size_ + __n;
        -: 3135:        __r = _VSTD::copy(cbegin(), __position, __v.begin());
        -: 3136:        _VSTD::copy_backward(__position, cend(), __v.end());
        -: 3137:        swap(__v);
        -: 3138:    }
        -: 3139:    _VSTD::fill_n(__r, __n, __x);
        -: 3140:    return __r;
        -: 3141:}
        -: 3142:
        -: 3143:template <class _Allocator>
        -: 3144:template <class _InputIterator>
        -: 3145:typename enable_if
        -: 3146:<
        -: 3147:     __is_cpp17_input_iterator  <_InputIterator>::value &&
        -: 3148:    !__is_cpp17_forward_iterator<_InputIterator>::value,
        -: 3149:    typename vector<bool, _Allocator>::iterator
        -: 3150:>::type
        -: 3151:vector<bool, _Allocator>::insert(const_iterator __position, _InputIterator __first, _InputIterator __last)
        -: 3152:{
        -: 3153:    difference_type __off = __position - begin();
        -: 3154:    iterator __p = __const_iterator_cast(__position);
        -: 3155:    iterator __old_end = end();
        -: 3156:    for (; size() != capacity() && __first != __last; ++__first)
        -: 3157:    {
        -: 3158:        ++this->__size_;
        -: 3159:        back() = *__first;
        -: 3160:    }
        -: 3161:    vector __v(__alloc());
        -: 3162:    if (__first != __last)
        -: 3163:    {
        -: 3164:#ifndef _LIBCPP_NO_EXCEPTIONS
        -: 3165:        try
        -: 3166:        {
        -: 3167:#endif // _LIBCPP_NO_EXCEPTIONS
        -: 3168:            __v.assign(__first, __last);
        -: 3169:            difference_type __old_size = static_cast<difference_type>(__old_end - begin());
        -: 3170:            difference_type __old_p = __p - begin();
        -: 3171:            reserve(__recommend(size() + __v.size()));
        -: 3172:            __p = begin() + __old_p;
        -: 3173:            __old_end = begin() + __old_size;
        -: 3174:#ifndef _LIBCPP_NO_EXCEPTIONS
        -: 3175:        }
        -: 3176:        catch (...)
        -: 3177:        {
        -: 3178:            erase(__old_end, end());
        -: 3179:            throw;
        -: 3180:        }
        -: 3181:#endif // _LIBCPP_NO_EXCEPTIONS
        -: 3182:    }
        -: 3183:    __p = _VSTD::rotate(__p, __old_end, end());
        -: 3184:    insert(__p, __v.begin(), __v.end());
        -: 3185:    return begin() + __off;
        -: 3186:}
        -: 3187:
        -: 3188:template <class _Allocator>
        -: 3189:template <class _ForwardIterator>
        -: 3190:typename enable_if
        -: 3191:<
        -: 3192:    __is_cpp17_forward_iterator<_ForwardIterator>::value,
        -: 3193:    typename vector<bool, _Allocator>::iterator
        -: 3194:>::type
        -: 3195:vector<bool, _Allocator>::insert(const_iterator __position, _ForwardIterator __first, _ForwardIterator __last)
        -: 3196:{
        -: 3197:    const difference_type __n_signed = _VSTD::distance(__first, __last);
        -: 3198:    _LIBCPP_ASSERT(__n_signed >= 0, "invalid range specified");
        -: 3199:    const size_type __n = static_cast<size_type>(__n_signed);
        -: 3200:    iterator __r;
        -: 3201:    size_type __c = capacity();
        -: 3202:    if (__n <= __c && size() <= __c - __n)
        -: 3203:    {
        -: 3204:        const_iterator __old_end = end();
        -: 3205:        __size_ += __n;
        -: 3206:        _VSTD::copy_backward(__position, __old_end, end());
        -: 3207:        __r = __const_iterator_cast(__position);
        -: 3208:    }
        -: 3209:    else
        -: 3210:    {
        -: 3211:        vector __v(__alloc());
        -: 3212:        __v.reserve(__recommend(__size_ + __n));
        -: 3213:        __v.__size_ = __size_ + __n;
        -: 3214:        __r = _VSTD::copy(cbegin(), __position, __v.begin());
        -: 3215:        _VSTD::copy_backward(__position, cend(), __v.end());
        -: 3216:        swap(__v);
        -: 3217:    }
        -: 3218:    _VSTD::copy(__first, __last, __r);
        -: 3219:    return __r;
        -: 3220:}
        -: 3221:
        -: 3222:template <class _Allocator>
        -: 3223:inline _LIBCPP_INLINE_VISIBILITY
        -: 3224:typename vector<bool, _Allocator>::iterator
        -: 3225:vector<bool, _Allocator>::erase(const_iterator __position)
        -: 3226:{
        -: 3227:    iterator __r = __const_iterator_cast(__position);
        -: 3228:    _VSTD::copy(__position + 1, this->cend(), __r);
        -: 3229:    --__size_;
        -: 3230:    return __r;
        -: 3231:}
        -: 3232:
        -: 3233:template <class _Allocator>
        -: 3234:typename vector<bool, _Allocator>::iterator
        -: 3235:vector<bool, _Allocator>::erase(const_iterator __first, const_iterator __last)
        -: 3236:{
        -: 3237:    iterator __r = __const_iterator_cast(__first);
        -: 3238:    difference_type __d = __last - __first;
        -: 3239:    _VSTD::copy(__last, this->cend(), __r);
        -: 3240:    __size_ -= __d;
        -: 3241:    return __r;
        -: 3242:}
        -: 3243:
        -: 3244:template <class _Allocator>
        -: 3245:void
        -: 3246:vector<bool, _Allocator>::swap(vector& __x)
        -: 3247:#if _LIBCPP_STD_VER >= 14
        -: 3248:    _NOEXCEPT
        -: 3249:#else
        -: 3250:    _NOEXCEPT_(!__alloc_traits::propagate_on_container_swap::value ||
        -: 3251:                __is_nothrow_swappable<allocator_type>::value)
        -: 3252:#endif
        -: 3253:{
        -: 3254:    _VSTD::swap(this->__begin_, __x.__begin_);
        -: 3255:    _VSTD::swap(this->__size_, __x.__size_);
        -: 3256:    _VSTD::swap(this->__cap(), __x.__cap());
        -: 3257:    _VSTD::__swap_allocator(this->__alloc(), __x.__alloc(),
        -: 3258:        integral_constant<bool, __alloc_traits::propagate_on_container_swap::value>());
        -: 3259:}
        -: 3260:
        -: 3261:template <class _Allocator>
        -: 3262:void
        -: 3263:vector<bool, _Allocator>::resize(size_type __sz, value_type __x)
        -: 3264:{
        -: 3265:    size_type __cs = size();
        -: 3266:    if (__cs < __sz)
        -: 3267:    {
        -: 3268:        iterator __r;
        -: 3269:        size_type __c = capacity();
        -: 3270:        size_type __n = __sz - __cs;
        -: 3271:        if (__n <= __c && __cs <= __c - __n)
        -: 3272:        {
        -: 3273:            __r = end();
        -: 3274:            __size_ += __n;
        -: 3275:        }
        -: 3276:        else
        -: 3277:        {
        -: 3278:            vector __v(__alloc());
        -: 3279:            __v.reserve(__recommend(__size_ + __n));
        -: 3280:            __v.__size_ = __size_ + __n;
        -: 3281:            __r = _VSTD::copy(cbegin(), cend(), __v.begin());
        -: 3282:            swap(__v);
        -: 3283:        }
        -: 3284:        _VSTD::fill_n(__r, __n, __x);
        -: 3285:    }
        -: 3286:    else
        -: 3287:        __size_ = __sz;
        -: 3288:}
        -: 3289:
        -: 3290:template <class _Allocator>
        -: 3291:void
        -: 3292:vector<bool, _Allocator>::flip() _NOEXCEPT
        -: 3293:{
        -: 3294:    // do middle whole words
        -: 3295:    size_type __n = __size_;
        -: 3296:    __storage_pointer __p = __begin_;
        -: 3297:    for (; __n >= __bits_per_word; ++__p, __n -= __bits_per_word)
        -: 3298:        *__p = ~*__p;
        -: 3299:    // do last partial word
        -: 3300:    if (__n > 0)
        -: 3301:    {
        -: 3302:        __storage_type __m = ~__storage_type(0) >> (__bits_per_word - __n);
        -: 3303:        __storage_type __b = *__p & __m;
        -: 3304:        *__p &= ~__m;
        -: 3305:        *__p |= ~__b & __m;
        -: 3306:    }
        -: 3307:}
        -: 3308:
        -: 3309:template <class _Allocator>
        -: 3310:bool
        -: 3311:vector<bool, _Allocator>::__invariants() const
        -: 3312:{
        -: 3313:    if (this->__begin_ == nullptr)
        -: 3314:    {
        -: 3315:        if (this->__size_ != 0 || this->__cap() != 0)
        -: 3316:            return false;
        -: 3317:    }
        -: 3318:    else
        -: 3319:    {
        -: 3320:        if (this->__cap() == 0)
        -: 3321:            return false;
        -: 3322:        if (this->__size_ > this->capacity())
        -: 3323:            return false;
        -: 3324:    }
        -: 3325:    return true;
        -: 3326:}
        -: 3327:
        -: 3328:template <class _Allocator>
        -: 3329:size_t
        -: 3330:vector<bool, _Allocator>::__hash_code() const _NOEXCEPT
        -: 3331:{
        -: 3332:    size_t __h = 0;
        -: 3333:    // do middle whole words
        -: 3334:    size_type __n = __size_;
        -: 3335:    __storage_pointer __p = __begin_;
        -: 3336:    for (; __n >= __bits_per_word; ++__p, __n -= __bits_per_word)
        -: 3337:        __h ^= *__p;
        -: 3338:    // do last partial word
        -: 3339:    if (__n > 0)
        -: 3340:    {
        -: 3341:        const __storage_type __m = ~__storage_type(0) >> (__bits_per_word - __n);
        -: 3342:        __h ^= *__p & __m;
        -: 3343:    }
        -: 3344:    return __h;
        -: 3345:}
        -: 3346:
        -: 3347:template <class _Allocator>
        -: 3348:struct _LIBCPP_TEMPLATE_VIS hash<vector<bool, _Allocator> >
        -: 3349:    : public unary_function<vector<bool, _Allocator>, size_t>
        -: 3350:{
        -: 3351:    _LIBCPP_INLINE_VISIBILITY
        -: 3352:    size_t operator()(const vector<bool, _Allocator>& __vec) const _NOEXCEPT
        -: 3353:        {return __vec.__hash_code();}
        -: 3354:};
        -: 3355:
        -: 3356:template <class _Tp, class _Allocator>
        -: 3357:inline _LIBCPP_INLINE_VISIBILITY
        -: 3358:bool
        -: 3359:operator==(const vector<_Tp, _Allocator>& __x, const vector<_Tp, _Allocator>& __y)
        -: 3360:{
        -: 3361:    const typename vector<_Tp, _Allocator>::size_type __sz = __x.size();
        -: 3362:    return __sz == __y.size() && _VSTD::equal(__x.begin(), __x.end(), __y.begin());
        -: 3363:}
        -: 3364:
        -: 3365:template <class _Tp, class _Allocator>
        -: 3366:inline _LIBCPP_INLINE_VISIBILITY
        -: 3367:bool
        -: 3368:operator!=(const vector<_Tp, _Allocator>& __x, const vector<_Tp, _Allocator>& __y)
        -: 3369:{
        -: 3370:    return !(__x == __y);
        -: 3371:}
        -: 3372:
        -: 3373:template <class _Tp, class _Allocator>
        -: 3374:inline _LIBCPP_INLINE_VISIBILITY
        -: 3375:bool
        -: 3376:operator< (const vector<_Tp, _Allocator>& __x, const vector<_Tp, _Allocator>& __y)
        -: 3377:{
        -: 3378:    return _VSTD::lexicographical_compare(__x.begin(), __x.end(), __y.begin(), __y.end());
        -: 3379:}
        -: 3380:
        -: 3381:template <class _Tp, class _Allocator>
        -: 3382:inline _LIBCPP_INLINE_VISIBILITY
        -: 3383:bool
        -: 3384:operator> (const vector<_Tp, _Allocator>& __x, const vector<_Tp, _Allocator>& __y)
        -: 3385:{
        -: 3386:    return __y < __x;
        -: 3387:}
        -: 3388:
        -: 3389:template <class _Tp, class _Allocator>
        -: 3390:inline _LIBCPP_INLINE_VISIBILITY
        -: 3391:bool
        -: 3392:operator>=(const vector<_Tp, _Allocator>& __x, const vector<_Tp, _Allocator>& __y)
        -: 3393:{
        -: 3394:    return !(__x < __y);
        -: 3395:}
        -: 3396:
        -: 3397:template <class _Tp, class _Allocator>
        -: 3398:inline _LIBCPP_INLINE_VISIBILITY
        -: 3399:bool
        -: 3400:operator<=(const vector<_Tp, _Allocator>& __x, const vector<_Tp, _Allocator>& __y)
        -: 3401:{
        -: 3402:    return !(__y < __x);
        -: 3403:}
        -: 3404:
        -: 3405:template <class _Tp, class _Allocator>
        -: 3406:inline _LIBCPP_INLINE_VISIBILITY
        -: 3407:void
        -: 3408:swap(vector<_Tp, _Allocator>& __x, vector<_Tp, _Allocator>& __y)
        -: 3409:    _NOEXCEPT_(_NOEXCEPT_(__x.swap(__y)))
        -: 3410:{
        -: 3411:    __x.swap(__y);
        -: 3412:}
        -: 3413:
        -: 3414:#if _LIBCPP_STD_VER > 17
        -: 3415:template <class _Tp, class _Allocator, class _Up>
        -: 3416:inline _LIBCPP_INLINE_VISIBILITY typename vector<_Tp, _Allocator>::size_type
        -: 3417:erase(vector<_Tp, _Allocator>& __c, const _Up& __v) {
        -: 3418:  auto __old_size = __c.size();
        -: 3419:  __c.erase(_VSTD::remove(__c.begin(), __c.end(), __v), __c.end());
        -: 3420:  return __old_size - __c.size();
        -: 3421:}
        -: 3422:
        -: 3423:template <class _Tp, class _Allocator, class _Predicate>
        -: 3424:inline _LIBCPP_INLINE_VISIBILITY typename vector<_Tp, _Allocator>::size_type
        -: 3425:erase_if(vector<_Tp, _Allocator>& __c, _Predicate __pred) {
        -: 3426:  auto __old_size = __c.size();
        -: 3427:  __c.erase(_VSTD::remove_if(__c.begin(), __c.end(), __pred), __c.end());
        -: 3428:  return __old_size - __c.size();
        -: 3429:}
        -: 3430:#endif
        -: 3431:
        -: 3432:_LIBCPP_END_NAMESPACE_STD
        -: 3433:
        -: 3434:_LIBCPP_POP_MACROS
        -: 3435:
        -: 3436:#endif // _LIBCPP_VECTOR
