        -:    0:Source:/Applications/Xcode.app/Contents/Developer/Platforms/MacOSX.platform/Developer/SDKs/MacOSX12.3.sdk/usr/include/c++/v1/locale
        -:    0:Graph:/Users/IAGO/Desktop/TPI/cmake-build-debug/CMakeFiles/tpi.dir/main.gcno
        -:    0:Data:/Users/IAGO/Desktop/TPI/cmake-build-debug/CMakeFiles/tpi.dir/main.gcda
        -:    0:Runs:1
        -:    0:Programs:1
        -:    1:// -*- C++ -*-
        -:    2://===-------------------------- locale ------------------------------------===//
        -:    3://
        -:    4:// Part of the LLVM Project, under the Apache License v2.0 with LLVM Exceptions.
        -:    5:// See https://llvm.org/LICENSE.txt for license information.
        -:    6:// SPDX-License-Identifier: Apache-2.0 WITH LLVM-exception
        -:    7://
        -:    8://===----------------------------------------------------------------------===//
        -:    9:
        -:   10:#ifndef _LIBCPP_LOCALE
        -:   11:#define _LIBCPP_LOCALE
        -:   12:
        -:   13:/*
        -:   14:    locale synopsis
        -:   15:
        -:   16:namespace std
        -:   17:{
        -:   18:
        -:   19:class locale
        -:   20:{
        -:   21:public:
        -:   22:    // types:
        -:   23:    class facet;
        -:   24:    class id;
        -:   25:
        -:   26:    typedef int category;
        -:   27:    static const category // values assigned here are for exposition only
        -:   28:        none     = 0x000,
        -:   29:        collate  = 0x010,
        -:   30:        ctype    = 0x020,
        -:   31:        monetary = 0x040,
        -:   32:        numeric  = 0x080,
        -:   33:        time     = 0x100,
        -:   34:        messages = 0x200,
        -:   35:        all = collate | ctype | monetary | numeric | time | messages;
        -:   36:
        -:   37:    // construct/copy/destroy:
        -:   38:    locale() noexcept;
        -:   39:    locale(const locale& other) noexcept;
        -:   40:    explicit locale(const char* std_name);
        -:   41:    explicit locale(const string& std_name);
        -:   42:    locale(const locale& other, const char* std_name, category);
        -:   43:    locale(const locale& other, const string& std_name, category);
        -:   44:    template <class Facet> locale(const locale& other, Facet* f);
        -:   45:    locale(const locale& other, const locale& one, category);
        -:   46:
        -:   47:    ~locale(); // not virtual
        -:   48:
        -:   49:    const locale& operator=(const locale& other) noexcept;
        -:   50:
        -:   51:    template <class Facet> locale combine(const locale& other) const;
        -:   52:
        -:   53:    // locale operations:
        -:   54:    basic_string<char> name() const;
        -:   55:    bool operator==(const locale& other) const;
        -:   56:    bool operator!=(const locale& other) const;
        -:   57:    template <class charT, class Traits, class Allocator>
        -:   58:      bool operator()(const basic_string<charT,Traits,Allocator>& s1,
        -:   59:                      const basic_string<charT,Traits,Allocator>& s2) const;
        -:   60:
        -:   61:    // global locale objects:
        -:   62:    static locale global(const locale&);
        -:   63:    static const locale& classic();
        -:   64:};
        -:   65:
        -:   66:template <class Facet> const Facet& use_facet(const locale&);
        -:   67:template <class Facet> bool has_facet(const locale&) noexcept;
        -:   68:
        -:   69:// 22.3.3, convenience interfaces:
        -:   70:template <class charT> bool isspace (charT c, const locale& loc);
        -:   71:template <class charT> bool isprint (charT c, const locale& loc);
        -:   72:template <class charT> bool iscntrl (charT c, const locale& loc);
        -:   73:template <class charT> bool isupper (charT c, const locale& loc);
        -:   74:template <class charT> bool islower (charT c, const locale& loc);
        -:   75:template <class charT> bool isalpha (charT c, const locale& loc);
        -:   76:template <class charT> bool isdigit (charT c, const locale& loc);
        -:   77:template <class charT> bool ispunct (charT c, const locale& loc);
        -:   78:template <class charT> bool isxdigit(charT c, const locale& loc);
        -:   79:template <class charT> bool isalnum (charT c, const locale& loc);
        -:   80:template <class charT> bool isgraph (charT c, const locale& loc);
        -:   81:template <class charT> charT toupper(charT c, const locale& loc);
        -:   82:template <class charT> charT tolower(charT c, const locale& loc);
        -:   83:
        -:   84:template<class Codecvt, class Elem = wchar_t,
        -:   85:         class Wide_alloc = allocator<Elem>,
        -:   86:         class Byte_alloc = allocator<char>>
        -:   87:class wstring_convert
        -:   88:{
        -:   89:public:
        -:   90:    typedef basic_string<char, char_traits<char>, Byte_alloc> byte_string;
        -:   91:    typedef basic_string<Elem, char_traits<Elem>, Wide_alloc> wide_string;
        -:   92:    typedef typename Codecvt::state_type                      state_type;
        -:   93:    typedef typename wide_string::traits_type::int_type       int_type;
        -:   94:
        -:   95:    wstring_convert(Codecvt* pcvt = new Codecvt);          // before C++14
        -:   96:    explicit wstring_convert(Codecvt* pcvt = new Codecvt); // before C++20
        -:   97:    wstring_convert() : wstring_convert(new Codecvt) {}    // C++20
        -:   98:    explicit wstring_convert(Codecvt* pcvt);               // C++20
        -:   99:
        -:  100:    wstring_convert(Codecvt* pcvt, state_type state);
        -:  101:    explicit wstring_convert(const byte_string& byte_err,           // explicit in C++14
        -:  102:                    const wide_string& wide_err = wide_string());
        -:  103:    wstring_convert(const wstring_convert&) = delete;               // C++14
        -:  104:    wstring_convert & operator=(const wstring_convert &) = delete;  // C++14
        -:  105:    ~wstring_convert();
        -:  106:
        -:  107:    wide_string from_bytes(char byte);
        -:  108:    wide_string from_bytes(const char* ptr);
        -:  109:    wide_string from_bytes(const byte_string& str);
        -:  110:    wide_string from_bytes(const char* first, const char* last);
        -:  111:
        -:  112:    byte_string to_bytes(Elem wchar);
        -:  113:    byte_string to_bytes(const Elem* wptr);
        -:  114:    byte_string to_bytes(const wide_string& wstr);
        -:  115:    byte_string to_bytes(const Elem* first, const Elem* last);
        -:  116:
        -:  117:    size_t converted() const; // noexcept in C++14
        -:  118:    state_type state() const;
        -:  119:};
        -:  120:
        -:  121:template <class Codecvt, class Elem = wchar_t, class Tr = char_traits<Elem>>
        -:  122:class wbuffer_convert
        -:  123:    : public basic_streambuf<Elem, Tr>
        -:  124:{
        -:  125:public:
        -:  126:    typedef typename Tr::state_type state_type;
        -:  127:
        -:  128:    wbuffer_convert(streambuf* bytebuf = 0, Codecvt* pcvt = new Codecvt,
        -:  129:                    state_type state = state_type());          // before C++14
        -:  130:    explicit wbuffer_convert(streambuf* bytebuf = nullptr, Codecvt* pcvt = new Codecvt,
        -:  131:                            state_type state = state_type()); // before C++20
        -:  132:    wbuffer_convert() : wbuffer_convert(nullptr) {} // C++20
        -:  133:    explicit wbuffer_convert(streambuf* bytebuf, Codecvt* pcvt = new Codecvt,
        -:  134:                            state_type state = state_type()); // C++20
        -:  135:
        -:  136:    wbuffer_convert(const wbuffer_convert&) = delete;               // C++14
        -:  137:    wbuffer_convert & operator=(const wbuffer_convert &) = delete;  // C++14
        -:  138:    ~wbuffer_convert();                                             // C++14
        -:  139:
        -:  140:    streambuf* rdbuf() const;
        -:  141:    streambuf* rdbuf(streambuf* bytebuf);
        -:  142:
        -:  143:    state_type state() const;
        -:  144:};
        -:  145:
        -:  146:// 22.4.1 and 22.4.1.3, ctype:
        -:  147:class ctype_base;
        -:  148:template <class charT> class ctype;
        -:  149:template <> class ctype<char>; // specialization
        -:  150:template <class charT> class ctype_byname;
        -:  151:template <> class ctype_byname<char>; // specialization
        -:  152:
        -:  153:class codecvt_base;
        -:  154:template <class internT, class externT, class stateT> class codecvt;
        -:  155:template <class internT, class externT, class stateT> class codecvt_byname;
        -:  156:
        -:  157:// 22.4.2 and 22.4.3, numeric:
        -:  158:template <class charT, class InputIterator> class num_get;
        -:  159:template <class charT, class OutputIterator> class num_put;
        -:  160:template <class charT> class numpunct;
        -:  161:template <class charT> class numpunct_byname;
        -:  162:
        -:  163:// 22.4.4, col lation:
        -:  164:template <class charT> class collate;
        -:  165:template <class charT> class collate_byname;
        -:  166:
        -:  167:// 22.4.5, date and time:
        -:  168:class time_base;
        -:  169:template <class charT, class InputIterator> class time_get;
        -:  170:template <class charT, class InputIterator> class time_get_byname;
        -:  171:template <class charT, class OutputIterator> class time_put;
        -:  172:template <class charT, class OutputIterator> class time_put_byname;
        -:  173:
        -:  174:// 22.4.6, money:
        -:  175:class money_base;
        -:  176:template <class charT, class InputIterator> class money_get;
        -:  177:template <class charT, class OutputIterator> class money_put;
        -:  178:template <class charT, bool Intl> class moneypunct;
        -:  179:template <class charT, bool Intl> class moneypunct_byname;
        -:  180:
        -:  181:// 22.4.7, message retrieval:
        -:  182:class messages_base;
        -:  183:template <class charT> class messages;
        -:  184:template <class charT> class messages_byname;
        -:  185:
        -:  186:}  // std
        -:  187:
        -:  188:*/
        -:  189:
        -:  190:#include <__config>
        -:  191:#include <__debug>
        -:  192:#include <__locale>
        -:  193:#include <algorithm>
        -:  194:#ifndef __APPLE__
        -:  195:# include <cstdarg>
        -:  196:#endif
        -:  197:#include <cstdio>
        -:  198:#include <cstdlib>
        -:  199:#include <ctime>
        -:  200:#include <ios>
        -:  201:#include <iterator>
        -:  202:#include <limits>
        -:  203:#include <memory>
        -:  204:#include <streambuf>
        -:  205:#include <version>
        -:  206:
        -:  207:#if defined(__unix__) || (defined(__APPLE__) && defined(__MACH__))
        -:  208:// Most unix variants have catopen.  These are the specific ones that don't.
        -:  209:#  if !defined(__BIONIC__) && !defined(_NEWLIB_VERSION)
        -:  210:#    define _LIBCPP_HAS_CATOPEN 1
        -:  211:#    include <nl_types.h>
        -:  212:#  endif
        -:  213:#endif
        -:  214:
        -:  215:#ifdef _LIBCPP_LOCALE__L_EXTENSIONS
        -:  216:#include <__bsd_locale_defaults.h>
        -:  217:#else
        -:  218:#include <__bsd_locale_fallbacks.h>
        -:  219:#endif
        -:  220:
        -:  221:#if !defined(_LIBCPP_HAS_NO_PRAGMA_SYSTEM_HEADER)
        -:  222:#pragma GCC system_header
        -:  223:#endif
        -:  224:
        -:  225:_LIBCPP_PUSH_MACROS
        -:  226:#include <__undef_macros>
        -:  227:
        -:  228:
        -:  229:_LIBCPP_BEGIN_NAMESPACE_STD
        -:  230:
        -:  231:#if defined(__APPLE__) || defined(__FreeBSD__)
        -:  232:#  define _LIBCPP_GET_C_LOCALE 0
        -:  233:#elif defined(__CloudABI__) || defined(__NetBSD__)
        -:  234:#  define _LIBCPP_GET_C_LOCALE LC_C_LOCALE
        -:  235:#else
        -:  236:#  define _LIBCPP_GET_C_LOCALE __cloc()
        -:  237:   // Get the C locale object
        -:  238:   _LIBCPP_FUNC_VIS locale_t __cloc();
        -:  239:#define __cloc_defined
        -:  240:#endif
        -:  241:
        -:  242:// __scan_keyword
        -:  243:// Scans [__b, __e) until a match is found in the basic_strings range
        -:  244://  [__kb, __ke) or until it can be shown that there is no match in [__kb, __ke).
        -:  245://  __b will be incremented (visibly), consuming CharT until a match is found
        -:  246://  or proved to not exist.  A keyword may be "", in which will match anything.
        -:  247://  If one keyword is a prefix of another, and the next CharT in the input
        -:  248://  might match another keyword, the algorithm will attempt to find the longest
        -:  249://  matching keyword.  If the longer matching keyword ends up not matching, then
        -:  250://  no keyword match is found.  If no keyword match is found, __ke is returned
        -:  251://  and failbit is set in __err.
        -:  252://  Else an iterator pointing to the matching keyword is found.  If more than
        -:  253://  one keyword matches, an iterator to the first matching keyword is returned.
        -:  254://  If on exit __b == __e, eofbit is set in __err.  If __case_sensitive is false,
        -:  255://  __ct is used to force to lower case before comparing characters.
        -:  256://  Examples:
        -:  257://  Keywords:  "a", "abb"
        -:  258://  If the input is "a", the first keyword matches and eofbit is set.
        -:  259://  If the input is "abc", no match is found and "ab" are consumed.
        -:  260:template <class _InputIterator, class _ForwardIterator, class _Ctype>
        -:  261:_LIBCPP_HIDDEN
        -:  262:_ForwardIterator
        -:  263:__scan_keyword(_InputIterator& __b, _InputIterator __e,
        -:  264:               _ForwardIterator __kb, _ForwardIterator __ke,
        -:  265:               const _Ctype& __ct, ios_base::iostate& __err,
        -:  266:               bool __case_sensitive = true)
        -:  267:{
        -:  268:    typedef typename iterator_traits<_InputIterator>::value_type _CharT;
        -:  269:    size_t __nkw = static_cast<size_t>(_VSTD::distance(__kb, __ke));
        -:  270:    const unsigned char __doesnt_match = '\0';
        -:  271:    const unsigned char __might_match = '\1';
        -:  272:    const unsigned char __does_match = '\2';
        -:  273:    unsigned char __statbuf[100];
        -:  274:    unsigned char* __status = __statbuf;
        -:  275:    unique_ptr<unsigned char, void(*)(void*)> __stat_hold(nullptr, free);
        -:  276:    if (__nkw > sizeof(__statbuf))
        -:  277:    {
        -:  278:        __status = (unsigned char*)malloc(__nkw);
        -:  279:        if (__status == nullptr)
        -:  280:            __throw_bad_alloc();
        -:  281:        __stat_hold.reset(__status);
        -:  282:    }
        -:  283:    size_t __n_might_match = __nkw;  // At this point, any keyword might match
        -:  284:    size_t __n_does_match = 0;       // but none of them definitely do
        -:  285:    // Initialize all statuses to __might_match, except for "" keywords are __does_match
        -:  286:    unsigned char* __st = __status;
        -:  287:    for (_ForwardIterator __ky = __kb; __ky != __ke; ++__ky, (void) ++__st)
        -:  288:    {
        -:  289:        if (!__ky->empty())
        -:  290:            *__st = __might_match;
        -:  291:        else
        -:  292:        {
        -:  293:            *__st = __does_match;
        -:  294:            --__n_might_match;
        -:  295:            ++__n_does_match;
        -:  296:        }
        -:  297:    }
        -:  298:    // While there might be a match, test keywords against the next CharT
        -:  299:    for (size_t __indx = 0; __b != __e && __n_might_match > 0; ++__indx)
        -:  300:    {
        -:  301:        // Peek at the next CharT but don't consume it
        -:  302:        _CharT __c = *__b;
        -:  303:        if (!__case_sensitive)
        -:  304:            __c = __ct.toupper(__c);
        -:  305:        bool __consume = false;
        -:  306:        // For each keyword which might match, see if the __indx character is __c
        -:  307:        // If a match if found, consume __c
        -:  308:        // If a match is found, and that is the last character in the keyword,
        -:  309:        //    then that keyword matches.
        -:  310:        // If the keyword doesn't match this character, then change the keyword
        -:  311:        //    to doesn't match
        -:  312:        __st = __status;
        -:  313:        for (_ForwardIterator __ky = __kb; __ky != __ke; ++__ky, (void) ++__st)
        -:  314:        {
        -:  315:            if (*__st == __might_match)
        -:  316:            {
        -:  317:                _CharT __kc = (*__ky)[__indx];
        -:  318:                if (!__case_sensitive)
        -:  319:                    __kc = __ct.toupper(__kc);
        -:  320:                if (__c == __kc)
        -:  321:                {
        -:  322:                    __consume = true;
        -:  323:                    if (__ky->size() == __indx+1)
        -:  324:                    {
        -:  325:                        *__st = __does_match;
        -:  326:                        --__n_might_match;
        -:  327:                        ++__n_does_match;
        -:  328:                    }
        -:  329:                }
        -:  330:                else
        -:  331:                {
        -:  332:                    *__st = __doesnt_match;
        -:  333:                    --__n_might_match;
        -:  334:                }
        -:  335:            }
        -:  336:        }
        -:  337:        // consume if we matched a character
        -:  338:        if (__consume)
        -:  339:        {
        -:  340:            ++__b;
        -:  341:            // If we consumed a character and there might be a matched keyword that
        -:  342:            //   was marked matched on a previous iteration, then such keywords
        -:  343:            //   which are now marked as not matching.
        -:  344:            if (__n_might_match + __n_does_match > 1)
        -:  345:            {
        -:  346:                __st = __status;
        -:  347:                for (_ForwardIterator __ky = __kb; __ky != __ke; ++__ky, (void) ++__st)
        -:  348:                {
        -:  349:                    if (*__st == __does_match && __ky->size() != __indx+1)
        -:  350:                    {
        -:  351:                        *__st = __doesnt_match;
        -:  352:                        --__n_does_match;
        -:  353:                    }
        -:  354:                }
        -:  355:            }
        -:  356:        }
        -:  357:    }
        -:  358:    // We've exited the loop because we hit eof and/or we have no more "might matches".
        -:  359:    if (__b == __e)
        -:  360:        __err |= ios_base::eofbit;
        -:  361:    // Return the first matching result
        -:  362:    for (__st = __status; __kb != __ke; ++__kb, (void) ++__st)
        -:  363:        if (*__st == __does_match)
        -:  364:            break;
        -:  365:    if (__kb == __ke)
        -:  366:        __err |= ios_base::failbit;
        -:  367:    return __kb;
        -:  368:}
        -:  369:
        -:  370:struct _LIBCPP_TYPE_VIS __num_get_base
        -:  371:{
        -:  372:    static const int __num_get_buf_sz = 40;
        -:  373:
        -:  374:    static int __get_base(ios_base&);
        -:  375:    static const char __src[33];
        -:  376:};
        -:  377:
        -:  378:_LIBCPP_FUNC_VIS
        -:  379:void __check_grouping(const string& __grouping, unsigned* __g, unsigned* __g_end,
        -:  380:                      ios_base::iostate& __err);
        -:  381:
        -:  382:template <class _CharT>
        -:  383:struct __num_get
        -:  384:    : protected __num_get_base
        -:  385:{
        -:  386:    static string __stage2_float_prep(ios_base& __iob, _CharT* __atoms, _CharT& __decimal_point,
        -:  387:                                      _CharT& __thousands_sep);
        -:  388:
        -:  389:    static int __stage2_float_loop(_CharT __ct, bool& __in_units, char& __exp,
        -:  390:                                   char* __a, char*& __a_end,
        -:  391:                                   _CharT __decimal_point, _CharT __thousands_sep,
        -:  392:                                   const string& __grouping, unsigned* __g,
        -:  393:                                   unsigned*& __g_end, unsigned& __dc, _CharT* __atoms);
        -:  394:#ifndef _LIBCPP_ABI_OPTIMIZED_LOCALE_NUM_GET
        -:  395:    static string __stage2_int_prep(ios_base& __iob, _CharT* __atoms, _CharT& __thousands_sep);
        -:  396:    static int __stage2_int_loop(_CharT __ct, int __base, char* __a, char*& __a_end,
        -:  397:                  unsigned& __dc, _CharT __thousands_sep, const string& __grouping,
        -:  398:                  unsigned* __g, unsigned*& __g_end, _CharT* __atoms);
        -:  399:
        -:  400:#else
        -:  401:    static string __stage2_int_prep(ios_base& __iob, _CharT& __thousands_sep)
        -:  402:    {
        -:  403:        locale __loc = __iob.getloc();
        -:  404:        const numpunct<_CharT>& __np = use_facet<numpunct<_CharT> >(__loc);
        -:  405:        __thousands_sep = __np.thousands_sep();
        -:  406:        return __np.grouping();
        -:  407:    }
        -:  408:
        -:  409:    const _CharT* __do_widen(ios_base& __iob, _CharT* __atoms) const
        -:  410:    {
        -:  411:      return __do_widen_p(__iob, __atoms);
        -:  412:    }
        -:  413:
        -:  414:
        -:  415:    static int __stage2_int_loop(_CharT __ct, int __base, char* __a, char*& __a_end,
        -:  416:                  unsigned& __dc, _CharT __thousands_sep, const string& __grouping,
        -:  417:                  unsigned* __g, unsigned*& __g_end, const _CharT* __atoms);
        -:  418:private:
        -:  419:    template<typename T>
        -:  420:    const T* __do_widen_p(ios_base& __iob, T* __atoms) const
        -:  421:    {
        -:  422:      locale __loc = __iob.getloc();
        -:  423:      use_facet<ctype<T> >(__loc).widen(__src, __src + 26, __atoms);
        -:  424:      return __atoms;
        -:  425:    }
        -:  426:
        -:  427:    const char* __do_widen_p(ios_base& __iob, char* __atoms) const
        -:  428:    {
        -:  429:      (void)__iob;
        -:  430:      (void)__atoms;
        -:  431:      return __src;
        -:  432:    }
        -:  433:#endif
        -:  434:};
        -:  435:
        -:  436:#ifndef _LIBCPP_ABI_OPTIMIZED_LOCALE_NUM_GET
        -:  437:template <class _CharT>
        -:  438:string
        -:  439:__num_get<_CharT>::__stage2_int_prep(ios_base& __iob, _CharT* __atoms, _CharT& __thousands_sep)
        -:  440:{
        -:  441:    locale __loc = __iob.getloc();
        -:  442:    use_facet<ctype<_CharT> >(__loc).widen(__src, __src + 26, __atoms);
        -:  443:    const numpunct<_CharT>& __np = use_facet<numpunct<_CharT> >(__loc);
        -:  444:    __thousands_sep = __np.thousands_sep();
        -:  445:    return __np.grouping();
        -:  446:}
        -:  447:#endif
        -:  448:
        -:  449:template <class _CharT>
        -:  450:string
        -:  451:__num_get<_CharT>::__stage2_float_prep(ios_base& __iob, _CharT* __atoms, _CharT& __decimal_point,
        -:  452:                    _CharT& __thousands_sep)
        -:  453:{
        -:  454:    locale __loc = __iob.getloc();
        -:  455:    use_facet<ctype<_CharT> >(__loc).widen(__src, __src + 32, __atoms);
        -:  456:    const numpunct<_CharT>& __np = use_facet<numpunct<_CharT> >(__loc);
        -:  457:    __decimal_point = __np.decimal_point();
        -:  458:    __thousands_sep = __np.thousands_sep();
        -:  459:    return __np.grouping();
        -:  460:}
        -:  461:
        -:  462:template <class _CharT>
        -:  463:int
        -:  464:#ifndef _LIBCPP_ABI_OPTIMIZED_LOCALE_NUM_GET
        -:  465:__num_get<_CharT>::__stage2_int_loop(_CharT __ct, int __base, char* __a, char*& __a_end,
        -:  466:                  unsigned& __dc, _CharT __thousands_sep, const string& __grouping,
        -:  467:                  unsigned* __g, unsigned*& __g_end, _CharT* __atoms)
        -:  468:#else
        -:  469:__num_get<_CharT>::__stage2_int_loop(_CharT __ct, int __base, char* __a, char*& __a_end,
        -:  470:                  unsigned& __dc, _CharT __thousands_sep, const string& __grouping,
        -:  471:                  unsigned* __g, unsigned*& __g_end, const _CharT* __atoms)
        -:  472:
        -:  473:#endif
        -:  474:{
        -:  475:    if (__a_end == __a && (__ct == __atoms[24] || __ct == __atoms[25]))
        -:  476:    {
        -:  477:        *__a_end++ = __ct == __atoms[24] ? '+' : '-';
        -:  478:        __dc = 0;
        -:  479:        return 0;
        -:  480:    }
        -:  481:    if (__grouping.size() != 0 && __ct == __thousands_sep)
        -:  482:    {
        -:  483:        if (__g_end-__g < __num_get_buf_sz)
        -:  484:        {
        -:  485:            *__g_end++ = __dc;
        -:  486:            __dc = 0;
        -:  487:        }
        -:  488:        return 0;
        -:  489:    }
        -:  490:    ptrdiff_t __f = find(__atoms, __atoms + 26, __ct) - __atoms;
        -:  491:    if (__f >= 24)
        -:  492:        return -1;
        -:  493:    switch (__base)
        -:  494:    {
        -:  495:    case 8:
        -:  496:    case 10:
        -:  497:        if (__f >= __base)
        -:  498:            return -1;
        -:  499:        break;
        -:  500:    case 16:
        -:  501:        if (__f < 22)
        -:  502:            break;
        -:  503:        if (__a_end != __a && __a_end - __a <= 2 && __a_end[-1] == '0')
        -:  504:        {
        -:  505:            __dc = 0;
        -:  506:            *__a_end++ = __src[__f];
        -:  507:            return 0;
        -:  508:        }
        -:  509:        return -1;
        -:  510:    }
        -:  511:    *__a_end++ = __src[__f];
        -:  512:    ++__dc;
        -:  513:    return 0;
        -:  514:}
        -:  515:
        -:  516:template <class _CharT>
        -:  517:int
        -:  518:__num_get<_CharT>::__stage2_float_loop(_CharT __ct, bool& __in_units, char& __exp, char* __a, char*& __a_end,
        -:  519:                    _CharT __decimal_point, _CharT __thousands_sep, const string& __grouping,
        -:  520:                    unsigned* __g, unsigned*& __g_end, unsigned& __dc, _CharT* __atoms)
        -:  521:{
        -:  522:    if (__ct == __decimal_point)
        -:  523:    {
        -:  524:        if (!__in_units)
        -:  525:            return -1;
        -:  526:        __in_units = false;
        -:  527:        *__a_end++ = '.';
        -:  528:        if (__grouping.size() != 0 && __g_end-__g < __num_get_buf_sz)
        -:  529:            *__g_end++ = __dc;
        -:  530:        return 0;
        -:  531:    }
        -:  532:    if (__ct == __thousands_sep && __grouping.size() != 0)
        -:  533:    {
        -:  534:        if (!__in_units)
        -:  535:            return -1;
        -:  536:        if (__g_end-__g < __num_get_buf_sz)
        -:  537:        {
        -:  538:            *__g_end++ = __dc;
        -:  539:            __dc = 0;
        -:  540:        }
        -:  541:        return 0;
        -:  542:    }
        -:  543:    ptrdiff_t __f = find(__atoms, __atoms + 32, __ct) - __atoms;
        -:  544:    if (__f >= 32)
        -:  545:        return -1;
        -:  546:    char __x = __src[__f];
        -:  547:    if (__x == '-' || __x == '+')
        -:  548:    {
        -:  549:        if (__a_end == __a || (__a_end[-1] & 0x5F) == (__exp & 0x7F))
        -:  550:        {
        -:  551:            *__a_end++ = __x;
        -:  552:            return 0;
        -:  553:        }
        -:  554:        return -1;
        -:  555:    }
        -:  556:    if (__x == 'x' || __x == 'X')
        -:  557:        __exp = 'P';
        -:  558:    else if ((__x & 0x5F) == __exp)
        -:  559:    {
        -:  560:        __exp |= (char) 0x80;
        -:  561:        if (__in_units)
        -:  562:        {
        -:  563:            __in_units = false;
        -:  564:            if (__grouping.size() != 0 && __g_end-__g < __num_get_buf_sz)
        -:  565:                *__g_end++ = __dc;
        -:  566:        }
        -:  567:    }
        -:  568:    *__a_end++ = __x;
        -:  569:    if (__f >= 22)
        -:  570:        return 0;
        -:  571:    ++__dc;
        -:  572:    return 0;
        -:  573:}
        -:  574:
        -:  575:_LIBCPP_EXTERN_TEMPLATE_EVEN_IN_DEBUG_MODE(struct _LIBCPP_EXTERN_TEMPLATE_TYPE_VIS __num_get<char>)
        -:  576:#ifndef _LIBCPP_HAS_NO_WIDE_CHARACTERS
        -:  577:_LIBCPP_EXTERN_TEMPLATE_EVEN_IN_DEBUG_MODE(struct _LIBCPP_EXTERN_TEMPLATE_TYPE_VIS __num_get<wchar_t>)
        -:  578:#endif
        -:  579:
        -:  580:template <class _CharT, class _InputIterator = istreambuf_iterator<_CharT> >
        -:  581:class _LIBCPP_TEMPLATE_VIS num_get
        -:  582:    : public locale::facet,
        -:  583:      private __num_get<_CharT>
        -:  584:{
        -:  585:public:
        -:  586:    typedef _CharT char_type;
        -:  587:    typedef _InputIterator iter_type;
        -:  588:
        -:  589:    _LIBCPP_INLINE_VISIBILITY
        -:  590:    explicit num_get(size_t __refs = 0)
        -:  591:        : locale::facet(__refs) {}
        -:  592:
        -:  593:    _LIBCPP_INLINE_VISIBILITY
        -:  594:    iter_type get(iter_type __b, iter_type __e, ios_base& __iob,
        -:  595:                  ios_base::iostate& __err, bool& __v) const
        -:  596:    {
        -:  597:        return do_get(__b, __e, __iob, __err, __v);
        -:  598:    }
        -:  599:
        -:  600:    _LIBCPP_INLINE_VISIBILITY
        -:  601:    iter_type get(iter_type __b, iter_type __e, ios_base& __iob,
        -:  602:                  ios_base::iostate& __err, long& __v) const
        -:  603:    {
        -:  604:        return do_get(__b, __e, __iob, __err, __v);
        -:  605:    }
        -:  606:
        -:  607:    _LIBCPP_INLINE_VISIBILITY
        -:  608:    iter_type get(iter_type __b, iter_type __e, ios_base& __iob,
        -:  609:                  ios_base::iostate& __err, long long& __v) const
        -:  610:    {
        -:  611:        return do_get(__b, __e, __iob, __err, __v);
        -:  612:    }
        -:  613:
        -:  614:    _LIBCPP_INLINE_VISIBILITY
        -:  615:    iter_type get(iter_type __b, iter_type __e, ios_base& __iob,
        -:  616:                  ios_base::iostate& __err, unsigned short& __v) const
        -:  617:    {
        -:  618:        return do_get(__b, __e, __iob, __err, __v);
        -:  619:    }
        -:  620:
        -:  621:    _LIBCPP_INLINE_VISIBILITY
        -:  622:    iter_type get(iter_type __b, iter_type __e, ios_base& __iob,
        -:  623:                  ios_base::iostate& __err, unsigned int& __v) const
        -:  624:    {
        -:  625:        return do_get(__b, __e, __iob, __err, __v);
        -:  626:    }
        -:  627:
        -:  628:    _LIBCPP_INLINE_VISIBILITY
        -:  629:    iter_type get(iter_type __b, iter_type __e, ios_base& __iob,
        -:  630:                  ios_base::iostate& __err, unsigned long& __v) const
        -:  631:    {
        -:  632:        return do_get(__b, __e, __iob, __err, __v);
        -:  633:    }
        -:  634:
        -:  635:    _LIBCPP_INLINE_VISIBILITY
        -:  636:    iter_type get(iter_type __b, iter_type __e, ios_base& __iob,
        -:  637:                  ios_base::iostate& __err, unsigned long long& __v) const
        -:  638:    {
        -:  639:        return do_get(__b, __e, __iob, __err, __v);
        -:  640:    }
        -:  641:
        -:  642:    _LIBCPP_INLINE_VISIBILITY
        -:  643:    iter_type get(iter_type __b, iter_type __e, ios_base& __iob,
        -:  644:                  ios_base::iostate& __err, float& __v) const
        -:  645:    {
        -:  646:        return do_get(__b, __e, __iob, __err, __v);
        -:  647:    }
        -:  648:
        -:  649:    _LIBCPP_INLINE_VISIBILITY
        -:  650:    iter_type get(iter_type __b, iter_type __e, ios_base& __iob,
        -:  651:                  ios_base::iostate& __err, double& __v) const
        -:  652:    {
        -:  653:        return do_get(__b, __e, __iob, __err, __v);
        -:  654:    }
        -:  655:
        -:  656:    _LIBCPP_INLINE_VISIBILITY
        -:  657:    iter_type get(iter_type __b, iter_type __e, ios_base& __iob,
        -:  658:                  ios_base::iostate& __err, long double& __v) const
        -:  659:    {
        -:  660:        return do_get(__b, __e, __iob, __err, __v);
        -:  661:    }
        -:  662:
        -:  663:    _LIBCPP_INLINE_VISIBILITY
        -:  664:    iter_type get(iter_type __b, iter_type __e, ios_base& __iob,
        -:  665:                  ios_base::iostate& __err, void*& __v) const
        -:  666:    {
        -:  667:        return do_get(__b, __e, __iob, __err, __v);
        -:  668:    }
        -:  669:
        -:  670:    static locale::id id;
        -:  671:
        -:  672:protected:
        -:  673:    _LIBCPP_INLINE_VISIBILITY
        -:  674:    ~num_get() {}
        -:  675:
        -:  676:    template <class _Fp>
        -:  677:    _LIBCPP_METHOD_TEMPLATE_IMPLICIT_INSTANTIATION_VIS
        -:  678:    iter_type __do_get_floating_point
        -:  679:                            (iter_type __b, iter_type __e, ios_base& __iob,
        -:  680:                             ios_base::iostate& __err, _Fp& __v) const;
        -:  681:
        -:  682:    template <class _Signed>
        -:  683:    _LIBCPP_METHOD_TEMPLATE_IMPLICIT_INSTANTIATION_VIS
        -:  684:    iter_type __do_get_signed
        -:  685:                            (iter_type __b, iter_type __e, ios_base& __iob,
        -:  686:                             ios_base::iostate& __err, _Signed& __v) const;
        -:  687:
        -:  688:    template <class _Unsigned>
        -:  689:    _LIBCPP_METHOD_TEMPLATE_IMPLICIT_INSTANTIATION_VIS
        -:  690:    iter_type __do_get_unsigned
        -:  691:                            (iter_type __b, iter_type __e, ios_base& __iob,
        -:  692:                             ios_base::iostate& __err, _Unsigned& __v) const;
        -:  693:
        -:  694:
        -:  695:    virtual iter_type do_get(iter_type __b, iter_type __e, ios_base& __iob,
        -:  696:                             ios_base::iostate& __err, bool& __v) const;
        -:  697:
        -:  698:    virtual iter_type do_get(iter_type __b, iter_type __e, ios_base& __iob,
        -:  699:                             ios_base::iostate& __err, long& __v) const
        -:  700:    { return this->__do_get_signed ( __b, __e, __iob, __err, __v ); }
        -:  701:
        -:  702:    virtual iter_type do_get(iter_type __b, iter_type __e, ios_base& __iob,
        -:  703:                             ios_base::iostate& __err, long long& __v) const
        -:  704:    { return this->__do_get_signed ( __b, __e, __iob, __err, __v ); }
        -:  705:
        -:  706:    virtual iter_type do_get(iter_type __b, iter_type __e, ios_base& __iob,
        -:  707:                             ios_base::iostate& __err, unsigned short& __v) const
        -:  708:    { return this->__do_get_unsigned ( __b, __e, __iob, __err, __v ); }
        -:  709:
        -:  710:    virtual iter_type do_get(iter_type __b, iter_type __e, ios_base& __iob,
        -:  711:                             ios_base::iostate& __err, unsigned int& __v) const
        -:  712:    { return this->__do_get_unsigned ( __b, __e, __iob, __err, __v ); }
        -:  713:
        -:  714:    virtual iter_type do_get(iter_type __b, iter_type __e, ios_base& __iob,
        -:  715:                             ios_base::iostate& __err, unsigned long& __v) const
        -:  716:    { return this->__do_get_unsigned ( __b, __e, __iob, __err, __v ); }
        -:  717:
        -:  718:    virtual iter_type do_get(iter_type __b, iter_type __e, ios_base& __iob,
        -:  719:                             ios_base::iostate& __err, unsigned long long& __v) const
        -:  720:    { return this->__do_get_unsigned ( __b, __e, __iob, __err, __v ); }
        -:  721:
        -:  722:    virtual iter_type do_get(iter_type __b, iter_type __e, ios_base& __iob,
        -:  723:                             ios_base::iostate& __err, float& __v) const
        -:  724:    { return this->__do_get_floating_point ( __b, __e, __iob, __err, __v ); }
        -:  725:
        -:  726:    virtual iter_type do_get(iter_type __b, iter_type __e, ios_base& __iob,
        -:  727:                             ios_base::iostate& __err, double& __v) const
        -:  728:    { return this->__do_get_floating_point ( __b, __e, __iob, __err, __v ); }
        -:  729:
        -:  730:    virtual iter_type do_get(iter_type __b, iter_type __e, ios_base& __iob,
        -:  731:                             ios_base::iostate& __err, long double& __v) const
        -:  732:    { return this->__do_get_floating_point ( __b, __e, __iob, __err, __v ); }
        -:  733:
        -:  734:    virtual iter_type do_get(iter_type __b, iter_type __e, ios_base& __iob,
        -:  735:                             ios_base::iostate& __err, void*& __v) const;
        -:  736:};
        -:  737:
        -:  738:template <class _CharT, class _InputIterator>
        -:  739:locale::id
        -:  740:num_get<_CharT, _InputIterator>::id;
        -:  741:
        -:  742:template <class _Tp>
        -:  743:_LIBCPP_HIDDEN _Tp
        -:  744:__num_get_signed_integral(const char* __a, const char* __a_end,
        -:  745:                          ios_base::iostate& __err, int __base)
        -:  746:{
        -:  747:    if (__a != __a_end)
        -:  748:    {
        -:  749:        typename remove_reference<decltype(errno)>::type __save_errno = errno;
        -:  750:        errno = 0;
        -:  751:        char *__p2;
        -:  752:        long long __ll = strtoll_l(__a, &__p2, __base, _LIBCPP_GET_C_LOCALE);
        -:  753:        typename remove_reference<decltype(errno)>::type __current_errno = errno;
        -:  754:        if (__current_errno == 0)
        -:  755:            errno = __save_errno;
        -:  756:        if (__p2 != __a_end)
        -:  757:        {
        -:  758:            __err = ios_base::failbit;
        -:  759:            return 0;
        -:  760:        }
        -:  761:        else if (__current_errno == ERANGE         ||
        -:  762:                 __ll < numeric_limits<_Tp>::min() ||
        -:  763:                 numeric_limits<_Tp>::max() < __ll)
        -:  764:        {
        -:  765:            __err = ios_base::failbit;
        -:  766:            if (__ll > 0)
        -:  767:                return numeric_limits<_Tp>::max();
        -:  768:            else
        -:  769:                return numeric_limits<_Tp>::min();
        -:  770:        }
        -:  771:        return static_cast<_Tp>(__ll);
        -:  772:    }
        -:  773:    __err = ios_base::failbit;
        -:  774:    return 0;
        -:  775:}
        -:  776:
        -:  777:template <class _Tp>
        -:  778:_LIBCPP_HIDDEN _Tp
        -:  779:__num_get_unsigned_integral(const char* __a, const char* __a_end,
        -:  780:                            ios_base::iostate& __err, int __base)
        -:  781:{
        -:  782:    if (__a != __a_end)
        -:  783:    {
        -:  784:        const bool __negate = *__a == '-';
        -:  785:        if (__negate && ++__a == __a_end) {
        -:  786:          __err = ios_base::failbit;
        -:  787:          return 0;
        -:  788:        }
        -:  789:        typename remove_reference<decltype(errno)>::type __save_errno = errno;
        -:  790:        errno = 0;
        -:  791:        char *__p2;
        -:  792:        unsigned long long __ll = strtoull_l(__a, &__p2, __base, _LIBCPP_GET_C_LOCALE);
        -:  793:        typename remove_reference<decltype(errno)>::type __current_errno = errno;
        -:  794:        if (__current_errno == 0)
        -:  795:            errno = __save_errno;
        -:  796:        if (__p2 != __a_end)
        -:  797:        {
        -:  798:            __err = ios_base::failbit;
        -:  799:            return 0;
        -:  800:        }
        -:  801:        else if (__current_errno == ERANGE || numeric_limits<_Tp>::max() < __ll)
        -:  802:        {
        -:  803:            __err = ios_base::failbit;
        -:  804:            return numeric_limits<_Tp>::max();
        -:  805:        }
        -:  806:        _Tp __res = static_cast<_Tp>(__ll);
        -:  807:        if (__negate) __res = -__res;
        -:  808:        return __res;
        -:  809:    }
        -:  810:    __err = ios_base::failbit;
        -:  811:    return 0;
        -:  812:}
        -:  813:
        -:  814:template <class _Tp>
        -:  815:_LIBCPP_INLINE_VISIBILITY
        -:  816:_Tp __do_strtod(const char* __a, char** __p2);
        -:  817:
        -:  818:template <>
        -:  819:inline _LIBCPP_INLINE_VISIBILITY
        -:  820:float __do_strtod<float>(const char* __a, char** __p2) {
        -:  821:    return strtof_l(__a, __p2, _LIBCPP_GET_C_LOCALE);
        -:  822:}
        -:  823:
        -:  824:template <>
        -:  825:inline _LIBCPP_INLINE_VISIBILITY
        -:  826:double __do_strtod<double>(const char* __a, char** __p2) {
        -:  827:    return strtod_l(__a, __p2, _LIBCPP_GET_C_LOCALE);
        -:  828:}
        -:  829:
        -:  830:template <>
        -:  831:inline _LIBCPP_INLINE_VISIBILITY
        -:  832:long double __do_strtod<long double>(const char* __a, char** __p2) {
        -:  833:    return strtold_l(__a, __p2, _LIBCPP_GET_C_LOCALE);
        -:  834:}
        -:  835:
        -:  836:template <class _Tp>
        -:  837:_LIBCPP_HIDDEN
        -:  838:_Tp
        -:  839:__num_get_float(const char* __a, const char* __a_end, ios_base::iostate& __err)
        -:  840:{
        -:  841:    if (__a != __a_end)
        -:  842:    {
        -:  843:        typename remove_reference<decltype(errno)>::type __save_errno = errno;
        -:  844:        errno = 0;
        -:  845:        char *__p2;
        -:  846:        _Tp __ld = __do_strtod<_Tp>(__a, &__p2);
        -:  847:        typename remove_reference<decltype(errno)>::type __current_errno = errno;
        -:  848:        if (__current_errno == 0)
        -:  849:            errno = __save_errno;
        -:  850:        if (__p2 != __a_end)
        -:  851:        {
        -:  852:            __err = ios_base::failbit;
        -:  853:            return 0;
        -:  854:        }
        -:  855:        else if (__current_errno == ERANGE)
        -:  856:            __err = ios_base::failbit;
        -:  857:        return __ld;
        -:  858:    }
        -:  859:    __err = ios_base::failbit;
        -:  860:    return 0;
        -:  861:}
        -:  862:
        -:  863:template <class _CharT, class _InputIterator>
        -:  864:_InputIterator
        -:  865:num_get<_CharT, _InputIterator>::do_get(iter_type __b, iter_type __e,
        -:  866:                                        ios_base& __iob,
        -:  867:                                        ios_base::iostate& __err,
        -:  868:                                        bool& __v) const
        -:  869:{
        -:  870:    if ((__iob.flags() & ios_base::boolalpha) == 0)
        -:  871:    {
        -:  872:        long __lv = -1;
        -:  873:        __b = do_get(__b, __e, __iob, __err, __lv);
        -:  874:        switch (__lv)
        -:  875:        {
        -:  876:        case 0:
        -:  877:            __v = false;
        -:  878:            break;
        -:  879:        case 1:
        -:  880:            __v = true;
        -:  881:            break;
        -:  882:        default:
        -:  883:            __v = true;
        -:  884:            __err = ios_base::failbit;
        -:  885:            break;
        -:  886:        }
        -:  887:        return __b;
        -:  888:    }
        -:  889:    const ctype<_CharT>& __ct = use_facet<ctype<_CharT> >(__iob.getloc());
        -:  890:    const numpunct<_CharT>& __np = use_facet<numpunct<_CharT> >(__iob.getloc());
        -:  891:    typedef typename numpunct<_CharT>::string_type string_type;
        -:  892:    const string_type __names[2] = {__np.truename(), __np.falsename()};
        -:  893:    const string_type* __i = _VSTD::__scan_keyword(__b, __e, __names, __names+2,
        -:  894:                                                   __ct, __err);
        -:  895:    __v = __i == __names;
        -:  896:    return __b;
        -:  897:}
        -:  898:
        -:  899:// signed
        -:  900:
        -:  901:template <class _CharT, class _InputIterator>
        -:  902:template <class _Signed>
        -:  903:_InputIterator
        -:  904:num_get<_CharT, _InputIterator>::__do_get_signed(iter_type __b, iter_type __e,
        -:  905:                                        ios_base& __iob,
        -:  906:                                        ios_base::iostate& __err,
        -:  907:                                        _Signed& __v) const
        -:  908:{
        -:  909:    // Stage 1
        -:  910:    int __base = this->__get_base(__iob);
        -:  911:    // Stage 2
        -:  912:    char_type __thousands_sep;
        -:  913:    const int __atoms_size = 26;
        -:  914:#ifdef _LIBCPP_ABI_OPTIMIZED_LOCALE_NUM_GET
        -:  915:    char_type __atoms1[__atoms_size];
        -:  916:    const char_type *__atoms = this->__do_widen(__iob, __atoms1);
        -:  917:    string __grouping = this->__stage2_int_prep(__iob, __thousands_sep);
        -:  918:#else
        -:  919:    char_type __atoms[__atoms_size];
        -:  920:    string __grouping = this->__stage2_int_prep(__iob, __atoms, __thousands_sep);
        -:  921:#endif
        -:  922:    string __buf;
        -:  923:    __buf.resize(__buf.capacity());
        -:  924:    char* __a = &__buf[0];
        -:  925:    char* __a_end = __a;
        -:  926:    unsigned __g[__num_get_base::__num_get_buf_sz];
        -:  927:    unsigned* __g_end = __g;
        -:  928:    unsigned __dc = 0;
        -:  929:    for (; __b != __e; ++__b)
        -:  930:    {
        -:  931:        if (__a_end == __a + __buf.size())
        -:  932:        {
        -:  933:            size_t __tmp = __buf.size();
        -:  934:            __buf.resize(2*__buf.size());
        -:  935:            __buf.resize(__buf.capacity());
        -:  936:            __a = &__buf[0];
        -:  937:            __a_end = __a + __tmp;
        -:  938:        }
        -:  939:        if (this->__stage2_int_loop(*__b, __base, __a, __a_end, __dc,
        -:  940:                                    __thousands_sep, __grouping, __g, __g_end,
        -:  941:                                    __atoms))
        -:  942:            break;
        -:  943:    }
        -:  944:    if (__grouping.size() != 0 && __g_end-__g < __num_get_base::__num_get_buf_sz)
        -:  945:        *__g_end++ = __dc;
        -:  946:    // Stage 3
        -:  947:    __v = __num_get_signed_integral<_Signed>(__a, __a_end, __err, __base);
        -:  948:    // Digit grouping checked
        -:  949:    __check_grouping(__grouping, __g, __g_end, __err);
        -:  950:    // EOF checked
        -:  951:    if (__b == __e)
        -:  952:        __err |= ios_base::eofbit;
        -:  953:    return __b;
        -:  954:}
        -:  955:
        -:  956:// unsigned
        -:  957:
        -:  958:template <class _CharT, class _InputIterator>
        -:  959:template <class _Unsigned>
        -:  960:_InputIterator
        -:  961:num_get<_CharT, _InputIterator>::__do_get_unsigned(iter_type __b, iter_type __e,
        -:  962:                                        ios_base& __iob,
        -:  963:                                        ios_base::iostate& __err,
        -:  964:                                        _Unsigned& __v) const
        -:  965:{
        -:  966:    // Stage 1
        -:  967:    int __base = this->__get_base(__iob);
        -:  968:    // Stage 2
        -:  969:    char_type __thousands_sep;
        -:  970:    const int __atoms_size = 26;
        -:  971:#ifdef _LIBCPP_ABI_OPTIMIZED_LOCALE_NUM_GET
        -:  972:    char_type __atoms1[__atoms_size];
        -:  973:    const char_type *__atoms = this->__do_widen(__iob, __atoms1);
        -:  974:    string __grouping = this->__stage2_int_prep(__iob, __thousands_sep);
        -:  975:#else
        -:  976:    char_type __atoms[__atoms_size];
        -:  977:    string __grouping = this->__stage2_int_prep(__iob, __atoms, __thousands_sep);
        -:  978:#endif
        -:  979:    string __buf;
        -:  980:    __buf.resize(__buf.capacity());
        -:  981:    char* __a = &__buf[0];
        -:  982:    char* __a_end = __a;
        -:  983:    unsigned __g[__num_get_base::__num_get_buf_sz];
        -:  984:    unsigned* __g_end = __g;
        -:  985:    unsigned __dc = 0;
        -:  986:    for (; __b != __e; ++__b)
        -:  987:    {
        -:  988:        if (__a_end == __a + __buf.size())
        -:  989:        {
        -:  990:            size_t __tmp = __buf.size();
        -:  991:            __buf.resize(2*__buf.size());
        -:  992:            __buf.resize(__buf.capacity());
        -:  993:            __a = &__buf[0];
        -:  994:            __a_end = __a + __tmp;
        -:  995:        }
        -:  996:        if (this->__stage2_int_loop(*__b, __base, __a, __a_end, __dc,
        -:  997:                                    __thousands_sep, __grouping, __g, __g_end,
        -:  998:                                    __atoms))
        -:  999:            break;
        -: 1000:    }
        -: 1001:    if (__grouping.size() != 0 && __g_end-__g < __num_get_base::__num_get_buf_sz)
        -: 1002:        *__g_end++ = __dc;
        -: 1003:    // Stage 3
        -: 1004:    __v = __num_get_unsigned_integral<_Unsigned>(__a, __a_end, __err, __base);
        -: 1005:    // Digit grouping checked
        -: 1006:    __check_grouping(__grouping, __g, __g_end, __err);
        -: 1007:    // EOF checked
        -: 1008:    if (__b == __e)
        -: 1009:        __err |= ios_base::eofbit;
        -: 1010:    return __b;
        -: 1011:}
        -: 1012:
        -: 1013:// floating point
        -: 1014:
        -: 1015:template <class _CharT, class _InputIterator>
        -: 1016:template <class _Fp>
        -: 1017:_InputIterator
        -: 1018:num_get<_CharT, _InputIterator>::__do_get_floating_point(iter_type __b, iter_type __e,
        -: 1019:                                        ios_base& __iob,
        -: 1020:                                        ios_base::iostate& __err,
        -: 1021:                                        _Fp& __v) const
        -: 1022:{
        -: 1023:    // Stage 1, nothing to do
        -: 1024:    // Stage 2
        -: 1025:    char_type __atoms[32];
        -: 1026:    char_type __decimal_point;
        -: 1027:    char_type __thousands_sep;
        -: 1028:    string __grouping = this->__stage2_float_prep(__iob, __atoms,
        -: 1029:                                                  __decimal_point,
        -: 1030:                                                  __thousands_sep);
        -: 1031:    string __buf;
        -: 1032:    __buf.resize(__buf.capacity());
        -: 1033:    char* __a = &__buf[0];
        -: 1034:    char* __a_end = __a;
        -: 1035:    unsigned __g[__num_get_base::__num_get_buf_sz];
        -: 1036:    unsigned* __g_end = __g;
        -: 1037:    unsigned __dc = 0;
        -: 1038:    bool __in_units = true;
        -: 1039:    char __exp = 'E';
        -: 1040:    for (; __b != __e; ++__b)
        -: 1041:    {
        -: 1042:        if (__a_end == __a + __buf.size())
        -: 1043:        {
        -: 1044:            size_t __tmp = __buf.size();
        -: 1045:            __buf.resize(2*__buf.size());
        -: 1046:            __buf.resize(__buf.capacity());
        -: 1047:            __a = &__buf[0];
        -: 1048:            __a_end = __a + __tmp;
        -: 1049:        }
        -: 1050:        if (this->__stage2_float_loop(*__b, __in_units, __exp, __a, __a_end,
        -: 1051:                                      __decimal_point, __thousands_sep,
        -: 1052:                                      __grouping, __g, __g_end,
        -: 1053:                                      __dc, __atoms))
        -: 1054:            break;
        -: 1055:    }
        -: 1056:    if (__grouping.size() != 0 && __in_units && __g_end-__g < __num_get_base::__num_get_buf_sz)
        -: 1057:        *__g_end++ = __dc;
        -: 1058:    // Stage 3
        -: 1059:    __v = __num_get_float<_Fp>(__a, __a_end, __err);
        -: 1060:    // Digit grouping checked
        -: 1061:    __check_grouping(__grouping, __g, __g_end, __err);
        -: 1062:    // EOF checked
        -: 1063:    if (__b == __e)
        -: 1064:        __err |= ios_base::eofbit;
        -: 1065:    return __b;
        -: 1066:}
        -: 1067:
        -: 1068:template <class _CharT, class _InputIterator>
        -: 1069:_InputIterator
        -: 1070:num_get<_CharT, _InputIterator>::do_get(iter_type __b, iter_type __e,
        -: 1071:                                        ios_base& __iob,
        -: 1072:                                        ios_base::iostate& __err,
        -: 1073:                                        void*& __v) const
        -: 1074:{
        -: 1075:    // Stage 1
        -: 1076:    int __base = 16;
        -: 1077:    // Stage 2
        -: 1078:    char_type __atoms[26];
        -: 1079:    char_type __thousands_sep = 0;
        -: 1080:    string __grouping;
        -: 1081:    use_facet<ctype<_CharT> >(__iob.getloc()).widen(__num_get_base::__src,
        -: 1082:                                                    __num_get_base::__src + 26, __atoms);
        -: 1083:    string __buf;
        -: 1084:    __buf.resize(__buf.capacity());
        -: 1085:    char* __a = &__buf[0];
        -: 1086:    char* __a_end = __a;
        -: 1087:    unsigned __g[__num_get_base::__num_get_buf_sz];
        -: 1088:    unsigned* __g_end = __g;
        -: 1089:    unsigned __dc = 0;
        -: 1090:    for (; __b != __e; ++__b)
        -: 1091:    {
        -: 1092:        if (__a_end == __a + __buf.size())
        -: 1093:        {
        -: 1094:            size_t __tmp = __buf.size();
        -: 1095:            __buf.resize(2*__buf.size());
        -: 1096:            __buf.resize(__buf.capacity());
        -: 1097:            __a = &__buf[0];
        -: 1098:            __a_end = __a + __tmp;
        -: 1099:        }
        -: 1100:        if (this->__stage2_int_loop(*__b, __base, __a, __a_end, __dc,
        -: 1101:                                    __thousands_sep, __grouping,
        -: 1102:                                    __g, __g_end, __atoms))
        -: 1103:            break;
        -: 1104:    }
        -: 1105:    // Stage 3
        -: 1106:    __buf.resize(__a_end - __a);
        -: 1107:    if (__libcpp_sscanf_l(__buf.c_str(), _LIBCPP_GET_C_LOCALE, "%p", &__v) != 1)
        -: 1108:        __err = ios_base::failbit;
        -: 1109:    // EOF checked
        -: 1110:    if (__b == __e)
        -: 1111:        __err |= ios_base::eofbit;
        -: 1112:    return __b;
        -: 1113:}
        -: 1114:
        -: 1115:_LIBCPP_EXTERN_TEMPLATE_EVEN_IN_DEBUG_MODE(class _LIBCPP_EXTERN_TEMPLATE_TYPE_VIS num_get<char>)
        -: 1116:#ifndef _LIBCPP_HAS_NO_WIDE_CHARACTERS
        -: 1117:_LIBCPP_EXTERN_TEMPLATE_EVEN_IN_DEBUG_MODE(class _LIBCPP_EXTERN_TEMPLATE_TYPE_VIS num_get<wchar_t>)
        -: 1118:#endif
        -: 1119:
        -: 1120:struct _LIBCPP_TYPE_VIS __num_put_base
        -: 1121:{
        -: 1122:protected:
        -: 1123:    static void __format_int(char* __fmt, const char* __len, bool __signd,
        -: 1124:                             ios_base::fmtflags __flags);
        -: 1125:    static bool __format_float(char* __fmt, const char* __len,
        -: 1126:                               ios_base::fmtflags __flags);
        -: 1127:    static char* __identify_padding(char* __nb, char* __ne,
        -: 1128:                                    const ios_base& __iob);
        -: 1129:};
        -: 1130:
        -: 1131:template <class _CharT>
        -: 1132:struct __num_put
        -: 1133:    : protected __num_put_base
        -: 1134:{
        -: 1135:    static void __widen_and_group_int(char* __nb, char* __np, char* __ne,
        -: 1136:                                      _CharT* __ob, _CharT*& __op, _CharT*& __oe,
        -: 1137:                                      const locale& __loc);
        -: 1138:    static void __widen_and_group_float(char* __nb, char* __np, char* __ne,
        -: 1139:                                        _CharT* __ob, _CharT*& __op, _CharT*& __oe,
        -: 1140:                                        const locale& __loc);
        -: 1141:};
        -: 1142:
        -: 1143:template <class _CharT>
        -: 1144:void
        -: 1145:__num_put<_CharT>::__widen_and_group_int(char* __nb, char* __np, char* __ne,
        -: 1146:                                         _CharT* __ob, _CharT*& __op, _CharT*& __oe,
        -: 1147:                                         const locale& __loc)
        -: 1148:{
        -: 1149:    const ctype<_CharT>&    __ct = use_facet<ctype<_CharT> >   (__loc);
        -: 1150:    const numpunct<_CharT>& __npt = use_facet<numpunct<_CharT> >(__loc);
        -: 1151:    string __grouping = __npt.grouping();
        -: 1152:    if (__grouping.empty())
        -: 1153:    {
        -: 1154:        __ct.widen(__nb, __ne, __ob);
        -: 1155:        __oe = __ob + (__ne - __nb);
        -: 1156:    }
        -: 1157:    else
        -: 1158:    {
        -: 1159:        __oe = __ob;
        -: 1160:        char* __nf = __nb;
        -: 1161:        if (*__nf == '-' || *__nf == '+')
        -: 1162:            *__oe++ = __ct.widen(*__nf++);
        -: 1163:        if (__ne - __nf >= 2 && __nf[0] == '0' && (__nf[1] == 'x' ||
        -: 1164:                                                   __nf[1] == 'X'))
        -: 1165:        {
        -: 1166:            *__oe++ = __ct.widen(*__nf++);
        -: 1167:            *__oe++ = __ct.widen(*__nf++);
        -: 1168:        }
        -: 1169:        reverse(__nf, __ne);
        -: 1170:        _CharT __thousands_sep = __npt.thousands_sep();
        -: 1171:        unsigned __dc = 0;
        -: 1172:        unsigned __dg = 0;
        -: 1173:        for (char* __p = __nf; __p < __ne; ++__p)
        -: 1174:        {
        -: 1175:            if (static_cast<unsigned>(__grouping[__dg]) > 0 &&
        -: 1176:                __dc == static_cast<unsigned>(__grouping[__dg]))
        -: 1177:            {
        -: 1178:                *__oe++ = __thousands_sep;
        -: 1179:                __dc = 0;
        -: 1180:                if (__dg < __grouping.size()-1)
        -: 1181:                    ++__dg;
        -: 1182:            }
        -: 1183:            *__oe++ = __ct.widen(*__p);
        -: 1184:            ++__dc;
        -: 1185:        }
        -: 1186:        reverse(__ob + (__nf - __nb), __oe);
        -: 1187:    }
        -: 1188:    if (__np == __ne)
        -: 1189:        __op = __oe;
        -: 1190:    else
        -: 1191:        __op = __ob + (__np - __nb);
        -: 1192:}
        -: 1193:
        -: 1194:template <class _CharT>
        -: 1195:void
        -: 1196:__num_put<_CharT>::__widen_and_group_float(char* __nb, char* __np, char* __ne,
        -: 1197:                                           _CharT* __ob, _CharT*& __op, _CharT*& __oe,
        -: 1198:                                           const locale& __loc)
        -: 1199:{
        -: 1200:    const ctype<_CharT>&    __ct = use_facet<ctype<_CharT> >   (__loc);
        -: 1201:    const numpunct<_CharT>& __npt = use_facet<numpunct<_CharT> >(__loc);
        -: 1202:    string __grouping = __npt.grouping();
        -: 1203:    __oe = __ob;
        -: 1204:    char* __nf = __nb;
        -: 1205:    if (*__nf == '-' || *__nf == '+')
        -: 1206:        *__oe++ = __ct.widen(*__nf++);
        -: 1207:    char* __ns;
        -: 1208:    if (__ne - __nf >= 2 && __nf[0] == '0' && (__nf[1] == 'x' ||
        -: 1209:                                               __nf[1] == 'X'))
        -: 1210:    {
        -: 1211:        *__oe++ = __ct.widen(*__nf++);
        -: 1212:        *__oe++ = __ct.widen(*__nf++);
        -: 1213:        for (__ns = __nf; __ns < __ne; ++__ns)
        -: 1214:            if (!isxdigit_l(*__ns, _LIBCPP_GET_C_LOCALE))
        -: 1215:                break;
        -: 1216:    }
        -: 1217:    else
        -: 1218:    {
        -: 1219:        for (__ns = __nf; __ns < __ne; ++__ns)
        -: 1220:            if (!isdigit_l(*__ns, _LIBCPP_GET_C_LOCALE))
        -: 1221:                break;
        -: 1222:    }
        -: 1223:    if (__grouping.empty())
        -: 1224:    {
        -: 1225:        __ct.widen(__nf, __ns, __oe);
        -: 1226:        __oe += __ns - __nf;
        -: 1227:    }
        -: 1228:    else
        -: 1229:    {
        -: 1230:        reverse(__nf, __ns);
        -: 1231:        _CharT __thousands_sep = __npt.thousands_sep();
        -: 1232:        unsigned __dc = 0;
        -: 1233:        unsigned __dg = 0;
        -: 1234:        for (char* __p = __nf; __p < __ns; ++__p)
        -: 1235:        {
        -: 1236:            if (__grouping[__dg] > 0 && __dc == static_cast<unsigned>(__grouping[__dg]))
        -: 1237:            {
        -: 1238:                *__oe++ = __thousands_sep;
        -: 1239:                __dc = 0;
        -: 1240:                if (__dg < __grouping.size()-1)
        -: 1241:                    ++__dg;
        -: 1242:            }
        -: 1243:            *__oe++ = __ct.widen(*__p);
        -: 1244:            ++__dc;
        -: 1245:        }
        -: 1246:        reverse(__ob + (__nf - __nb), __oe);
        -: 1247:    }
        -: 1248:    for (__nf = __ns; __nf < __ne; ++__nf)
        -: 1249:    {
        -: 1250:        if (*__nf == '.')
        -: 1251:        {
        -: 1252:            *__oe++ = __npt.decimal_point();
        -: 1253:            ++__nf;
        -: 1254:            break;
        -: 1255:        }
        -: 1256:        else
        -: 1257:            *__oe++ = __ct.widen(*__nf);
        -: 1258:    }
        -: 1259:    __ct.widen(__nf, __ne, __oe);
        -: 1260:    __oe += __ne - __nf;
        -: 1261:    if (__np == __ne)
        -: 1262:        __op = __oe;
        -: 1263:    else
        -: 1264:        __op = __ob + (__np - __nb);
        -: 1265:}
        -: 1266:
        -: 1267:_LIBCPP_EXTERN_TEMPLATE_EVEN_IN_DEBUG_MODE(struct _LIBCPP_EXTERN_TEMPLATE_TYPE_VIS __num_put<char>)
        -: 1268:#ifndef _LIBCPP_HAS_NO_WIDE_CHARACTERS
        -: 1269:_LIBCPP_EXTERN_TEMPLATE_EVEN_IN_DEBUG_MODE(struct _LIBCPP_EXTERN_TEMPLATE_TYPE_VIS __num_put<wchar_t>)
        -: 1270:#endif
        -: 1271:
        -: 1272:template <class _CharT, class _OutputIterator = ostreambuf_iterator<_CharT> >
        -: 1273:class _LIBCPP_TEMPLATE_VIS num_put
        -: 1274:    : public locale::facet,
        -: 1275:      private __num_put<_CharT>
        -: 1276:{
        -: 1277:public:
        -: 1278:    typedef _CharT char_type;
        -: 1279:    typedef _OutputIterator iter_type;
        -: 1280:
        -: 1281:    _LIBCPP_INLINE_VISIBILITY
        -: 1282:    explicit num_put(size_t __refs = 0)
        -: 1283:        : locale::facet(__refs) {}
        -: 1284:
        -: 1285:    _LIBCPP_INLINE_VISIBILITY
        -: 1286:    iter_type put(iter_type __s, ios_base& __iob, char_type __fl,
        -: 1287:                  bool __v) const
        -: 1288:    {
        -: 1289:        return do_put(__s, __iob, __fl, __v);
        -: 1290:    }
        -: 1291:
        -: 1292:    _LIBCPP_INLINE_VISIBILITY
        -: 1293:    iter_type put(iter_type __s, ios_base& __iob, char_type __fl,
        -: 1294:                  long __v) const
        -: 1295:    {
        -: 1296:        return do_put(__s, __iob, __fl, __v);
        -: 1297:    }
        -: 1298:
        -: 1299:    _LIBCPP_INLINE_VISIBILITY
        -: 1300:    iter_type put(iter_type __s, ios_base& __iob, char_type __fl,
        -: 1301:                  long long __v) const
        -: 1302:    {
        -: 1303:        return do_put(__s, __iob, __fl, __v);
        -: 1304:    }
        -: 1305:
        -: 1306:    _LIBCPP_INLINE_VISIBILITY
        -: 1307:    iter_type put(iter_type __s, ios_base& __iob, char_type __fl,
        -: 1308:                  unsigned long __v) const
        -: 1309:    {
        -: 1310:        return do_put(__s, __iob, __fl, __v);
        -: 1311:    }
        -: 1312:
        -: 1313:    _LIBCPP_INLINE_VISIBILITY
        -: 1314:    iter_type put(iter_type __s, ios_base& __iob, char_type __fl,
        -: 1315:                  unsigned long long __v) const
        -: 1316:    {
        -: 1317:        return do_put(__s, __iob, __fl, __v);
        -: 1318:    }
        -: 1319:
        -: 1320:    _LIBCPP_INLINE_VISIBILITY
        -: 1321:    iter_type put(iter_type __s, ios_base& __iob, char_type __fl,
        -: 1322:                  double __v) const
        -: 1323:    {
        -: 1324:        return do_put(__s, __iob, __fl, __v);
        -: 1325:    }
        -: 1326:
        -: 1327:    _LIBCPP_INLINE_VISIBILITY
        -: 1328:    iter_type put(iter_type __s, ios_base& __iob, char_type __fl,
        -: 1329:                  long double __v) const
        -: 1330:    {
        -: 1331:        return do_put(__s, __iob, __fl, __v);
        -: 1332:    }
        -: 1333:
        -: 1334:    _LIBCPP_INLINE_VISIBILITY
        -: 1335:    iter_type put(iter_type __s, ios_base& __iob, char_type __fl,
        -: 1336:                  const void* __v) const
        -: 1337:    {
        -: 1338:        return do_put(__s, __iob, __fl, __v);
        -: 1339:    }
        -: 1340:
        -: 1341:    static locale::id id;
        -: 1342:
        -: 1343:protected:
        -: 1344:    _LIBCPP_INLINE_VISIBILITY
        -: 1345:    ~num_put() {}
        -: 1346:
        -: 1347:    virtual iter_type do_put(iter_type __s, ios_base& __iob, char_type __fl,
        -: 1348:                             bool __v) const;
        -: 1349:    virtual iter_type do_put(iter_type __s, ios_base& __iob, char_type __fl,
        -: 1350:                             long __v) const;
        -: 1351:    virtual iter_type do_put(iter_type __s, ios_base& __iob, char_type __fl,
        -: 1352:                             long long __v) const;
        -: 1353:    virtual iter_type do_put(iter_type __s, ios_base& __iob, char_type __fl,
        -: 1354:                             unsigned long) const;
        -: 1355:    virtual iter_type do_put(iter_type __s, ios_base& __iob, char_type __fl,
        -: 1356:                             unsigned long long) const;
        -: 1357:    virtual iter_type do_put(iter_type __s, ios_base& __iob, char_type __fl,
        -: 1358:                             double __v) const;
        -: 1359:    virtual iter_type do_put(iter_type __s, ios_base& __iob, char_type __fl,
        -: 1360:                             long double __v) const;
        -: 1361:    virtual iter_type do_put(iter_type __s, ios_base& __iob, char_type __fl,
        -: 1362:                             const void* __v) const;
        -: 1363:};
        -: 1364:
        -: 1365:template <class _CharT, class _OutputIterator>
        -: 1366:locale::id
        -: 1367:num_put<_CharT, _OutputIterator>::id;
        -: 1368:
        -: 1369:template <class _CharT, class _OutputIterator>
        -: 1370:_LIBCPP_HIDDEN
        -: 1371:_OutputIterator
        -: 1372:__pad_and_output(_OutputIterator __s,
        -: 1373:                 const _CharT* __ob, const _CharT* __op, const _CharT* __oe,
        -: 1374:                 ios_base& __iob, _CharT __fl)
        -: 1375:{
        -: 1376:    streamsize __sz = __oe - __ob;
        -: 1377:    streamsize __ns = __iob.width();
        -: 1378:    if (__ns > __sz)
        -: 1379:        __ns -= __sz;
        -: 1380:    else
        -: 1381:        __ns = 0;
        -: 1382:    for (;__ob < __op; ++__ob, ++__s)
        -: 1383:        *__s = *__ob;
        -: 1384:    for (; __ns; --__ns, ++__s)
        -: 1385:        *__s = __fl;
        -: 1386:    for (; __ob < __oe; ++__ob, ++__s)
        -: 1387:        *__s = *__ob;
        -: 1388:    __iob.width(0);
        -: 1389:    return __s;
        -: 1390:}
        -: 1391:
        -: 1392:template <class _CharT, class _Traits>
        -: 1393:_LIBCPP_HIDDEN
        -: 1394:ostreambuf_iterator<_CharT, _Traits>
function _ZNSt3__116__pad_and_outputIcNS_11char_traitsIcEEEENS_19ostreambuf_iteratorIT_T0_EES6_PKS4_S8_S8_RNS_8ios_baseES4_ called 350 returned 100% blocks executed 40%
      350: 1395:__pad_and_output(ostreambuf_iterator<_CharT, _Traits> __s,
        -: 1396:                 const _CharT* __ob, const _CharT* __op, const _CharT* __oe,
        -: 1397:                 ios_base& __iob, _CharT __fl)
        -: 1398:{
      350: 1399:    if (__s.__sbuf_ == nullptr)
      350: 1399-block  0
branch  0 taken 350
branch  1 taken 0
    #####: 1400:        return __s;
    $$$$$: 1400-block  0
      350: 1401:    streamsize __sz = __oe - __ob;
      350: 1402:    streamsize __ns = __iob.width();
      350: 1403:    if (__ns > __sz)
      350: 1403-block  0
branch  0 taken 0
branch  1 taken 350
    #####: 1404:        __ns -= __sz;
    $$$$$: 1404-block  0
        -: 1405:    else
      350: 1406:        __ns = 0;
      350: 1406-block  0
      350: 1407:    streamsize __np = __op - __ob;
      350: 1408:    if (__np > 0)
      350: 1408-block  0
branch  0 taken 350
branch  1 taken 0
        -: 1409:    {
    #####: 1410:        if (__s.__sbuf_->sputn(__ob, __np) != __np)
    $$$$$: 1410-block  0
branch  0 never executed
branch  1 never executed
        -: 1411:        {
    #####: 1412:            __s.__sbuf_ = nullptr;
    #####: 1413:            return __s;
    $$$$$: 1413-block  0
        -: 1414:        }
    #####: 1415:    }
    $$$$$: 1415-block  0
      350: 1416:    if (__ns > 0)
      350: 1416-block  0
branch  0 taken 350
branch  1 taken 0
        -: 1417:    {
    #####: 1418:        basic_string<_CharT, _Traits> __sp(__ns, __fl);
    #####: 1419:        if (__s.__sbuf_->sputn(__sp.data(), __ns) != __ns)
    $$$$$: 1419-block  0
branch  0 never executed
branch  1 never executed
    $$$$$: 1419-block  1
branch  2 never executed
branch  3 never executed
        -: 1420:        {
    #####: 1421:            __s.__sbuf_ = nullptr;
    #####: 1422:            return __s;
    $$$$$: 1422-block  0
        -: 1423:        }
    #####: 1424:    }
    $$$$$: 1424-block  0
    $$$$$: 1424-block  1
    $$$$$: 1424-block  2
branch  0 never executed
branch  1 never executed
branch  2 never executed
    $$$$$: 1424-block  3
    $$$$$: 1424-block  4
      350: 1425:    __np = __oe - __op;
      350: 1426:    if (__np > 0)
      350: 1426-block  0
branch  0 taken 0
branch  1 taken 350
        -: 1427:    {
      350: 1428:        if (__s.__sbuf_->sputn(__op, __np) != __np)
      350: 1428-block  0
branch  0 taken 0
branch  1 taken 350
        -: 1429:        {
    #####: 1430:            __s.__sbuf_ = nullptr;
    #####: 1431:            return __s;
    $$$$$: 1431-block  0
        -: 1432:        }
      350: 1433:    }
      350: 1433-block  0
      350: 1434:    __iob.width(0);
      350: 1435:    return __s;
      350: 1435-block  0
      350: 1436:}
      350: 1436-block  0
        -: 1437:
        -: 1438:template <class _CharT, class _OutputIterator>
        -: 1439:_OutputIterator
        -: 1440:num_put<_CharT, _OutputIterator>::do_put(iter_type __s, ios_base& __iob,
        -: 1441:                                         char_type __fl, bool __v) const
        -: 1442:{
        -: 1443:    if ((__iob.flags() & ios_base::boolalpha) == 0)
        -: 1444:        return do_put(__s, __iob, __fl, (unsigned long)__v);
        -: 1445:    const numpunct<char_type>& __np = use_facet<numpunct<char_type> >(__iob.getloc());
        -: 1446:    typedef typename numpunct<char_type>::string_type string_type;
        -: 1447:#if _LIBCPP_DEBUG_LEVEL == 2
        -: 1448:    string_type __tmp(__v ? __np.truename() : __np.falsename());
        -: 1449:    string_type __nm = _VSTD::move(__tmp);
        -: 1450:#else
        -: 1451:    string_type __nm = __v ? __np.truename() : __np.falsename();
        -: 1452:#endif
        -: 1453:    for (typename string_type::iterator __i = __nm.begin(); __i != __nm.end(); ++__i, ++__s)
        -: 1454:        *__s = *__i;
        -: 1455:    return __s;
        -: 1456:}
        -: 1457:
        -: 1458:template <class _CharT, class _OutputIterator>
        -: 1459:_OutputIterator
        -: 1460:num_put<_CharT, _OutputIterator>::do_put(iter_type __s, ios_base& __iob,
        -: 1461:                                         char_type __fl, long __v) const
        -: 1462:{
        -: 1463:    // Stage 1 - Get number in narrow char
        -: 1464:    char __fmt[6] = {'%', 0};
        -: 1465:    const char* __len = "l";
        -: 1466:    this->__format_int(__fmt+1, __len, true, __iob.flags());
        -: 1467:    // Worst case is octal, with showbase enabled. Note that octal is always
        -: 1468:    // printed as an unsigned value.
        -: 1469:    _LIBCPP_CONSTEXPR const unsigned __nbuf
        -: 1470:        = (numeric_limits<unsigned long>::digits / 3)        // 1 char per 3 bits
        -: 1471:        + ((numeric_limits<unsigned long>::digits % 3) != 0) // round up
        -: 1472:        + 2; // base prefix + terminating null character
        -: 1473:    char __nar[__nbuf];
        -: 1474:    int __nc = __libcpp_snprintf_l(__nar, sizeof(__nar), _LIBCPP_GET_C_LOCALE, __fmt, __v);
        -: 1475:    char* __ne = __nar + __nc;
        -: 1476:    char* __np = this->__identify_padding(__nar, __ne, __iob);
        -: 1477:    // Stage 2 - Widen __nar while adding thousands separators
        -: 1478:    char_type __o[2*(__nbuf-1) - 1];
        -: 1479:    char_type* __op;  // pad here
        -: 1480:    char_type* __oe;  // end of output
        -: 1481:    this->__widen_and_group_int(__nar, __np, __ne, __o, __op, __oe, __iob.getloc());
        -: 1482:    // [__o, __oe) contains thousands_sep'd wide number
        -: 1483:    // Stage 3 & 4
        -: 1484:    return __pad_and_output(__s, __o, __op, __oe, __iob, __fl);
        -: 1485:}
        -: 1486:
        -: 1487:template <class _CharT, class _OutputIterator>
        -: 1488:_OutputIterator
        -: 1489:num_put<_CharT, _OutputIterator>::do_put(iter_type __s, ios_base& __iob,
        -: 1490:                                         char_type __fl, long long __v) const
        -: 1491:{
        -: 1492:    // Stage 1 - Get number in narrow char
        -: 1493:    char __fmt[8] = {'%', 0};
        -: 1494:    const char* __len = "ll";
        -: 1495:    this->__format_int(__fmt+1, __len, true, __iob.flags());
        -: 1496:    // Worst case is octal, with showbase enabled. Note that octal is always
        -: 1497:    // printed as an unsigned value.
        -: 1498:    _LIBCPP_CONSTEXPR const unsigned __nbuf
        -: 1499:        = (numeric_limits<unsigned long long>::digits / 3)        // 1 char per 3 bits
        -: 1500:        + ((numeric_limits<unsigned long long>::digits % 3) != 0) // round up
        -: 1501:        + 2; // base prefix + terminating null character
        -: 1502:    char __nar[__nbuf];
        -: 1503:    int __nc = __libcpp_snprintf_l(__nar, sizeof(__nar), _LIBCPP_GET_C_LOCALE, __fmt, __v);
        -: 1504:    char* __ne = __nar + __nc;
        -: 1505:    char* __np = this->__identify_padding(__nar, __ne, __iob);
        -: 1506:    // Stage 2 - Widen __nar while adding thousands separators
        -: 1507:    char_type __o[2*(__nbuf-1) - 1];
        -: 1508:    char_type* __op;  // pad here
        -: 1509:    char_type* __oe;  // end of output
        -: 1510:    this->__widen_and_group_int(__nar, __np, __ne, __o, __op, __oe, __iob.getloc());
        -: 1511:    // [__o, __oe) contains thousands_sep'd wide number
        -: 1512:    // Stage 3 & 4
        -: 1513:    return __pad_and_output(__s, __o, __op, __oe, __iob, __fl);
        -: 1514:}
        -: 1515:
        -: 1516:template <class _CharT, class _OutputIterator>
        -: 1517:_OutputIterator
        -: 1518:num_put<_CharT, _OutputIterator>::do_put(iter_type __s, ios_base& __iob,
        -: 1519:                                         char_type __fl, unsigned long __v) const
        -: 1520:{
        -: 1521:    // Stage 1 - Get number in narrow char
        -: 1522:    char __fmt[6] = {'%', 0};
        -: 1523:    const char* __len = "l";
        -: 1524:    this->__format_int(__fmt+1, __len, false, __iob.flags());
        -: 1525:    // Worst case is octal, with showbase enabled.
        -: 1526:    _LIBCPP_CONSTEXPR const unsigned __nbuf
        -: 1527:        = (numeric_limits<unsigned long>::digits / 3)        // 1 char per 3 bits
        -: 1528:        + ((numeric_limits<unsigned long>::digits % 3) != 0) // round up
        -: 1529:        + 2; // base prefix + terminating null character
        -: 1530:    char __nar[__nbuf];
        -: 1531:    int __nc = __libcpp_snprintf_l(__nar, sizeof(__nar), _LIBCPP_GET_C_LOCALE, __fmt, __v);
        -: 1532:    char* __ne = __nar + __nc;
        -: 1533:    char* __np = this->__identify_padding(__nar, __ne, __iob);
        -: 1534:    // Stage 2 - Widen __nar while adding thousands separators
        -: 1535:    char_type __o[2*(__nbuf-1) - 1];
        -: 1536:    char_type* __op;  // pad here
        -: 1537:    char_type* __oe;  // end of output
        -: 1538:    this->__widen_and_group_int(__nar, __np, __ne, __o, __op, __oe, __iob.getloc());
        -: 1539:    // [__o, __oe) contains thousands_sep'd wide number
        -: 1540:    // Stage 3 & 4
        -: 1541:    return __pad_and_output(__s, __o, __op, __oe, __iob, __fl);
        -: 1542:}
        -: 1543:
        -: 1544:template <class _CharT, class _OutputIterator>
[...]
        -: 4021:                             ios_base::openmode __wch = ios_base::in | ios_base::out);
        -: 4022:    virtual pos_type seekpos(pos_type __sp,
        -: 4023:                             ios_base::openmode __wch = ios_base::in | ios_base::out);
        -: 4024:    virtual int sync();
        -: 4025:
        -: 4026:private:
        -: 4027:    bool __read_mode();
        -: 4028:    void __write_mode();
        -: 4029:    wbuffer_convert* __close();
        -: 4030:};
        -: 4031:
        -: 4032:template <class _Codecvt, class _Elem, class _Tr>
        -: 4033:wbuffer_convert<_Codecvt, _Elem, _Tr>::
        -: 4034:    wbuffer_convert(streambuf* __bytebuf, _Codecvt* __pcvt, state_type __state)
        -: 4035:    : __extbuf_(nullptr),
        -: 4036:      __extbufnext_(nullptr),
        -: 4037:      __extbufend_(nullptr),
        -: 4038:      __ebs_(0),
        -: 4039:      __intbuf_(0),
        -: 4040:      __ibs_(0),
        -: 4041:      __bufptr_(__bytebuf),
        -: 4042:      __cv_(__pcvt),
        -: 4043:      __st_(__state),
        -: 4044:      __cm_(0),
        -: 4045:      __owns_eb_(false),
        -: 4046:      __owns_ib_(false),
        -: 4047:      __always_noconv_(__cv_ ? __cv_->always_noconv() : false)
        -: 4048:{
        -: 4049:    setbuf(0, 4096);
        -: 4050:}
        -: 4051:
        -: 4052:template <class _Codecvt, class _Elem, class _Tr>
        -: 4053:wbuffer_convert<_Codecvt, _Elem, _Tr>::~wbuffer_convert()
        -: 4054:{
        -: 4055:    __close();
        -: 4056:    delete __cv_;
        -: 4057:    if (__owns_eb_)
        -: 4058:        delete [] __extbuf_;
        -: 4059:    if (__owns_ib_)
        -: 4060:        delete [] __intbuf_;
        -: 4061:}
        -: 4062:
        -: 4063:template <class _Codecvt, class _Elem, class _Tr>
        -: 4064:typename wbuffer_convert<_Codecvt, _Elem, _Tr>::int_type
        -: 4065:wbuffer_convert<_Codecvt, _Elem, _Tr>::underflow()
        -: 4066:{
        -: 4067:    if (__cv_ == 0 || __bufptr_ == 0)
        -: 4068:        return traits_type::eof();
        -: 4069:    bool __initial = __read_mode();
        -: 4070:    char_type __1buf;
        -: 4071:    if (this->gptr() == 0)
        -: 4072:        this->setg(&__1buf, &__1buf+1, &__1buf+1);
        -: 4073:    const size_t __unget_sz = __initial ? 0 : min<size_t>((this->egptr() - this->eback()) / 2, 4);
        -: 4074:    int_type __c = traits_type::eof();
        -: 4075:    if (this->gptr() == this->egptr())
        -: 4076:    {
        -: 4077:        _VSTD::memmove(this->eback(), this->egptr() - __unget_sz, __unget_sz * sizeof(char_type));
        -: 4078:        if (__always_noconv_)
        -: 4079:        {
        -: 4080:            streamsize __nmemb = static_cast<streamsize>(this->egptr() - this->eback() - __unget_sz);
        -: 4081:            __nmemb = __bufptr_->sgetn((char*)this->eback() + __unget_sz, __nmemb);
        -: 4082:            if (__nmemb != 0)
        -: 4083:            {
        -: 4084:                this->setg(this->eback(),
        -: 4085:                           this->eback() + __unget_sz,
        -: 4086:                           this->eback() + __unget_sz + __nmemb);
        -: 4087:                __c = *this->gptr();
        -: 4088:            }
        -: 4089:        }
        -: 4090:        else
        -: 4091:        {
        -: 4092:             _LIBCPP_ASSERT(!(__extbufnext_ == NULL && (__extbufend_ != __extbufnext_)), "underflow moving from NULL" );
        -: 4093:             if (__extbufend_ != __extbufnext_)
        -: 4094:                _VSTD::memmove(__extbuf_, __extbufnext_, __extbufend_ - __extbufnext_);
        -: 4095:            __extbufnext_ = __extbuf_ + (__extbufend_ - __extbufnext_);
        -: 4096:            __extbufend_ = __extbuf_ + (__extbuf_ == __extbuf_min_ ? sizeof(__extbuf_min_) : __ebs_);
        -: 4097:            streamsize __nmemb = _VSTD::min(static_cast<streamsize>(this->egptr() - this->eback() - __unget_sz),
        -: 4098:                                 static_cast<streamsize>(__extbufend_ - __extbufnext_));
        -: 4099:            codecvt_base::result __r;
        -: 4100:            // FIXME: Do we ever need to restore the state here?
        -: 4101:            //state_type __svs = __st_;
        -: 4102:            streamsize __nr = __bufptr_->sgetn(const_cast<char*>(__extbufnext_), __nmemb);
        -: 4103:            if (__nr != 0)
        -: 4104:            {
        -: 4105:                __extbufend_ = __extbufnext_ + __nr;
        -: 4106:                char_type*  __inext;
        -: 4107:                __r = __cv_->in(__st_, __extbuf_, __extbufend_, __extbufnext_,
        -: 4108:                                       this->eback() + __unget_sz,
        -: 4109:                                       this->egptr(), __inext);
        -: 4110:                if (__r == codecvt_base::noconv)
        -: 4111:                {
        -: 4112:                    this->setg((char_type*)__extbuf_, (char_type*)__extbuf_,
        -: 4113:                               (char_type*) const_cast<char *>(__extbufend_));
        -: 4114:                    __c = *this->gptr();
        -: 4115:                }
        -: 4116:                else if (__inext != this->eback() + __unget_sz)
        -: 4117:                {
        -: 4118:                    this->setg(this->eback(), this->eback() + __unget_sz, __inext);
        -: 4119:                    __c = *this->gptr();
        -: 4120:                }
        -: 4121:            }
        -: 4122:        }
        -: 4123:    }
        -: 4124:    else
        -: 4125:        __c = *this->gptr();
        -: 4126:    if (this->eback() == &__1buf)
        -: 4127:        this->setg(0, 0, 0);
        -: 4128:    return __c;
        -: 4129:}
        -: 4130:
        -: 4131:template <class _Codecvt, class _Elem, class _Tr>
        -: 4132:typename wbuffer_convert<_Codecvt, _Elem, _Tr>::int_type
        -: 4133:wbuffer_convert<_Codecvt, _Elem, _Tr>::pbackfail(int_type __c)
        -: 4134:{
        -: 4135:    if (__cv_ != 0 && __bufptr_ != 0 && this->eback() < this->gptr())
        -: 4136:    {
        -: 4137:        if (traits_type::eq_int_type(__c, traits_type::eof()))
        -: 4138:        {
        -: 4139:            this->gbump(-1);
        -: 4140:            return traits_type::not_eof(__c);
        -: 4141:        }
        -: 4142:        if (traits_type::eq(traits_type::to_char_type(__c), this->gptr()[-1]))
        -: 4143:        {
        -: 4144:            this->gbump(-1);
        -: 4145:            *this->gptr() = traits_type::to_char_type(__c);
        -: 4146:            return __c;
        -: 4147:        }
        -: 4148:    }
        -: 4149:    return traits_type::eof();
        -: 4150:}
        -: 4151:
        -: 4152:template <class _Codecvt, class _Elem, class _Tr>
        -: 4153:typename wbuffer_convert<_Codecvt, _Elem, _Tr>::int_type
        -: 4154:wbuffer_convert<_Codecvt, _Elem, _Tr>::overflow(int_type __c)
        -: 4155:{
        -: 4156:    if (__cv_ == 0 || __bufptr_ == 0)
        -: 4157:        return traits_type::eof();
        -: 4158:    __write_mode();
        -: 4159:    char_type __1buf;
        -: 4160:    char_type* __pb_save = this->pbase();
        -: 4161:    char_type* __epb_save = this->epptr();
        -: 4162:    if (!traits_type::eq_int_type(__c, traits_type::eof()))
        -: 4163:    {
        -: 4164:        if (this->pptr() == 0)
        -: 4165:            this->setp(&__1buf, &__1buf+1);
        -: 4166:        *this->pptr() = traits_type::to_char_type(__c);
        -: 4167:        this->pbump(1);
        -: 4168:    }
        -: 4169:    if (this->pptr() != this->pbase())
        -: 4170:    {
        -: 4171:        if (__always_noconv_)
        -: 4172:        {
        -: 4173:            streamsize __nmemb = static_cast<streamsize>(this->pptr() - this->pbase());
        -: 4174:            if (__bufptr_->sputn((const char*)this->pbase(), __nmemb) != __nmemb)
        -: 4175:                return traits_type::eof();
        -: 4176:        }
        -: 4177:        else
        -: 4178:        {
        -: 4179:            char* __extbe = __extbuf_;
        -: 4180:            codecvt_base::result __r;
        -: 4181:            do
        -: 4182:            {
        -: 4183:                const char_type* __e;
        -: 4184:                __r = __cv_->out(__st_, this->pbase(), this->pptr(), __e,
        -: 4185:                                        __extbuf_, __extbuf_ + __ebs_, __extbe);
        -: 4186:                if (__e == this->pbase())
        -: 4187:                    return traits_type::eof();
        -: 4188:                if (__r == codecvt_base::noconv)
        -: 4189:                {
        -: 4190:                    streamsize __nmemb = static_cast<size_t>(this->pptr() - this->pbase());
        -: 4191:                    if (__bufptr_->sputn((const char*)this->pbase(), __nmemb) != __nmemb)
        -: 4192:                        return traits_type::eof();
        -: 4193:                }
        -: 4194:                else if (__r == codecvt_base::ok || __r == codecvt_base::partial)
        -: 4195:                {
        -: 4196:                    streamsize __nmemb = static_cast<size_t>(__extbe - __extbuf_);
        -: 4197:                    if (__bufptr_->sputn(__extbuf_, __nmemb) != __nmemb)
        -: 4198:                        return traits_type::eof();
        -: 4199:                    if (__r == codecvt_base::partial)
        -: 4200:                    {
        -: 4201:                        this->setp(const_cast<char_type *>(__e), this->pptr());
        -: 4202:                        this->__pbump(this->epptr() - this->pbase());
        -: 4203:                    }
        -: 4204:                }
        -: 4205:                else
        -: 4206:                    return traits_type::eof();
        -: 4207:            } while (__r == codecvt_base::partial);
        -: 4208:        }
        -: 4209:        this->setp(__pb_save, __epb_save);
        -: 4210:    }
        -: 4211:    return traits_type::not_eof(__c);
        -: 4212:}
        -: 4213:
        -: 4214:template <class _Codecvt, class _Elem, class _Tr>
        -: 4215:basic_streambuf<_Elem, _Tr>*
        -: 4216:wbuffer_convert<_Codecvt, _Elem, _Tr>::setbuf(char_type* __s, streamsize __n)
        -: 4217:{
        -: 4218:    this->setg(0, 0, 0);
        -: 4219:    this->setp(0, 0);
        -: 4220:    if (__owns_eb_)
        -: 4221:        delete [] __extbuf_;
        -: 4222:    if (__owns_ib_)
        -: 4223:        delete [] __intbuf_;
        -: 4224:    __ebs_ = __n;
        -: 4225:    if (__ebs_ > sizeof(__extbuf_min_))
        -: 4226:    {
        -: 4227:        if (__always_noconv_ && __s)
        -: 4228:        {
        -: 4229:            __extbuf_ = (char*)__s;
        -: 4230:            __owns_eb_ = false;
        -: 4231:        }
        -: 4232:        else
        -: 4233:        {
        -: 4234:            __extbuf_ = new char[__ebs_];
        -: 4235:            __owns_eb_ = true;
        -: 4236:        }
        -: 4237:    }
        -: 4238:    else
        -: 4239:    {
        -: 4240:        __extbuf_ = __extbuf_min_;
        -: 4241:        __ebs_ = sizeof(__extbuf_min_);
        -: 4242:        __owns_eb_ = false;
        -: 4243:    }
        -: 4244:    if (!__always_noconv_)
        -: 4245:    {
        -: 4246:        __ibs_ = max<streamsize>(__n, sizeof(__extbuf_min_));
        -: 4247:        if (__s && __ibs_ >= sizeof(__extbuf_min_))
        -: 4248:        {
        -: 4249:            __intbuf_ = __s;
        -: 4250:            __owns_ib_ = false;
        -: 4251:        }
        -: 4252:        else
        -: 4253:        {
        -: 4254:            __intbuf_ = new char_type[__ibs_];
        -: 4255:            __owns_ib_ = true;
        -: 4256:        }
        -: 4257:    }
        -: 4258:    else
        -: 4259:    {
        -: 4260:        __ibs_ = 0;
        -: 4261:        __intbuf_ = 0;
        -: 4262:        __owns_ib_ = false;
        -: 4263:    }
        -: 4264:    return this;
        -: 4265:}
        -: 4266:
        -: 4267:template <class _Codecvt, class _Elem, class _Tr>
        -: 4268:typename wbuffer_convert<_Codecvt, _Elem, _Tr>::pos_type
        -: 4269:wbuffer_convert<_Codecvt, _Elem, _Tr>::seekoff(off_type __off, ios_base::seekdir __way,
        -: 4270:                                        ios_base::openmode __om)
        -: 4271:{
        -: 4272:    int __width = __cv_->encoding();
        -: 4273:    if (__cv_ == 0 || __bufptr_ == 0 || (__width <= 0 && __off != 0) || sync())
        -: 4274:        return pos_type(off_type(-1));
        -: 4275:    // __width > 0 || __off == 0, now check __way
        -: 4276:    if (__way != ios_base::beg && __way != ios_base::cur && __way != ios_base::end)
        -: 4277:        return pos_type(off_type(-1));
        -: 4278:    pos_type __r = __bufptr_->pubseekoff(__width * __off, __way, __om);
        -: 4279:    __r.state(__st_);
        -: 4280:    return __r;
        -: 4281:}
        -: 4282:
        -: 4283:template <class _Codecvt, class _Elem, class _Tr>
        -: 4284:typename wbuffer_convert<_Codecvt, _Elem, _Tr>::pos_type
        -: 4285:wbuffer_convert<_Codecvt, _Elem, _Tr>::seekpos(pos_type __sp, ios_base::openmode __wch)
        -: 4286:{
        -: 4287:    if (__cv_ == 0 || __bufptr_ == 0 || sync())
        -: 4288:        return pos_type(off_type(-1));
        -: 4289:    if (__bufptr_->pubseekpos(__sp, __wch) == pos_type(off_type(-1)))
        -: 4290:        return pos_type(off_type(-1));
        -: 4291:    return __sp;
        -: 4292:}
        -: 4293:
        -: 4294:template <class _Codecvt, class _Elem, class _Tr>
        -: 4295:int
        -: 4296:wbuffer_convert<_Codecvt, _Elem, _Tr>::sync()
        -: 4297:{
        -: 4298:    if (__cv_ == 0 || __bufptr_ == 0)
        -: 4299:        return 0;
        -: 4300:    if (__cm_ & ios_base::out)
        -: 4301:    {
        -: 4302:        if (this->pptr() != this->pbase())
        -: 4303:            if (overflow() == traits_type::eof())
        -: 4304:                return -1;
        -: 4305:        codecvt_base::result __r;
        -: 4306:        do
        -: 4307:        {
        -: 4308:            char* __extbe;
        -: 4309:            __r = __cv_->unshift(__st_, __extbuf_, __extbuf_ + __ebs_, __extbe);
        -: 4310:            streamsize __nmemb = static_cast<streamsize>(__extbe - __extbuf_);
        -: 4311:            if (__bufptr_->sputn(__extbuf_, __nmemb) != __nmemb)
        -: 4312:                return -1;
        -: 4313:        } while (__r == codecvt_base::partial);
        -: 4314:        if (__r == codecvt_base::error)
        -: 4315:            return -1;
        -: 4316:        if (__bufptr_->pubsync())
        -: 4317:            return -1;
        -: 4318:    }
        -: 4319:    else if (__cm_ & ios_base::in)
        -: 4320:    {
        -: 4321:        off_type __c;
        -: 4322:        if (__always_noconv_)
        -: 4323:            __c = this->egptr() - this->gptr();
        -: 4324:        else
        -: 4325:        {
        -: 4326:            int __width = __cv_->encoding();
        -: 4327:            __c = __extbufend_ - __extbufnext_;
        -: 4328:            if (__width > 0)
        -: 4329:                __c += __width * (this->egptr() - this->gptr());
        -: 4330:            else
        -: 4331:            {
        -: 4332:                if (this->gptr() != this->egptr())
        -: 4333:                {
        -: 4334:                    reverse(this->gptr(), this->egptr());
        -: 4335:                    codecvt_base::result __r;
        -: 4336:                    const char_type* __e = this->gptr();
        -: 4337:                    char* __extbe;
        -: 4338:                    do
        -: 4339:                    {
        -: 4340:                        __r = __cv_->out(__st_, __e, this->egptr(), __e,
        -: 4341:                                         __extbuf_, __extbuf_ + __ebs_, __extbe);
        -: 4342:                        switch (__r)
        -: 4343:                        {
        -: 4344:                        case codecvt_base::noconv:
        -: 4345:                            __c += this->egptr() - this->gptr();
        -: 4346:                            break;
        -: 4347:                        case codecvt_base::ok:
        -: 4348:                        case codecvt_base::partial:
        -: 4349:                            __c += __extbe - __extbuf_;
        -: 4350:                            break;
        -: 4351:                        default:
        -: 4352:                            return -1;
        -: 4353:                        }
        -: 4354:                    } while (__r == codecvt_base::partial);
        -: 4355:                }
        -: 4356:            }
        -: 4357:        }
        -: 4358:        if (__bufptr_->pubseekoff(-__c, ios_base::cur, __cm_) == pos_type(off_type(-1)))
        -: 4359:            return -1;
        -: 4360:        this->setg(0, 0, 0);
        -: 4361:        __cm_ = 0;
        -: 4362:    }
        -: 4363:    return 0;
        -: 4364:}
        -: 4365:
        -: 4366:template <class _Codecvt, class _Elem, class _Tr>
        -: 4367:bool
        -: 4368:wbuffer_convert<_Codecvt, _Elem, _Tr>::__read_mode()
        -: 4369:{
        -: 4370:    if (!(__cm_ & ios_base::in))
        -: 4371:    {
        -: 4372:        this->setp(0, 0);
        -: 4373:        if (__always_noconv_)
        -: 4374:            this->setg((char_type*)__extbuf_,
        -: 4375:                       (char_type*)__extbuf_ + __ebs_,
        -: 4376:                       (char_type*)__extbuf_ + __ebs_);
        -: 4377:        else
        -: 4378:            this->setg(__intbuf_, __intbuf_ + __ibs_, __intbuf_ + __ibs_);
        -: 4379:        __cm_ = ios_base::in;
        -: 4380:        return true;
        -: 4381:    }
        -: 4382:    return false;
        -: 4383:}
        -: 4384:
        -: 4385:template <class _Codecvt, class _Elem, class _Tr>
        -: 4386:void
        -: 4387:wbuffer_convert<_Codecvt, _Elem, _Tr>::__write_mode()
        -: 4388:{
        -: 4389:    if (!(__cm_ & ios_base::out))
        -: 4390:    {
        -: 4391:        this->setg(0, 0, 0);
        -: 4392:        if (__ebs_ > sizeof(__extbuf_min_))
        -: 4393:        {
        -: 4394:            if (__always_noconv_)
        -: 4395:                this->setp((char_type*)__extbuf_,
        -: 4396:                           (char_type*)__extbuf_ + (__ebs_ - 1));
        -: 4397:            else
        -: 4398:                this->setp(__intbuf_, __intbuf_ + (__ibs_ - 1));
        -: 4399:        }
        -: 4400:        else
        -: 4401:            this->setp(0, 0);
        -: 4402:        __cm_ = ios_base::out;
        -: 4403:    }
        -: 4404:}
        -: 4405:
        -: 4406:template <class _Codecvt, class _Elem, class _Tr>
        -: 4407:wbuffer_convert<_Codecvt, _Elem, _Tr>*
        -: 4408:wbuffer_convert<_Codecvt, _Elem, _Tr>::__close()
        -: 4409:{
        -: 4410:    wbuffer_convert* __rt = nullptr;
        -: 4411:    if (__cv_ != nullptr && __bufptr_ != nullptr)
        -: 4412:    {
        -: 4413:        __rt = this;
        -: 4414:        if ((__cm_ & ios_base::out) && sync())
        -: 4415:            __rt = nullptr;
        -: 4416:    }
        -: 4417:    return __rt;
        -: 4418:}
        -: 4419:
        -: 4420:_LIBCPP_END_NAMESPACE_STD
        -: 4421:
        -: 4422:_LIBCPP_POP_MACROS
        -: 4423:
        -: 4424:#endif // _LIBCPP_LOCALE
