        -:    0:Source:/Users/IAGO/Desktop/TPI/testEnunciado/tiempoTotalTEST.cpp
        -:    0:Graph:/Users/IAGO/Desktop/TPI/cmake-build-debug/CMakeFiles/tpi.dir/testEnunciado/tiempoTotalTEST.gcno
        -:    0:Data:/Users/IAGO/Desktop/TPI/cmake-build-debug/CMakeFiles/tpi.dir/testEnunciado/tiempoTotalTEST.gcda
        -:    0:Runs:1
        -:    0:Programs:1
        -:    1:#include "../ejercicios.h"
        -:    2:#include "../auxiliares.h"
        -:    3:#include "gtest/gtest.h"
        -:    4:
        -:    5:using namespace std;
        -:    6:
        1:    7:const gps P = puntoGps(-33.5, -58.89996);
        1:    7-block  0
        -:    8:
        -:    9:
function _ZN31tiempoTotalTEST_viajeLargo_Test8TestBodyEv called 1 returned 100% blocks executed 33%
function _ZN31tiempoTotalTEST_viajeLargo_TestD1Ev called 1 returned 100% blocks executed 100%
function _ZN31tiempoTotalTEST_viajeLargo_TestD0Ev called 1 returned 100% blocks executed 100%
function _ZN31tiempoTotalTEST_viajeLargo_TestC1Ev called 1 returned 100% blocks executed 100%
function _ZN31tiempoTotalTEST_viajeLargo_TestC2Ev called 1 returned 100% blocks executed 100%
function _ZN31tiempoTotalTEST_viajeLargo_TestD2Ev called 1 returned 100% blocks executed 100%
        4:   10:TEST(tiempoTotalTEST, viajeLargo){
        1:   10-block  0
branch  0 taken 1
branch  1 taken 0
        1:   10-block  1
branch  2 taken 1
branch  3 taken 0
        1:   10-block  2
branch  4 taken 1
branch  5 taken 0
        1:   10-block  3
branch  6 taken 1
branch  7 taken 0
        1:   10-block  4
branch  8 taken 1
branch  9 taken 0
        1:   10-block  5
    $$$$$:   10-block  6
    $$$$$:   10-block  7
    $$$$$:   10-block  8
    $$$$$:   10-block  9
    $$$$$:   10-block 10
    $$$$$:   10-block 11
        1:   10-block 12
        1:   10-block 13
       10:   11:    viaje v = {medicion(1.1, P),
        1:   12:               medicion(1.5, P),
        1:   13:               medicion(1.2, P),
        1:   14:               medicion(2.2, P),
        1:   15:               medicion(2.3, P),
        1:   16:               medicion(5.2, P),
        1:   17:               medicion(5.4, P),
        1:   18:               medicion(5.5, P),
        1:   19:               medicion(7.2, P),
        1:   20:               medicion(1.9, P)};
        1:   21:    EXPECT_DOUBLE_EQ(tiempoTotal(v),6.1);
        1:   21-block  0
branch  0 taken 1
branch  1 taken 0
        1:   21-block  1
branch  2 taken 1
branch  3 taken 0
        1:   21-block  2
branch  4 taken 1
branch  5 taken 0
        1:   21-block  3
branch  6 taken 1
branch  7 taken 0
        1:   21-block  4
branch  8 taken 0
branch  9 taken 1
        1:   21-block  5
    $$$$$:   21-block  6
    $$$$$:   21-block  7
branch 10 never executed
branch 11 never executed
    $$$$$:   21-block  8
branch 12 never executed
branch 13 never executed
    $$$$$:   21-block  9
branch 14 never executed
branch 15 never executed
    $$$$$:   21-block 10
branch 16 never executed
branch 17 never executed
    $$$$$:   21-block 11
    $$$$$:   21-block 12
    $$$$$:   21-block 13
    $$$$$:   21-block 14
        1:   22:}
    $$$$$:   22-block  0
    $$$$$:   22-block  1
    $$$$$:   22-block  2
        1:   22-block  3
    $$$$$:   22-block  4
    $$$$$:   22-block  5
        -:   23:
function _ZN40tiempoTotalTEST_noEmpiezaPorElMenor_Test8TestBodyEv called 1 returned 100% blocks executed 52%
function _ZN40tiempoTotalTEST_noEmpiezaPorElMenor_TestD1Ev called 1 returned 100% blocks executed 100%
function _ZN40tiempoTotalTEST_noEmpiezaPorElMenor_TestD0Ev called 1 returned 100% blocks executed 100%
function _ZN40tiempoTotalTEST_noEmpiezaPorElMenor_TestC1Ev called 1 returned 100% blocks executed 100%
function _ZN40tiempoTotalTEST_noEmpiezaPorElMenor_TestC2Ev called 1 returned 100% blocks executed 100%
function _ZN40tiempoTotalTEST_noEmpiezaPorElMenor_TestD2Ev called 1 returned 100% blocks executed 100%
        4:   24:TEST(tiempoTotalTEST, noEmpiezaPorElMenor){
        1:   24-block  0
branch  0 taken 1
branch  1 taken 0
        1:   24-block  1
branch  2 taken 1
branch  3 taken 0
        1:   24-block  2
branch  4 taken 1
branch  5 taken 0
        1:   24-block  3
branch  6 taken 1
branch  7 taken 0
        1:   24-block  4
branch  8 taken 1
branch  9 taken 0
        1:   24-block  5
    $$$$$:   24-block  6
    $$$$$:   24-block  7
    $$$$$:   24-block  8
    $$$$$:   24-block  9
    $$$$$:   24-block 10
    $$$$$:   24-block 11
        1:   24-block 12
        1:   24-block 13
        9:   25:    viaje v = {medicion(1.5, P),
        1:   26:               medicion(1.2, P),
        1:   27:               medicion(2.2, P),
        1:   28:               medicion(2.3, P),
        1:   29:               medicion(5.2, P),
        1:   30:               medicion(5.4, P),
        1:   31:               medicion(5.5, P),
        1:   32:               medicion(7.2, P),
        1:   33:               medicion(1.9, P)};
        1:   34:    EXPECT_DOUBLE_EQ(tiempoTotal(v),6.1);
        1:   34-block  0
branch  0 taken 1
branch  1 taken 0
        1:   34-block  1
branch  2 taken 1
branch  3 taken 0
        1:   34-block  2
branch  4 taken 1
branch  5 taken 0
        1:   34-block  3
branch  6 taken 1
branch  7 taken 0
        1:   34-block  4
branch  8 taken 1
branch  9 taken 0
    $$$$$:   34-block  5
    $$$$$:   34-block  6
        1:   34-block  7
branch 10 taken 1
branch 11 taken 0
        1:   34-block  8
branch 12 taken 1
branch 13 taken 0
        1:   34-block  9
branch 14 taken 1
branch 15 taken 0
        1:   34-block 10
branch 16 taken 0
branch 17 taken 1
        1:   34-block 11
    $$$$$:   34-block 12
    $$$$$:   34-block 13
    $$$$$:   34-block 14
        1:   35:}
    $$$$$:   35-block  0
    $$$$$:   35-block  1
    $$$$$:   35-block  2
        1:   35-block  3
    $$$$$:   35-block  4
    $$$$$:   35-block  5
        -:   36:
